2022-03-14 10:26:40,815 DEBUG    root            Loaded Command Group: ['gcloud', 'projects']
2022-03-14 10:26:40,842 DEBUG    root            Loaded Command Group: ['gcloud', 'projects', 'add_iam_policy_binding']
2022-03-14 10:26:40,846 DEBUG    root            Running [gcloud.projects.add-iam-policy-binding] with arguments: [--member: "serviceAccount:130114571864-compute@developer.gserviceaccount.com", --role: "roles/run.admin", PROJECT_ID: "transaction-detective22-1559"]
2022-03-14 10:26:40,861 DEBUG    google.auth.transport.requests Making request: GET http://metadata.google.internal/computeMetadata/v1/instance/service-accounts/130114571864-compute@developer.gserviceaccount.com/?recursive=true
2022-03-14 10:26:40,864 DEBUG    urllib3.connectionpool Starting new HTTP connection (1): metadata.google.internal:80
2022-03-14 10:26:40,866 DEBUG    urllib3.connectionpool http://metadata.google.internal:80 "GET /computeMetadata/v1/instance/service-accounts/130114571864-compute@developer.gserviceaccount.com/?recursive=true HTTP/1.1" 200 155
2022-03-14 10:26:40,867 DEBUG    google.auth.transport.requests Making request: GET http://metadata.google.internal/computeMetadata/v1/instance/service-accounts/130114571864-compute@developer.gserviceaccount.com/token
2022-03-14 10:26:40,869 DEBUG    urllib3.connectionpool http://metadata.google.internal:80 "GET /computeMetadata/v1/instance/service-accounts/130114571864-compute@developer.gserviceaccount.com/token HTTP/1.1" 200 267
2022-03-14 10:26:40,883 DEBUG    google.auth.transport.requests Making request: GET http://metadata.google.internal/computeMetadata/v1/instance/service-accounts/130114571864-compute@developer.gserviceaccount.com/?recursive=true
2022-03-14 10:26:40,885 DEBUG    urllib3.connectionpool Starting new HTTP connection (1): metadata.google.internal:80
2022-03-14 10:26:40,887 DEBUG    urllib3.connectionpool http://metadata.google.internal:80 "GET /computeMetadata/v1/instance/service-accounts/130114571864-compute@developer.gserviceaccount.com/?recursive=true HTTP/1.1" 200 155
2022-03-14 10:26:40,888 DEBUG    google.auth.transport.requests Making request: GET http://metadata.google.internal/computeMetadata/v1/instance/service-accounts/130114571864-compute@developer.gserviceaccount.com/token
2022-03-14 10:26:40,890 DEBUG    urllib3.connectionpool http://metadata.google.internal:80 "GET /computeMetadata/v1/instance/service-accounts/130114571864-compute@developer.gserviceaccount.com/token HTTP/1.1" 200 267
2022-03-14 10:26:40,897 DEBUG    urllib3.connectionpool Starting new HTTPS connection (1): cloudresourcemanager.googleapis.com:443
2022-03-14 10:26:41,042 DEBUG    urllib3.connectionpool https://cloudresourcemanager.googleapis.com:443 "POST /v1/projects/transaction-detective22-1559:getIamPolicy?alt=json HTTP/1.1" 200 None
2022-03-14 10:26:41,054 DEBUG    google.auth.transport.requests Making request: GET http://metadata.google.internal/computeMetadata/v1/instance/service-accounts/130114571864-compute@developer.gserviceaccount.com/?recursive=true
2022-03-14 10:26:41,056 DEBUG    urllib3.connectionpool Starting new HTTP connection (1): metadata.google.internal:80
2022-03-14 10:26:41,058 DEBUG    urllib3.connectionpool http://metadata.google.internal:80 "GET /computeMetadata/v1/instance/service-accounts/130114571864-compute@developer.gserviceaccount.com/?recursive=true HTTP/1.1" 200 155
2022-03-14 10:26:41,059 DEBUG    google.auth.transport.requests Making request: GET http://metadata.google.internal/computeMetadata/v1/instance/service-accounts/130114571864-compute@developer.gserviceaccount.com/token
2022-03-14 10:26:41,062 DEBUG    urllib3.connectionpool http://metadata.google.internal:80 "GET /computeMetadata/v1/instance/service-accounts/130114571864-compute@developer.gserviceaccount.com/token HTTP/1.1" 200 266
2022-03-14 10:26:41,070 DEBUG    google.auth.transport.requests Making request: GET http://metadata.google.internal/computeMetadata/v1/instance/service-accounts/130114571864-compute@developer.gserviceaccount.com/?recursive=true
2022-03-14 10:26:41,072 DEBUG    urllib3.connectionpool Starting new HTTP connection (1): metadata.google.internal:80
2022-03-14 10:26:41,074 DEBUG    urllib3.connectionpool http://metadata.google.internal:80 "GET /computeMetadata/v1/instance/service-accounts/130114571864-compute@developer.gserviceaccount.com/?recursive=true HTTP/1.1" 200 155
2022-03-14 10:26:41,074 DEBUG    google.auth.transport.requests Making request: GET http://metadata.google.internal/computeMetadata/v1/instance/service-accounts/130114571864-compute@developer.gserviceaccount.com/token
2022-03-14 10:26:41,077 DEBUG    urllib3.connectionpool http://metadata.google.internal:80 "GET /computeMetadata/v1/instance/service-accounts/130114571864-compute@developer.gserviceaccount.com/token HTTP/1.1" 200 266
2022-03-14 10:26:41,085 DEBUG    urllib3.connectionpool Starting new HTTPS connection (1): cloudresourcemanager.googleapis.com:443
2022-03-14 10:26:41,467 DEBUG    urllib3.connectionpool https://cloudresourcemanager.googleapis.com:443 "POST /v1/projects/transaction-detective22-1559:setIamPolicy?alt=json HTTP/1.1" 200 None
2022-03-14 10:26:41,471 INFO     ___FILE_ONLY___ Updated IAM policy for project [transaction-detective22-1559].

2022-03-14 10:26:41,472 INFO     root            Display format: "default"
2022-03-14 10:26:41,478 INFO     ___FILE_ONLY___ bindings
2022-03-14 10:26:41,478 INFO     ___FILE_ONLY___ :
2022-03-14 10:26:41,478 INFO     ___FILE_ONLY___ 

2022-03-14 10:26:41,478 INFO     ___FILE_ONLY___ -
2022-03-14 10:26:41,478 INFO     ___FILE_ONLY___  
2022-03-14 10:26:41,478 INFO     ___FILE_ONLY___ members
2022-03-14 10:26:41,478 INFO     ___FILE_ONLY___ :
2022-03-14 10:26:41,479 INFO     ___FILE_ONLY___ 

2022-03-14 10:26:41,479 INFO     ___FILE_ONLY___   
2022-03-14 10:26:41,479 INFO     ___FILE_ONLY___ -
2022-03-14 10:26:41,479 INFO     ___FILE_ONLY___  
2022-03-14 10:26:41,479 INFO     ___FILE_ONLY___ user:devstar1559@gcplab.me
2022-03-14 10:26:41,479 INFO     ___FILE_ONLY___ 

2022-03-14 10:26:41,479 INFO     ___FILE_ONLY___   
2022-03-14 10:26:41,479 INFO     ___FILE_ONLY___ role
2022-03-14 10:26:41,480 INFO     ___FILE_ONLY___ :
2022-03-14 10:26:41,480 INFO     ___FILE_ONLY___  
2022-03-14 10:26:41,480 INFO     ___FILE_ONLY___ roles/appengine.appAdmin
2022-03-14 10:26:41,480 INFO     ___FILE_ONLY___ 

2022-03-14 10:26:41,480 INFO     ___FILE_ONLY___ -
2022-03-14 10:26:41,481 INFO     ___FILE_ONLY___  
2022-03-14 10:26:41,481 INFO     ___FILE_ONLY___ members
2022-03-14 10:26:41,481 INFO     ___FILE_ONLY___ :
2022-03-14 10:26:41,481 INFO     ___FILE_ONLY___ 

2022-03-14 10:26:41,481 INFO     ___FILE_ONLY___   
2022-03-14 10:26:41,481 INFO     ___FILE_ONLY___ -
2022-03-14 10:26:41,481 INFO     ___FILE_ONLY___  
2022-03-14 10:26:41,481 INFO     ___FILE_ONLY___ user:devstar1559@gcplab.me
2022-03-14 10:26:41,482 INFO     ___FILE_ONLY___ 

2022-03-14 10:26:41,482 INFO     ___FILE_ONLY___   
2022-03-14 10:26:41,482 INFO     ___FILE_ONLY___ role
2022-03-14 10:26:41,482 INFO     ___FILE_ONLY___ :
2022-03-14 10:26:41,482 INFO     ___FILE_ONLY___  
2022-03-14 10:26:41,482 INFO     ___FILE_ONLY___ roles/bigquery.admin
2022-03-14 10:26:41,483 INFO     ___FILE_ONLY___ 

2022-03-14 10:26:41,483 INFO     ___FILE_ONLY___ -
2022-03-14 10:26:41,483 INFO     ___FILE_ONLY___  
2022-03-14 10:26:41,483 INFO     ___FILE_ONLY___ members
2022-03-14 10:26:41,483 INFO     ___FILE_ONLY___ :
2022-03-14 10:26:41,483 INFO     ___FILE_ONLY___ 

2022-03-14 10:26:41,484 INFO     ___FILE_ONLY___   
2022-03-14 10:26:41,484 INFO     ___FILE_ONLY___ -
2022-03-14 10:26:41,484 INFO     ___FILE_ONLY___  
2022-03-14 10:26:41,484 INFO     ___FILE_ONLY___ user:devstar1559@gcplab.me
2022-03-14 10:26:41,484 INFO     ___FILE_ONLY___ 

2022-03-14 10:26:41,484 INFO     ___FILE_ONLY___   
2022-03-14 10:26:41,485 INFO     ___FILE_ONLY___ role
2022-03-14 10:26:41,485 INFO     ___FILE_ONLY___ :
2022-03-14 10:26:41,485 INFO     ___FILE_ONLY___  
2022-03-14 10:26:41,485 INFO     ___FILE_ONLY___ roles/clouddebugger.user
2022-03-14 10:26:41,485 INFO     ___FILE_ONLY___ 

2022-03-14 10:26:41,485 INFO     ___FILE_ONLY___ -
2022-03-14 10:26:41,486 INFO     ___FILE_ONLY___  
2022-03-14 10:26:41,486 INFO     ___FILE_ONLY___ members
2022-03-14 10:26:41,486 INFO     ___FILE_ONLY___ :
2022-03-14 10:26:41,486 INFO     ___FILE_ONLY___ 

2022-03-14 10:26:41,486 INFO     ___FILE_ONLY___   
2022-03-14 10:26:41,486 INFO     ___FILE_ONLY___ -
2022-03-14 10:26:41,487 INFO     ___FILE_ONLY___  
2022-03-14 10:26:41,487 INFO     ___FILE_ONLY___ serviceAccount:service-130114571864@gcf-admin-robot.iam.gserviceaccount.com
2022-03-14 10:26:41,487 INFO     ___FILE_ONLY___ 

2022-03-14 10:26:41,487 INFO     ___FILE_ONLY___   
2022-03-14 10:26:41,487 INFO     ___FILE_ONLY___ role
2022-03-14 10:26:41,487 INFO     ___FILE_ONLY___ :
2022-03-14 10:26:41,488 INFO     ___FILE_ONLY___  
2022-03-14 10:26:41,488 INFO     ___FILE_ONLY___ roles/cloudfunctions.serviceAgent
2022-03-14 10:26:41,488 INFO     ___FILE_ONLY___ 

2022-03-14 10:26:41,488 INFO     ___FILE_ONLY___ -
2022-03-14 10:26:41,488 INFO     ___FILE_ONLY___  
2022-03-14 10:26:41,488 INFO     ___FILE_ONLY___ members
2022-03-14 10:26:41,489 INFO     ___FILE_ONLY___ :
2022-03-14 10:26:41,489 INFO     ___FILE_ONLY___ 

2022-03-14 10:26:41,489 INFO     ___FILE_ONLY___   
2022-03-14 10:26:41,489 INFO     ___FILE_ONLY___ -
2022-03-14 10:26:41,489 INFO     ___FILE_ONLY___  
2022-03-14 10:26:41,489 INFO     ___FILE_ONLY___ user:devstar1559@gcplab.me
2022-03-14 10:26:41,489 INFO     ___FILE_ONLY___ 

2022-03-14 10:26:41,490 INFO     ___FILE_ONLY___   
2022-03-14 10:26:41,490 INFO     ___FILE_ONLY___ role
2022-03-14 10:26:41,490 INFO     ___FILE_ONLY___ :
2022-03-14 10:26:41,490 INFO     ___FILE_ONLY___  
2022-03-14 10:26:41,490 INFO     ___FILE_ONLY___ roles/compute.instanceAdmin
2022-03-14 10:26:41,491 INFO     ___FILE_ONLY___ 

2022-03-14 10:26:41,491 INFO     ___FILE_ONLY___ -
2022-03-14 10:26:41,491 INFO     ___FILE_ONLY___  
2022-03-14 10:26:41,491 INFO     ___FILE_ONLY___ members
2022-03-14 10:26:41,491 INFO     ___FILE_ONLY___ :
2022-03-14 10:26:41,491 INFO     ___FILE_ONLY___ 

2022-03-14 10:26:41,491 INFO     ___FILE_ONLY___   
2022-03-14 10:26:41,492 INFO     ___FILE_ONLY___ -
2022-03-14 10:26:41,492 INFO     ___FILE_ONLY___  
2022-03-14 10:26:41,492 INFO     ___FILE_ONLY___ user:devstar1559@gcplab.me
2022-03-14 10:26:41,492 INFO     ___FILE_ONLY___ 

2022-03-14 10:26:41,492 INFO     ___FILE_ONLY___   
2022-03-14 10:26:41,492 INFO     ___FILE_ONLY___ role
2022-03-14 10:26:41,493 INFO     ___FILE_ONLY___ :
2022-03-14 10:26:41,493 INFO     ___FILE_ONLY___  
2022-03-14 10:26:41,493 INFO     ___FILE_ONLY___ roles/compute.networkAdmin
2022-03-14 10:26:41,493 INFO     ___FILE_ONLY___ 

2022-03-14 10:26:41,493 INFO     ___FILE_ONLY___ -
2022-03-14 10:26:41,493 INFO     ___FILE_ONLY___  
2022-03-14 10:26:41,493 INFO     ___FILE_ONLY___ members
2022-03-14 10:26:41,494 INFO     ___FILE_ONLY___ :
2022-03-14 10:26:41,494 INFO     ___FILE_ONLY___ 

2022-03-14 10:26:41,494 INFO     ___FILE_ONLY___   
2022-03-14 10:26:41,494 INFO     ___FILE_ONLY___ -
2022-03-14 10:26:41,494 INFO     ___FILE_ONLY___  
2022-03-14 10:26:41,494 INFO     ___FILE_ONLY___ user:devstar1559@gcplab.me
2022-03-14 10:26:41,495 INFO     ___FILE_ONLY___ 

2022-03-14 10:26:41,495 INFO     ___FILE_ONLY___   
2022-03-14 10:26:41,495 INFO     ___FILE_ONLY___ role
2022-03-14 10:26:41,495 INFO     ___FILE_ONLY___ :
2022-03-14 10:26:41,495 INFO     ___FILE_ONLY___  
2022-03-14 10:26:41,495 INFO     ___FILE_ONLY___ roles/compute.securityAdmin
2022-03-14 10:26:41,496 INFO     ___FILE_ONLY___ 

2022-03-14 10:26:41,496 INFO     ___FILE_ONLY___ -
2022-03-14 10:26:41,496 INFO     ___FILE_ONLY___  
2022-03-14 10:26:41,496 INFO     ___FILE_ONLY___ members
2022-03-14 10:26:41,496 INFO     ___FILE_ONLY___ :
2022-03-14 10:26:41,496 INFO     ___FILE_ONLY___ 

2022-03-14 10:26:41,497 INFO     ___FILE_ONLY___   
2022-03-14 10:26:41,497 INFO     ___FILE_ONLY___ -
2022-03-14 10:26:41,497 INFO     ___FILE_ONLY___  
2022-03-14 10:26:41,497 INFO     ___FILE_ONLY___ serviceAccount:service-130114571864@compute-system.iam.gserviceaccount.com
2022-03-14 10:26:41,497 INFO     ___FILE_ONLY___ 

2022-03-14 10:26:41,497 INFO     ___FILE_ONLY___   
2022-03-14 10:26:41,498 INFO     ___FILE_ONLY___ role
2022-03-14 10:26:41,498 INFO     ___FILE_ONLY___ :
2022-03-14 10:26:41,498 INFO     ___FILE_ONLY___  
2022-03-14 10:26:41,498 INFO     ___FILE_ONLY___ roles/compute.serviceAgent
2022-03-14 10:26:41,498 INFO     ___FILE_ONLY___ 

2022-03-14 10:26:41,499 INFO     ___FILE_ONLY___ -
2022-03-14 10:26:41,499 INFO     ___FILE_ONLY___  
2022-03-14 10:26:41,499 INFO     ___FILE_ONLY___ members
2022-03-14 10:26:41,499 INFO     ___FILE_ONLY___ :
2022-03-14 10:26:41,499 INFO     ___FILE_ONLY___ 

2022-03-14 10:26:41,499 INFO     ___FILE_ONLY___   
2022-03-14 10:26:41,500 INFO     ___FILE_ONLY___ -
2022-03-14 10:26:41,500 INFO     ___FILE_ONLY___  
2022-03-14 10:26:41,500 INFO     ___FILE_ONLY___ user:devstar1559@gcplab.me
2022-03-14 10:26:41,500 INFO     ___FILE_ONLY___ 

2022-03-14 10:26:41,500 INFO     ___FILE_ONLY___   
2022-03-14 10:26:41,500 INFO     ___FILE_ONLY___ role
2022-03-14 10:26:41,500 INFO     ___FILE_ONLY___ :
2022-03-14 10:26:41,501 INFO     ___FILE_ONLY___  
2022-03-14 10:26:41,501 INFO     ___FILE_ONLY___ roles/compute.storageAdmin
2022-03-14 10:26:41,501 INFO     ___FILE_ONLY___ 

2022-03-14 10:26:41,501 INFO     ___FILE_ONLY___ -
2022-03-14 10:26:41,501 INFO     ___FILE_ONLY___  
2022-03-14 10:26:41,501 INFO     ___FILE_ONLY___ members
2022-03-14 10:26:41,502 INFO     ___FILE_ONLY___ :
2022-03-14 10:26:41,502 INFO     ___FILE_ONLY___ 

2022-03-14 10:26:41,502 INFO     ___FILE_ONLY___   
2022-03-14 10:26:41,502 INFO     ___FILE_ONLY___ -
2022-03-14 10:26:41,502 INFO     ___FILE_ONLY___  
2022-03-14 10:26:41,502 INFO     ___FILE_ONLY___ user:devstar1559@gcplab.me
2022-03-14 10:26:41,502 INFO     ___FILE_ONLY___ 

2022-03-14 10:26:41,503 INFO     ___FILE_ONLY___   
2022-03-14 10:26:41,503 INFO     ___FILE_ONLY___ role
2022-03-14 10:26:41,503 INFO     ___FILE_ONLY___ :
2022-03-14 10:26:41,503 INFO     ___FILE_ONLY___  
2022-03-14 10:26:41,503 INFO     ___FILE_ONLY___ roles/container.admin
2022-03-14 10:26:41,503 INFO     ___FILE_ONLY___ 

2022-03-14 10:26:41,503 INFO     ___FILE_ONLY___ -
2022-03-14 10:26:41,504 INFO     ___FILE_ONLY___  
2022-03-14 10:26:41,504 INFO     ___FILE_ONLY___ members
2022-03-14 10:26:41,504 INFO     ___FILE_ONLY___ :
2022-03-14 10:26:41,504 INFO     ___FILE_ONLY___ 

2022-03-14 10:26:41,504 INFO     ___FILE_ONLY___   
2022-03-14 10:26:41,504 INFO     ___FILE_ONLY___ -
2022-03-14 10:26:41,504 INFO     ___FILE_ONLY___  
2022-03-14 10:26:41,505 INFO     ___FILE_ONLY___ serviceAccount:service-130114571864@containerregistry.iam.gserviceaccount.com
2022-03-14 10:26:41,505 INFO     ___FILE_ONLY___ 

2022-03-14 10:26:41,505 INFO     ___FILE_ONLY___   
2022-03-14 10:26:41,505 INFO     ___FILE_ONLY___ role
2022-03-14 10:26:41,505 INFO     ___FILE_ONLY___ :
2022-03-14 10:26:41,506 INFO     ___FILE_ONLY___  
2022-03-14 10:26:41,506 INFO     ___FILE_ONLY___ roles/containerregistry.ServiceAgent
2022-03-14 10:26:41,506 INFO     ___FILE_ONLY___ 

2022-03-14 10:26:41,506 INFO     ___FILE_ONLY___ -
2022-03-14 10:26:41,506 INFO     ___FILE_ONLY___  
2022-03-14 10:26:41,506 INFO     ___FILE_ONLY___ members
2022-03-14 10:26:41,506 INFO     ___FILE_ONLY___ :
2022-03-14 10:26:41,507 INFO     ___FILE_ONLY___ 

2022-03-14 10:26:41,507 INFO     ___FILE_ONLY___   
2022-03-14 10:26:41,507 INFO     ___FILE_ONLY___ -
2022-03-14 10:26:41,507 INFO     ___FILE_ONLY___  
2022-03-14 10:26:41,507 INFO     ___FILE_ONLY___ user:devstar1559@gcplab.me
2022-03-14 10:26:41,507 INFO     ___FILE_ONLY___ 

2022-03-14 10:26:41,508 INFO     ___FILE_ONLY___   
2022-03-14 10:26:41,508 INFO     ___FILE_ONLY___ role
2022-03-14 10:26:41,508 INFO     ___FILE_ONLY___ :
2022-03-14 10:26:41,508 INFO     ___FILE_ONLY___  
2022-03-14 10:26:41,508 INFO     ___FILE_ONLY___ roles/dataflow.developer
2022-03-14 10:26:41,508 INFO     ___FILE_ONLY___ 

2022-03-14 10:26:41,508 INFO     ___FILE_ONLY___ -
2022-03-14 10:26:41,509 INFO     ___FILE_ONLY___  
2022-03-14 10:26:41,509 INFO     ___FILE_ONLY___ members
2022-03-14 10:26:41,509 INFO     ___FILE_ONLY___ :
2022-03-14 10:26:41,509 INFO     ___FILE_ONLY___ 

2022-03-14 10:26:41,509 INFO     ___FILE_ONLY___   
2022-03-14 10:26:41,509 INFO     ___FILE_ONLY___ -
2022-03-14 10:26:41,510 INFO     ___FILE_ONLY___  
2022-03-14 10:26:41,510 INFO     ___FILE_ONLY___ serviceAccount:service-130114571864@dataflow-service-producer-prod.iam.gserviceaccount.com
2022-03-14 10:26:41,510 INFO     ___FILE_ONLY___ 

2022-03-14 10:26:41,510 INFO     ___FILE_ONLY___   
2022-03-14 10:26:41,510 INFO     ___FILE_ONLY___ role
2022-03-14 10:26:41,510 INFO     ___FILE_ONLY___ :
2022-03-14 10:26:41,510 INFO     ___FILE_ONLY___  
2022-03-14 10:26:41,510 INFO     ___FILE_ONLY___ roles/dataflow.serviceAgent
2022-03-14 10:26:41,511 INFO     ___FILE_ONLY___ 

2022-03-14 10:26:41,511 INFO     ___FILE_ONLY___ -
2022-03-14 10:26:41,511 INFO     ___FILE_ONLY___  
2022-03-14 10:26:41,511 INFO     ___FILE_ONLY___ members
2022-03-14 10:26:41,511 INFO     ___FILE_ONLY___ :
2022-03-14 10:26:41,511 INFO     ___FILE_ONLY___ 

2022-03-14 10:26:41,511 INFO     ___FILE_ONLY___   
2022-03-14 10:26:41,512 INFO     ___FILE_ONLY___ -
2022-03-14 10:26:41,512 INFO     ___FILE_ONLY___  
2022-03-14 10:26:41,512 INFO     ___FILE_ONLY___ user:devstar1559@gcplab.me
2022-03-14 10:26:41,512 INFO     ___FILE_ONLY___ 

2022-03-14 10:26:41,512 INFO     ___FILE_ONLY___   
2022-03-14 10:26:41,512 INFO     ___FILE_ONLY___ role
2022-03-14 10:26:41,513 INFO     ___FILE_ONLY___ :
2022-03-14 10:26:41,513 INFO     ___FILE_ONLY___  
2022-03-14 10:26:41,513 INFO     ___FILE_ONLY___ roles/dataflow.worker
2022-03-14 10:26:41,513 INFO     ___FILE_ONLY___ 

2022-03-14 10:26:41,513 INFO     ___FILE_ONLY___ -
2022-03-14 10:26:41,513 INFO     ___FILE_ONLY___  
2022-03-14 10:26:41,514 INFO     ___FILE_ONLY___ members
2022-03-14 10:26:41,514 INFO     ___FILE_ONLY___ :
2022-03-14 10:26:41,514 INFO     ___FILE_ONLY___ 

2022-03-14 10:26:41,514 INFO     ___FILE_ONLY___   
2022-03-14 10:26:41,514 INFO     ___FILE_ONLY___ -
2022-03-14 10:26:41,514 INFO     ___FILE_ONLY___  
2022-03-14 10:26:41,515 INFO     ___FILE_ONLY___ user:devstar1559@gcplab.me
2022-03-14 10:26:41,515 INFO     ___FILE_ONLY___ 

2022-03-14 10:26:41,515 INFO     ___FILE_ONLY___   
2022-03-14 10:26:41,515 INFO     ___FILE_ONLY___ role
2022-03-14 10:26:41,515 INFO     ___FILE_ONLY___ :
2022-03-14 10:26:41,515 INFO     ___FILE_ONLY___  
2022-03-14 10:26:41,515 INFO     ___FILE_ONLY___ roles/dataproc.editor
2022-03-14 10:26:41,515 INFO     ___FILE_ONLY___ 

2022-03-14 10:26:41,516 INFO     ___FILE_ONLY___ -
2022-03-14 10:26:41,516 INFO     ___FILE_ONLY___  
2022-03-14 10:26:41,516 INFO     ___FILE_ONLY___ members
2022-03-14 10:26:41,516 INFO     ___FILE_ONLY___ :
2022-03-14 10:26:41,516 INFO     ___FILE_ONLY___ 

2022-03-14 10:26:41,516 INFO     ___FILE_ONLY___   
2022-03-14 10:26:41,516 INFO     ___FILE_ONLY___ -
2022-03-14 10:26:41,516 INFO     ___FILE_ONLY___  
2022-03-14 10:26:41,516 INFO     ___FILE_ONLY___ user:devstar1559@gcplab.me
2022-03-14 10:26:41,516 INFO     ___FILE_ONLY___ 

2022-03-14 10:26:41,517 INFO     ___FILE_ONLY___   
2022-03-14 10:26:41,517 INFO     ___FILE_ONLY___ role
2022-03-14 10:26:41,517 INFO     ___FILE_ONLY___ :
2022-03-14 10:26:41,517 INFO     ___FILE_ONLY___  
2022-03-14 10:26:41,517 INFO     ___FILE_ONLY___ roles/datastore.owner
2022-03-14 10:26:41,517 INFO     ___FILE_ONLY___ 

2022-03-14 10:26:41,517 INFO     ___FILE_ONLY___ -
2022-03-14 10:26:41,517 INFO     ___FILE_ONLY___  
2022-03-14 10:26:41,518 INFO     ___FILE_ONLY___ members
2022-03-14 10:26:41,518 INFO     ___FILE_ONLY___ :
2022-03-14 10:26:41,518 INFO     ___FILE_ONLY___ 

2022-03-14 10:26:41,518 INFO     ___FILE_ONLY___   
2022-03-14 10:26:41,518 INFO     ___FILE_ONLY___ -
2022-03-14 10:26:41,518 INFO     ___FILE_ONLY___  
2022-03-14 10:26:41,518 INFO     ___FILE_ONLY___ user:devstar1559@gcplab.me
2022-03-14 10:26:41,518 INFO     ___FILE_ONLY___ 

2022-03-14 10:26:41,518 INFO     ___FILE_ONLY___   
2022-03-14 10:26:41,518 INFO     ___FILE_ONLY___ role
2022-03-14 10:26:41,519 INFO     ___FILE_ONLY___ :
2022-03-14 10:26:41,519 INFO     ___FILE_ONLY___  
2022-03-14 10:26:41,519 INFO     ___FILE_ONLY___ roles/deploymentmanager.editor
2022-03-14 10:26:41,519 INFO     ___FILE_ONLY___ 

2022-03-14 10:26:41,519 INFO     ___FILE_ONLY___ -
2022-03-14 10:26:41,519 INFO     ___FILE_ONLY___  
2022-03-14 10:26:41,519 INFO     ___FILE_ONLY___ members
2022-03-14 10:26:41,519 INFO     ___FILE_ONLY___ :
2022-03-14 10:26:41,520 INFO     ___FILE_ONLY___ 

2022-03-14 10:26:41,520 INFO     ___FILE_ONLY___   
2022-03-14 10:26:41,520 INFO     ___FILE_ONLY___ -
2022-03-14 10:26:41,520 INFO     ___FILE_ONLY___  
2022-03-14 10:26:41,520 INFO     ___FILE_ONLY___ serviceAccount:130114571864@cloudservices.gserviceaccount.com
2022-03-14 10:26:41,520 INFO     ___FILE_ONLY___ 

2022-03-14 10:26:41,520 INFO     ___FILE_ONLY___   
2022-03-14 10:26:41,520 INFO     ___FILE_ONLY___ -
2022-03-14 10:26:41,521 INFO     ___FILE_ONLY___  
2022-03-14 10:26:41,521 INFO     ___FILE_ONLY___ serviceAccount:transaction-detective22-1559@appspot.gserviceaccount.com
2022-03-14 10:26:41,521 INFO     ___FILE_ONLY___ 

2022-03-14 10:26:41,521 INFO     ___FILE_ONLY___   
2022-03-14 10:26:41,521 INFO     ___FILE_ONLY___ -
2022-03-14 10:26:41,522 INFO     ___FILE_ONLY___  
2022-03-14 10:26:41,522 INFO     ___FILE_ONLY___ user:devstar1559@gcplab.me
2022-03-14 10:26:41,522 INFO     ___FILE_ONLY___ 

2022-03-14 10:26:41,522 INFO     ___FILE_ONLY___   
2022-03-14 10:26:41,522 INFO     ___FILE_ONLY___ -
2022-03-14 10:26:41,522 INFO     ___FILE_ONLY___  
2022-03-14 10:26:41,522 INFO     ___FILE_ONLY___ user:marccohen@google.com
2022-03-14 10:26:41,522 INFO     ___FILE_ONLY___ 

2022-03-14 10:26:41,523 INFO     ___FILE_ONLY___   
2022-03-14 10:26:41,523 INFO     ___FILE_ONLY___ role
2022-03-14 10:26:41,523 INFO     ___FILE_ONLY___ :
2022-03-14 10:26:41,523 INFO     ___FILE_ONLY___  
2022-03-14 10:26:41,523 INFO     ___FILE_ONLY___ roles/editor
2022-03-14 10:26:41,523 INFO     ___FILE_ONLY___ 

2022-03-14 10:26:41,523 INFO     ___FILE_ONLY___ -
2022-03-14 10:26:41,524 INFO     ___FILE_ONLY___  
2022-03-14 10:26:41,524 INFO     ___FILE_ONLY___ members
2022-03-14 10:26:41,524 INFO     ___FILE_ONLY___ :
2022-03-14 10:26:41,524 INFO     ___FILE_ONLY___ 

2022-03-14 10:26:41,524 INFO     ___FILE_ONLY___   
2022-03-14 10:26:41,524 INFO     ___FILE_ONLY___ -
2022-03-14 10:26:41,524 INFO     ___FILE_ONLY___  
2022-03-14 10:26:41,525 INFO     ___FILE_ONLY___ user:devstar1559@gcplab.me
2022-03-14 10:26:41,525 INFO     ___FILE_ONLY___ 

2022-03-14 10:26:41,525 INFO     ___FILE_ONLY___   
2022-03-14 10:26:41,525 INFO     ___FILE_ONLY___ role
2022-03-14 10:26:41,525 INFO     ___FILE_ONLY___ :
2022-03-14 10:26:41,525 INFO     ___FILE_ONLY___  
2022-03-14 10:26:41,525 INFO     ___FILE_ONLY___ roles/iam.serviceAccountActor
2022-03-14 10:26:41,526 INFO     ___FILE_ONLY___ 

2022-03-14 10:26:41,526 INFO     ___FILE_ONLY___ -
2022-03-14 10:26:41,526 INFO     ___FILE_ONLY___  
2022-03-14 10:26:41,526 INFO     ___FILE_ONLY___ members
2022-03-14 10:26:41,526 INFO     ___FILE_ONLY___ :
2022-03-14 10:26:41,526 INFO     ___FILE_ONLY___ 

2022-03-14 10:26:41,526 INFO     ___FILE_ONLY___   
2022-03-14 10:26:41,526 INFO     ___FILE_ONLY___ -
2022-03-14 10:26:41,527 INFO     ___FILE_ONLY___  
2022-03-14 10:26:41,527 INFO     ___FILE_ONLY___ user:devstar1559@gcplab.me
2022-03-14 10:26:41,527 INFO     ___FILE_ONLY___ 

2022-03-14 10:26:41,527 INFO     ___FILE_ONLY___   
2022-03-14 10:26:41,527 INFO     ___FILE_ONLY___ role
2022-03-14 10:26:41,527 INFO     ___FILE_ONLY___ :
2022-03-14 10:26:41,527 INFO     ___FILE_ONLY___  
2022-03-14 10:26:41,528 INFO     ___FILE_ONLY___ roles/logging.configWriter
2022-03-14 10:26:41,528 INFO     ___FILE_ONLY___ 

2022-03-14 10:26:41,528 INFO     ___FILE_ONLY___ -
2022-03-14 10:26:41,528 INFO     ___FILE_ONLY___  
2022-03-14 10:26:41,528 INFO     ___FILE_ONLY___ members
2022-03-14 10:26:41,529 INFO     ___FILE_ONLY___ :
2022-03-14 10:26:41,529 INFO     ___FILE_ONLY___ 

2022-03-14 10:26:41,529 INFO     ___FILE_ONLY___   
2022-03-14 10:26:41,529 INFO     ___FILE_ONLY___ -
2022-03-14 10:26:41,529 INFO     ___FILE_ONLY___  
2022-03-14 10:26:41,529 INFO     ___FILE_ONLY___ user:devstar1559@gcplab.me
2022-03-14 10:26:41,530 INFO     ___FILE_ONLY___ 

2022-03-14 10:26:41,530 INFO     ___FILE_ONLY___   
2022-03-14 10:26:41,530 INFO     ___FILE_ONLY___ role
2022-03-14 10:26:41,530 INFO     ___FILE_ONLY___ :
2022-03-14 10:26:41,530 INFO     ___FILE_ONLY___  
2022-03-14 10:26:41,530 INFO     ___FILE_ONLY___ roles/logging.viewer
2022-03-14 10:26:41,531 INFO     ___FILE_ONLY___ 

2022-03-14 10:26:41,531 INFO     ___FILE_ONLY___ -
2022-03-14 10:26:41,531 INFO     ___FILE_ONLY___  
2022-03-14 10:26:41,531 INFO     ___FILE_ONLY___ members
2022-03-14 10:26:41,531 INFO     ___FILE_ONLY___ :
2022-03-14 10:26:41,531 INFO     ___FILE_ONLY___ 

2022-03-14 10:26:41,531 INFO     ___FILE_ONLY___   
2022-03-14 10:26:41,531 INFO     ___FILE_ONLY___ -
2022-03-14 10:26:41,532 INFO     ___FILE_ONLY___  
2022-03-14 10:26:41,532 INFO     ___FILE_ONLY___ serviceAccount:service-130114571864@gcp-sa-notebooks.iam.gserviceaccount.com
2022-03-14 10:26:41,532 INFO     ___FILE_ONLY___ 

2022-03-14 10:26:41,532 INFO     ___FILE_ONLY___   
2022-03-14 10:26:41,532 INFO     ___FILE_ONLY___ role
2022-03-14 10:26:41,532 INFO     ___FILE_ONLY___ :
2022-03-14 10:26:41,533 INFO     ___FILE_ONLY___  
2022-03-14 10:26:41,533 INFO     ___FILE_ONLY___ roles/notebooks.serviceAgent
2022-03-14 10:26:41,533 INFO     ___FILE_ONLY___ 

2022-03-14 10:26:41,533 INFO     ___FILE_ONLY___ -
2022-03-14 10:26:41,533 INFO     ___FILE_ONLY___  
2022-03-14 10:26:41,533 INFO     ___FILE_ONLY___ members
2022-03-14 10:26:41,534 INFO     ___FILE_ONLY___ :
2022-03-14 10:26:41,534 INFO     ___FILE_ONLY___ 

2022-03-14 10:26:41,534 INFO     ___FILE_ONLY___   
2022-03-14 10:26:41,534 INFO     ___FILE_ONLY___ -
2022-03-14 10:26:41,534 INFO     ___FILE_ONLY___  
2022-03-14 10:26:41,534 INFO     ___FILE_ONLY___ serviceAccount:130114571864-compute@developer.gserviceaccount.com
2022-03-14 10:26:41,534 INFO     ___FILE_ONLY___ 

2022-03-14 10:26:41,534 INFO     ___FILE_ONLY___   
2022-03-14 10:26:41,535 INFO     ___FILE_ONLY___ -
2022-03-14 10:26:41,535 INFO     ___FILE_ONLY___  
2022-03-14 10:26:41,535 INFO     ___FILE_ONLY___ user:devstar1559@gcplab.me
2022-03-14 10:26:41,535 INFO     ___FILE_ONLY___ 

2022-03-14 10:26:41,535 INFO     ___FILE_ONLY___   
2022-03-14 10:26:41,535 INFO     ___FILE_ONLY___ -
2022-03-14 10:26:41,535 INFO     ___FILE_ONLY___  
2022-03-14 10:26:41,536 INFO     ___FILE_ONLY___ user:projectsowner@gcplab.me
2022-03-14 10:26:41,536 INFO     ___FILE_ONLY___ 

2022-03-14 10:26:41,536 INFO     ___FILE_ONLY___   
2022-03-14 10:26:41,536 INFO     ___FILE_ONLY___ role
2022-03-14 10:26:41,536 INFO     ___FILE_ONLY___ :
2022-03-14 10:26:41,536 INFO     ___FILE_ONLY___  
2022-03-14 10:26:41,536 INFO     ___FILE_ONLY___ roles/owner
2022-03-14 10:26:41,537 INFO     ___FILE_ONLY___ 

2022-03-14 10:26:41,537 INFO     ___FILE_ONLY___ -
2022-03-14 10:26:41,537 INFO     ___FILE_ONLY___  
2022-03-14 10:26:41,537 INFO     ___FILE_ONLY___ members
2022-03-14 10:26:41,537 INFO     ___FILE_ONLY___ :
2022-03-14 10:26:41,537 INFO     ___FILE_ONLY___ 

2022-03-14 10:26:41,538 INFO     ___FILE_ONLY___   
2022-03-14 10:26:41,538 INFO     ___FILE_ONLY___ -
2022-03-14 10:26:41,538 INFO     ___FILE_ONLY___  
2022-03-14 10:26:41,538 INFO     ___FILE_ONLY___ user:devstar1559@gcplab.me
2022-03-14 10:26:41,538 INFO     ___FILE_ONLY___ 

2022-03-14 10:26:41,538 INFO     ___FILE_ONLY___   
2022-03-14 10:26:41,538 INFO     ___FILE_ONLY___ role
2022-03-14 10:26:41,538 INFO     ___FILE_ONLY___ :
2022-03-14 10:26:41,538 INFO     ___FILE_ONLY___  
2022-03-14 10:26:41,539 INFO     ___FILE_ONLY___ roles/pubsub.admin
2022-03-14 10:26:41,539 INFO     ___FILE_ONLY___ 

2022-03-14 10:26:41,539 INFO     ___FILE_ONLY___ -
2022-03-14 10:26:41,539 INFO     ___FILE_ONLY___  
2022-03-14 10:26:41,539 INFO     ___FILE_ONLY___ members
2022-03-14 10:26:41,539 INFO     ___FILE_ONLY___ :
2022-03-14 10:26:41,539 INFO     ___FILE_ONLY___ 

2022-03-14 10:26:41,540 INFO     ___FILE_ONLY___   
2022-03-14 10:26:41,540 INFO     ___FILE_ONLY___ -
2022-03-14 10:26:41,540 INFO     ___FILE_ONLY___  
2022-03-14 10:26:41,540 INFO     ___FILE_ONLY___ serviceAccount:service-130114571864@gcp-sa-pubsub.iam.gserviceaccount.com
2022-03-14 10:26:41,540 INFO     ___FILE_ONLY___ 

2022-03-14 10:26:41,540 INFO     ___FILE_ONLY___   
2022-03-14 10:26:41,540 INFO     ___FILE_ONLY___ role
2022-03-14 10:26:41,541 INFO     ___FILE_ONLY___ :
2022-03-14 10:26:41,541 INFO     ___FILE_ONLY___  
2022-03-14 10:26:41,541 INFO     ___FILE_ONLY___ roles/pubsub.serviceAgent
2022-03-14 10:26:41,541 INFO     ___FILE_ONLY___ 

2022-03-14 10:26:41,541 INFO     ___FILE_ONLY___ -
2022-03-14 10:26:41,541 INFO     ___FILE_ONLY___  
2022-03-14 10:26:41,542 INFO     ___FILE_ONLY___ members
2022-03-14 10:26:41,542 INFO     ___FILE_ONLY___ :
2022-03-14 10:26:41,542 INFO     ___FILE_ONLY___ 

2022-03-14 10:26:41,542 INFO     ___FILE_ONLY___   
2022-03-14 10:26:41,542 INFO     ___FILE_ONLY___ -
2022-03-14 10:26:41,542 INFO     ___FILE_ONLY___  
2022-03-14 10:26:41,542 INFO     ___FILE_ONLY___ serviceAccount:130114571864-compute@developer.gserviceaccount.com
2022-03-14 10:26:41,543 INFO     ___FILE_ONLY___ 

2022-03-14 10:26:41,543 INFO     ___FILE_ONLY___   
2022-03-14 10:26:41,543 INFO     ___FILE_ONLY___ role
2022-03-14 10:26:41,543 INFO     ___FILE_ONLY___ :
2022-03-14 10:26:41,543 INFO     ___FILE_ONLY___  
2022-03-14 10:26:41,543 INFO     ___FILE_ONLY___ roles/run.admin
2022-03-14 10:26:41,543 INFO     ___FILE_ONLY___ 

2022-03-14 10:26:41,544 INFO     ___FILE_ONLY___ -
2022-03-14 10:26:41,544 INFO     ___FILE_ONLY___  
2022-03-14 10:26:41,544 INFO     ___FILE_ONLY___ members
2022-03-14 10:26:41,544 INFO     ___FILE_ONLY___ :
2022-03-14 10:26:41,544 INFO     ___FILE_ONLY___ 

2022-03-14 10:26:41,544 INFO     ___FILE_ONLY___   
2022-03-14 10:26:41,544 INFO     ___FILE_ONLY___ -
2022-03-14 10:26:41,544 INFO     ___FILE_ONLY___  
2022-03-14 10:26:41,545 INFO     ___FILE_ONLY___ serviceAccount:service-130114571864@serverless-robot-prod.iam.gserviceaccount.com
2022-03-14 10:26:41,545 INFO     ___FILE_ONLY___ 

2022-03-14 10:26:41,545 INFO     ___FILE_ONLY___   
2022-03-14 10:26:41,545 INFO     ___FILE_ONLY___ role
2022-03-14 10:26:41,545 INFO     ___FILE_ONLY___ :
2022-03-14 10:26:41,546 INFO     ___FILE_ONLY___  
2022-03-14 10:26:41,546 INFO     ___FILE_ONLY___ roles/run.serviceAgent
2022-03-14 10:26:41,546 INFO     ___FILE_ONLY___ 

2022-03-14 10:26:41,546 INFO     ___FILE_ONLY___ -
2022-03-14 10:26:41,546 INFO     ___FILE_ONLY___  
2022-03-14 10:26:41,546 INFO     ___FILE_ONLY___ members
2022-03-14 10:26:41,546 INFO     ___FILE_ONLY___ :
2022-03-14 10:26:41,546 INFO     ___FILE_ONLY___ 

2022-03-14 10:26:41,546 INFO     ___FILE_ONLY___   
2022-03-14 10:26:41,547 INFO     ___FILE_ONLY___ -
2022-03-14 10:26:41,547 INFO     ___FILE_ONLY___  
2022-03-14 10:26:41,547 INFO     ___FILE_ONLY___ user:devstar1559@gcplab.me
2022-03-14 10:26:41,547 INFO     ___FILE_ONLY___ 

2022-03-14 10:26:41,547 INFO     ___FILE_ONLY___   
2022-03-14 10:26:41,547 INFO     ___FILE_ONLY___ role
2022-03-14 10:26:41,547 INFO     ___FILE_ONLY___ :
2022-03-14 10:26:41,547 INFO     ___FILE_ONLY___  
2022-03-14 10:26:41,547 INFO     ___FILE_ONLY___ roles/source.admin
2022-03-14 10:26:41,548 INFO     ___FILE_ONLY___ 

2022-03-14 10:26:41,548 INFO     ___FILE_ONLY___ -
2022-03-14 10:26:41,548 INFO     ___FILE_ONLY___  
2022-03-14 10:26:41,548 INFO     ___FILE_ONLY___ members
2022-03-14 10:26:41,548 INFO     ___FILE_ONLY___ :
2022-03-14 10:26:41,548 INFO     ___FILE_ONLY___ 

2022-03-14 10:26:41,548 INFO     ___FILE_ONLY___   
2022-03-14 10:26:41,548 INFO     ___FILE_ONLY___ -
2022-03-14 10:26:41,548 INFO     ___FILE_ONLY___  
2022-03-14 10:26:41,549 INFO     ___FILE_ONLY___ user:devstar1559@gcplab.me
2022-03-14 10:26:41,549 INFO     ___FILE_ONLY___ 

2022-03-14 10:26:41,549 INFO     ___FILE_ONLY___   
2022-03-14 10:26:41,549 INFO     ___FILE_ONLY___ role
2022-03-14 10:26:41,549 INFO     ___FILE_ONLY___ :
2022-03-14 10:26:41,549 INFO     ___FILE_ONLY___  
2022-03-14 10:26:41,549 INFO     ___FILE_ONLY___ roles/storage.admin
2022-03-14 10:26:41,549 INFO     ___FILE_ONLY___ 

2022-03-14 10:26:41,550 INFO     ___FILE_ONLY___ etag
2022-03-14 10:26:41,550 INFO     ___FILE_ONLY___ :
2022-03-14 10:26:41,550 INFO     ___FILE_ONLY___  
2022-03-14 10:26:41,550 INFO     ___FILE_ONLY___ BwXaKx3E2Cw=
2022-03-14 10:26:41,550 INFO     ___FILE_ONLY___ 

2022-03-14 10:26:41,550 INFO     ___FILE_ONLY___ version
2022-03-14 10:26:41,550 INFO     ___FILE_ONLY___ :
2022-03-14 10:26:41,550 INFO     ___FILE_ONLY___  
2022-03-14 10:26:41,551 INFO     ___FILE_ONLY___ 1
2022-03-14 10:26:41,551 INFO     ___FILE_ONLY___ 

2022-03-14 10:26:41,551 DEBUG    root            SDK update checks are disabled.
