2022-03-14 10:27:10,548 DEBUG    root            Loaded Command Group: ['gcloud', 'run']
2022-03-14 10:27:10,595 DEBUG    root            Loaded Command Group: ['gcloud', 'run', 'deploy']
2022-03-14 10:27:10,620 DEBUG    root            Running [gcloud.run.deploy] with arguments: [--allow-unauthenticated: "True", --image: "gcr.io/fraudfinderdemo/ff-datagen", --memory: "4G", --platform: "managed", --region: "us-central1", SERVICE: "ff-datagen"]
2022-03-14 10:27:10,636 DEBUG    google.auth.transport.requests Making request: GET http://metadata.google.internal/computeMetadata/v1/instance/service-accounts/130114571864-compute@developer.gserviceaccount.com/?recursive=true
2022-03-14 10:27:10,639 DEBUG    urllib3.connectionpool Starting new HTTP connection (1): metadata.google.internal:80
2022-03-14 10:27:10,641 DEBUG    urllib3.connectionpool http://metadata.google.internal:80 "GET /computeMetadata/v1/instance/service-accounts/130114571864-compute@developer.gserviceaccount.com/?recursive=true HTTP/1.1" 200 155
2022-03-14 10:27:10,642 DEBUG    google.auth.transport.requests Making request: GET http://metadata.google.internal/computeMetadata/v1/instance/service-accounts/130114571864-compute@developer.gserviceaccount.com/token
2022-03-14 10:27:10,645 DEBUG    urllib3.connectionpool http://metadata.google.internal:80 "GET /computeMetadata/v1/instance/service-accounts/130114571864-compute@developer.gserviceaccount.com/token HTTP/1.1" 200 267
2022-03-14 10:27:10,658 DEBUG    google.auth.transport.requests Making request: GET http://metadata.google.internal/computeMetadata/v1/instance/service-accounts/130114571864-compute@developer.gserviceaccount.com/?recursive=true
2022-03-14 10:27:10,660 DEBUG    urllib3.connectionpool Starting new HTTP connection (1): metadata.google.internal:80
2022-03-14 10:27:10,662 DEBUG    urllib3.connectionpool http://metadata.google.internal:80 "GET /computeMetadata/v1/instance/service-accounts/130114571864-compute@developer.gserviceaccount.com/?recursive=true HTTP/1.1" 200 155
2022-03-14 10:27:10,662 DEBUG    google.auth.transport.requests Making request: GET http://metadata.google.internal/computeMetadata/v1/instance/service-accounts/130114571864-compute@developer.gserviceaccount.com/token
2022-03-14 10:27:10,665 DEBUG    urllib3.connectionpool http://metadata.google.internal:80 "GET /computeMetadata/v1/instance/service-accounts/130114571864-compute@developer.gserviceaccount.com/token HTTP/1.1" 200 267
2022-03-14 10:27:10,692 DEBUG    google.auth.transport.requests Making request: GET http://metadata.google.internal/computeMetadata/v1/instance/service-accounts/130114571864-compute@developer.gserviceaccount.com/?recursive=true
2022-03-14 10:27:10,694 DEBUG    urllib3.connectionpool Starting new HTTP connection (1): metadata.google.internal:80
2022-03-14 10:27:10,696 DEBUG    urllib3.connectionpool http://metadata.google.internal:80 "GET /computeMetadata/v1/instance/service-accounts/130114571864-compute@developer.gserviceaccount.com/?recursive=true HTTP/1.1" 200 155
2022-03-14 10:27:10,697 DEBUG    google.auth.transport.requests Making request: GET http://metadata.google.internal/computeMetadata/v1/instance/service-accounts/130114571864-compute@developer.gserviceaccount.com/token
2022-03-14 10:27:10,700 DEBUG    urllib3.connectionpool http://metadata.google.internal:80 "GET /computeMetadata/v1/instance/service-accounts/130114571864-compute@developer.gserviceaccount.com/token HTTP/1.1" 200 267
2022-03-14 10:27:10,710 DEBUG    google.auth.transport.requests Making request: GET http://metadata.google.internal/computeMetadata/v1/instance/service-accounts/130114571864-compute@developer.gserviceaccount.com/?recursive=true
2022-03-14 10:27:10,712 DEBUG    urllib3.connectionpool Starting new HTTP connection (1): metadata.google.internal:80
2022-03-14 10:27:10,714 DEBUG    urllib3.connectionpool http://metadata.google.internal:80 "GET /computeMetadata/v1/instance/service-accounts/130114571864-compute@developer.gserviceaccount.com/?recursive=true HTTP/1.1" 200 155
2022-03-14 10:27:10,714 DEBUG    google.auth.transport.requests Making request: GET http://metadata.google.internal/computeMetadata/v1/instance/service-accounts/130114571864-compute@developer.gserviceaccount.com/token
2022-03-14 10:27:10,717 DEBUG    urllib3.connectionpool http://metadata.google.internal:80 "GET /computeMetadata/v1/instance/service-accounts/130114571864-compute@developer.gserviceaccount.com/token HTTP/1.1" 200 267
2022-03-14 10:27:10,727 DEBUG    urllib3.connectionpool Starting new HTTPS connection (1): us-central1-run.googleapis.com:443
2022-03-14 10:27:10,815 DEBUG    urllib3.connectionpool https://us-central1-run.googleapis.com:443 "GET /apis/serving.knative.dev/v1/namespaces/transaction-detective22-1559/services/ff-datagen?alt=json HTTP/1.1" 404 None
2022-03-14 10:27:10,818 INFO     ___FILE_ONLY___ Deploying container to Cloud Run service [[1mff-datagen[m] in project [[1mtransaction-detective22-1559[m] region [[1mus-central1[m]

2022-03-14 10:27:10,819 INFO     ___FILE_ONLY___ Deploying new service...
2022-03-14 10:27:11,150 DEBUG    urllib3.connectionpool https://us-central1-run.googleapis.com:443 "POST /apis/serving.knative.dev/v1/namespaces/transaction-detective22-1559/services?alt=json HTTP/1.1" 200 None
2022-03-14 10:27:11,161 DEBUG    urllib3.connectionpool Starting new HTTPS connection (1): run.googleapis.com:443
2022-03-14 10:27:11,307 DEBUG    urllib3.connectionpool https://run.googleapis.com:443 "GET /v1/projects/transaction-detective22-1559/locations/us-central1/services/ff-datagen:getIamPolicy?alt=json HTTP/1.1" 200 None
2022-03-14 10:27:11,454 DEBUG    urllib3.connectionpool https://run.googleapis.com:443 "POST /v1/projects/transaction-detective22-1559/locations/us-central1/services/ff-datagen:setIamPolicy?alt=json HTTP/1.1" 200 None
2022-03-14 10:27:11,516 DEBUG    urllib3.connectionpool https://us-central1-run.googleapis.com:443 "GET /apis/serving.knative.dev/v1/namespaces/transaction-detective22-1559/services/ff-datagen?alt=json HTTP/1.1" 200 None
2022-03-14 10:27:12,579 DEBUG    urllib3.connectionpool https://us-central1-run.googleapis.com:443 "GET /apis/serving.knative.dev/v1/namespaces/transaction-detective22-1559/services/ff-datagen?alt=json HTTP/1.1" 200 None
2022-03-14 10:27:13,657 DEBUG    urllib3.connectionpool https://us-central1-run.googleapis.com:443 "GET /apis/serving.knative.dev/v1/namespaces/transaction-detective22-1559/services/ff-datagen?alt=json HTTP/1.1" 200 None
2022-03-14 10:27:14,723 DEBUG    urllib3.connectionpool https://us-central1-run.googleapis.com:443 "GET /apis/serving.knative.dev/v1/namespaces/transaction-detective22-1559/services/ff-datagen?alt=json HTTP/1.1" 200 None
2022-03-14 10:27:15,792 DEBUG    urllib3.connectionpool https://us-central1-run.googleapis.com:443 "GET /apis/serving.knative.dev/v1/namespaces/transaction-detective22-1559/services/ff-datagen?alt=json HTTP/1.1" 200 None
2022-03-14 10:27:16,856 DEBUG    urllib3.connectionpool https://us-central1-run.googleapis.com:443 "GET /apis/serving.knative.dev/v1/namespaces/transaction-detective22-1559/services/ff-datagen?alt=json HTTP/1.1" 200 None
2022-03-14 10:27:17,934 DEBUG    urllib3.connectionpool https://us-central1-run.googleapis.com:443 "GET /apis/serving.knative.dev/v1/namespaces/transaction-detective22-1559/services/ff-datagen?alt=json HTTP/1.1" 200 None
2022-03-14 10:27:19,013 DEBUG    urllib3.connectionpool https://us-central1-run.googleapis.com:443 "GET /apis/serving.knative.dev/v1/namespaces/transaction-detective22-1559/services/ff-datagen?alt=json HTTP/1.1" 200 None
2022-03-14 10:27:20,059 DEBUG    urllib3.connectionpool https://us-central1-run.googleapis.com:443 "GET /apis/serving.knative.dev/v1/namespaces/transaction-detective22-1559/services/ff-datagen?alt=json HTTP/1.1" 200 None
2022-03-14 10:27:21,122 DEBUG    urllib3.connectionpool https://us-central1-run.googleapis.com:443 "GET /apis/serving.knative.dev/v1/namespaces/transaction-detective22-1559/services/ff-datagen?alt=json HTTP/1.1" 200 None
2022-03-14 10:27:22,164 DEBUG    urllib3.connectionpool https://us-central1-run.googleapis.com:443 "GET /apis/serving.knative.dev/v1/namespaces/transaction-detective22-1559/services/ff-datagen?alt=json HTTP/1.1" 200 None
2022-03-14 10:27:23,243 DEBUG    urllib3.connectionpool https://us-central1-run.googleapis.com:443 "GET /apis/serving.knative.dev/v1/namespaces/transaction-detective22-1559/services/ff-datagen?alt=json HTTP/1.1" 200 None
2022-03-14 10:27:24,274 DEBUG    urllib3.connectionpool https://us-central1-run.googleapis.com:443 "GET /apis/serving.knative.dev/v1/namespaces/transaction-detective22-1559/services/ff-datagen?alt=json HTTP/1.1" 200 None
2022-03-14 10:27:25,335 DEBUG    urllib3.connectionpool https://us-central1-run.googleapis.com:443 "GET /apis/serving.knative.dev/v1/namespaces/transaction-detective22-1559/services/ff-datagen?alt=json HTTP/1.1" 200 None
2022-03-14 10:27:26,411 DEBUG    urllib3.connectionpool https://us-central1-run.googleapis.com:443 "GET /apis/serving.knative.dev/v1/namespaces/transaction-detective22-1559/services/ff-datagen?alt=json HTTP/1.1" 200 None
2022-03-14 10:27:27,484 DEBUG    urllib3.connectionpool https://us-central1-run.googleapis.com:443 "GET /apis/serving.knative.dev/v1/namespaces/transaction-detective22-1559/services/ff-datagen?alt=json HTTP/1.1" 200 None
2022-03-14 10:27:28,543 DEBUG    urllib3.connectionpool https://us-central1-run.googleapis.com:443 "GET /apis/serving.knative.dev/v1/namespaces/transaction-detective22-1559/services/ff-datagen?alt=json HTTP/1.1" 200 None
2022-03-14 10:27:29,609 DEBUG    urllib3.connectionpool https://us-central1-run.googleapis.com:443 "GET /apis/serving.knative.dev/v1/namespaces/transaction-detective22-1559/services/ff-datagen?alt=json HTTP/1.1" 200 None
2022-03-14 10:27:30,651 DEBUG    urllib3.connectionpool https://us-central1-run.googleapis.com:443 "GET /apis/serving.knative.dev/v1/namespaces/transaction-detective22-1559/services/ff-datagen?alt=json HTTP/1.1" 200 None
2022-03-14 10:27:31,719 DEBUG    urllib3.connectionpool https://us-central1-run.googleapis.com:443 "GET /apis/serving.knative.dev/v1/namespaces/transaction-detective22-1559/services/ff-datagen?alt=json HTTP/1.1" 200 None
2022-03-14 10:27:32,756 DEBUG    urllib3.connectionpool https://us-central1-run.googleapis.com:443 "GET /apis/serving.knative.dev/v1/namespaces/transaction-detective22-1559/services/ff-datagen?alt=json HTTP/1.1" 200 None
2022-03-14 10:27:33,791 DEBUG    urllib3.connectionpool https://us-central1-run.googleapis.com:443 "GET /apis/serving.knative.dev/v1/namespaces/transaction-detective22-1559/services/ff-datagen?alt=json HTTP/1.1" 200 None
2022-03-14 10:27:34,832 DEBUG    urllib3.connectionpool https://us-central1-run.googleapis.com:443 "GET /apis/serving.knative.dev/v1/namespaces/transaction-detective22-1559/services/ff-datagen?alt=json HTTP/1.1" 200 None
2022-03-14 10:27:35,868 DEBUG    urllib3.connectionpool https://us-central1-run.googleapis.com:443 "GET /apis/serving.knative.dev/v1/namespaces/transaction-detective22-1559/services/ff-datagen?alt=json HTTP/1.1" 200 None
2022-03-14 10:27:36,941 DEBUG    urllib3.connectionpool https://us-central1-run.googleapis.com:443 "GET /apis/serving.knative.dev/v1/namespaces/transaction-detective22-1559/services/ff-datagen?alt=json HTTP/1.1" 200 None
2022-03-14 10:27:37,986 DEBUG    urllib3.connectionpool https://us-central1-run.googleapis.com:443 "GET /apis/serving.knative.dev/v1/namespaces/transaction-detective22-1559/services/ff-datagen?alt=json HTTP/1.1" 200 None
2022-03-14 10:27:39,018 DEBUG    urllib3.connectionpool https://us-central1-run.googleapis.com:443 "GET /apis/serving.knative.dev/v1/namespaces/transaction-detective22-1559/services/ff-datagen?alt=json HTTP/1.1" 200 None
2022-03-14 10:27:40,097 DEBUG    urllib3.connectionpool https://us-central1-run.googleapis.com:443 "GET /apis/serving.knative.dev/v1/namespaces/transaction-detective22-1559/services/ff-datagen?alt=json HTTP/1.1" 200 None
2022-03-14 10:27:41,166 DEBUG    urllib3.connectionpool https://us-central1-run.googleapis.com:443 "GET /apis/serving.knative.dev/v1/namespaces/transaction-detective22-1559/services/ff-datagen?alt=json HTTP/1.1" 200 None
2022-03-14 10:27:42,203 DEBUG    urllib3.connectionpool https://us-central1-run.googleapis.com:443 "GET /apis/serving.knative.dev/v1/namespaces/transaction-detective22-1559/services/ff-datagen?alt=json HTTP/1.1" 200 None
2022-03-14 10:27:43,267 DEBUG    urllib3.connectionpool https://us-central1-run.googleapis.com:443 "GET /apis/serving.knative.dev/v1/namespaces/transaction-detective22-1559/services/ff-datagen?alt=json HTTP/1.1" 200 None
2022-03-14 10:27:44,332 DEBUG    urllib3.connectionpool https://us-central1-run.googleapis.com:443 "GET /apis/serving.knative.dev/v1/namespaces/transaction-detective22-1559/services/ff-datagen?alt=json HTTP/1.1" 200 None
2022-03-14 10:27:45,409 DEBUG    urllib3.connectionpool https://us-central1-run.googleapis.com:443 "GET /apis/serving.knative.dev/v1/namespaces/transaction-detective22-1559/services/ff-datagen?alt=json HTTP/1.1" 200 None
2022-03-14 10:27:46,446 DEBUG    urllib3.connectionpool https://us-central1-run.googleapis.com:443 "GET /apis/serving.knative.dev/v1/namespaces/transaction-detective22-1559/services/ff-datagen?alt=json HTTP/1.1" 200 None
2022-03-14 10:27:47,509 DEBUG    urllib3.connectionpool https://us-central1-run.googleapis.com:443 "GET /apis/serving.knative.dev/v1/namespaces/transaction-detective22-1559/services/ff-datagen?alt=json HTTP/1.1" 200 None
2022-03-14 10:27:48,545 DEBUG    urllib3.connectionpool https://us-central1-run.googleapis.com:443 "GET /apis/serving.knative.dev/v1/namespaces/transaction-detective22-1559/services/ff-datagen?alt=json HTTP/1.1" 200 None
2022-03-14 10:27:49,577 DEBUG    urllib3.connectionpool https://us-central1-run.googleapis.com:443 "GET /apis/serving.knative.dev/v1/namespaces/transaction-detective22-1559/services/ff-datagen?alt=json HTTP/1.1" 200 None
2022-03-14 10:27:50,641 DEBUG    urllib3.connectionpool https://us-central1-run.googleapis.com:443 "GET /apis/serving.knative.dev/v1/namespaces/transaction-detective22-1559/services/ff-datagen?alt=json HTTP/1.1" 200 None
2022-03-14 10:27:51,711 DEBUG    urllib3.connectionpool https://us-central1-run.googleapis.com:443 "GET /apis/serving.knative.dev/v1/namespaces/transaction-detective22-1559/services/ff-datagen?alt=json HTTP/1.1" 200 None
2022-03-14 10:27:52,740 DEBUG    urllib3.connectionpool https://us-central1-run.googleapis.com:443 "GET /apis/serving.knative.dev/v1/namespaces/transaction-detective22-1559/services/ff-datagen?alt=json HTTP/1.1" 200 None
2022-03-14 10:27:53,770 DEBUG    urllib3.connectionpool https://us-central1-run.googleapis.com:443 "GET /apis/serving.knative.dev/v1/namespaces/transaction-detective22-1559/services/ff-datagen?alt=json HTTP/1.1" 200 None
2022-03-14 10:27:54,805 DEBUG    urllib3.connectionpool https://us-central1-run.googleapis.com:443 "GET /apis/serving.knative.dev/v1/namespaces/transaction-detective22-1559/services/ff-datagen?alt=json HTTP/1.1" 200 None
2022-03-14 10:27:55,835 DEBUG    urllib3.connectionpool https://us-central1-run.googleapis.com:443 "GET /apis/serving.knative.dev/v1/namespaces/transaction-detective22-1559/services/ff-datagen?alt=json HTTP/1.1" 200 None
2022-03-14 10:27:56,902 DEBUG    urllib3.connectionpool https://us-central1-run.googleapis.com:443 "GET /apis/serving.knative.dev/v1/namespaces/transaction-detective22-1559/services/ff-datagen?alt=json HTTP/1.1" 200 None
2022-03-14 10:27:57,945 DEBUG    urllib3.connectionpool https://us-central1-run.googleapis.com:443 "GET /apis/serving.knative.dev/v1/namespaces/transaction-detective22-1559/services/ff-datagen?alt=json HTTP/1.1" 200 None
2022-03-14 10:27:59,016 DEBUG    urllib3.connectionpool https://us-central1-run.googleapis.com:443 "GET /apis/serving.knative.dev/v1/namespaces/transaction-detective22-1559/services/ff-datagen?alt=json HTTP/1.1" 200 None
2022-03-14 10:28:00,104 DEBUG    urllib3.connectionpool https://us-central1-run.googleapis.com:443 "GET /apis/serving.knative.dev/v1/namespaces/transaction-detective22-1559/services/ff-datagen?alt=json HTTP/1.1" 200 None
2022-03-14 10:28:01,174 DEBUG    urllib3.connectionpool https://us-central1-run.googleapis.com:443 "GET /apis/serving.knative.dev/v1/namespaces/transaction-detective22-1559/services/ff-datagen?alt=json HTTP/1.1" 200 None
2022-03-14 10:28:02,249 DEBUG    urllib3.connectionpool https://us-central1-run.googleapis.com:443 "GET /apis/serving.knative.dev/v1/namespaces/transaction-detective22-1559/services/ff-datagen?alt=json HTTP/1.1" 200 None
2022-03-14 10:28:03,279 DEBUG    urllib3.connectionpool https://us-central1-run.googleapis.com:443 "GET /apis/serving.knative.dev/v1/namespaces/transaction-detective22-1559/services/ff-datagen?alt=json HTTP/1.1" 200 None
2022-03-14 10:28:04,346 DEBUG    urllib3.connectionpool https://us-central1-run.googleapis.com:443 "GET /apis/serving.knative.dev/v1/namespaces/transaction-detective22-1559/services/ff-datagen?alt=json HTTP/1.1" 200 None
2022-03-14 10:28:05,400 DEBUG    urllib3.connectionpool https://us-central1-run.googleapis.com:443 "GET /apis/serving.knative.dev/v1/namespaces/transaction-detective22-1559/services/ff-datagen?alt=json HTTP/1.1" 200 None
2022-03-14 10:28:06,448 DEBUG    urllib3.connectionpool https://us-central1-run.googleapis.com:443 "GET /apis/serving.knative.dev/v1/namespaces/transaction-detective22-1559/services/ff-datagen?alt=json HTTP/1.1" 200 None
2022-03-14 10:28:07,513 DEBUG    urllib3.connectionpool https://us-central1-run.googleapis.com:443 "GET /apis/serving.knative.dev/v1/namespaces/transaction-detective22-1559/services/ff-datagen?alt=json HTTP/1.1" 200 None
2022-03-14 10:28:08,555 DEBUG    urllib3.connectionpool https://us-central1-run.googleapis.com:443 "GET /apis/serving.knative.dev/v1/namespaces/transaction-detective22-1559/services/ff-datagen?alt=json HTTP/1.1" 200 None
2022-03-14 10:28:09,587 DEBUG    urllib3.connectionpool https://us-central1-run.googleapis.com:443 "GET /apis/serving.knative.dev/v1/namespaces/transaction-detective22-1559/services/ff-datagen?alt=json HTTP/1.1" 200 None
2022-03-14 10:28:10,642 DEBUG    urllib3.connectionpool https://us-central1-run.googleapis.com:443 "GET /apis/serving.knative.dev/v1/namespaces/transaction-detective22-1559/services/ff-datagen?alt=json HTTP/1.1" 200 None
2022-03-14 10:28:11,676 DEBUG    urllib3.connectionpool https://us-central1-run.googleapis.com:443 "GET /apis/serving.knative.dev/v1/namespaces/transaction-detective22-1559/services/ff-datagen?alt=json HTTP/1.1" 200 None
2022-03-14 10:28:12,712 DEBUG    urllib3.connectionpool https://us-central1-run.googleapis.com:443 "GET /apis/serving.knative.dev/v1/namespaces/transaction-detective22-1559/services/ff-datagen?alt=json HTTP/1.1" 200 None
2022-03-14 10:28:13,752 DEBUG    urllib3.connectionpool https://us-central1-run.googleapis.com:443 "GET /apis/serving.knative.dev/v1/namespaces/transaction-detective22-1559/services/ff-datagen?alt=json HTTP/1.1" 200 None
2022-03-14 10:28:14,823 DEBUG    urllib3.connectionpool https://us-central1-run.googleapis.com:443 "GET /apis/serving.knative.dev/v1/namespaces/transaction-detective22-1559/services/ff-datagen?alt=json HTTP/1.1" 200 None
2022-03-14 10:28:14,855 DEBUG    urllib3.connectionpool https://us-central1-run.googleapis.com:443 "GET /apis/serving.knative.dev/v1/namespaces/transaction-detective22-1559/services/ff-datagen?alt=json HTTP/1.1" 200 None
2022-03-14 10:28:14,892 DEBUG    urllib3.connectionpool https://us-central1-run.googleapis.com:443 "GET /apis/serving.knative.dev/v1/namespaces/transaction-detective22-1559/services/ff-datagen?alt=json HTTP/1.1" 200 None
2022-03-14 10:28:14,897 INFO     ___FILE_ONLY___ Service [[1mff-datagen[m] revision [[1mff-datagen-00001-hox[m] has been deployed and is serving [1m100[m percent of traffic.
Service URL: [1mhttps://ff-datagen-jmo4lejj5a-uc.a.run.app[m

2022-03-14 10:28:14,898 INFO     root            Display format: "none"
2022-03-14 10:28:14,902 DEBUG    root            SDK update checks are disabled.
