2022-03-14 10:26:42,342 DEBUG    root            Loaded Command Group: ['gcloud', 'projects']
2022-03-14 10:26:42,370 DEBUG    root            Loaded Command Group: ['gcloud', 'projects', 'add_iam_policy_binding']
2022-03-14 10:26:42,374 DEBUG    root            Running [gcloud.projects.add-iam-policy-binding] with arguments: [--member: "serviceAccount:130114571864-compute@developer.gserviceaccount.com", --role: "roles/storage.admin", PROJECT_ID: "transaction-detective22-1559"]
2022-03-14 10:26:42,390 DEBUG    google.auth.transport.requests Making request: GET http://metadata.google.internal/computeMetadata/v1/instance/service-accounts/130114571864-compute@developer.gserviceaccount.com/?recursive=true
2022-03-14 10:26:42,392 DEBUG    urllib3.connectionpool Starting new HTTP connection (1): metadata.google.internal:80
2022-03-14 10:26:42,395 DEBUG    urllib3.connectionpool http://metadata.google.internal:80 "GET /computeMetadata/v1/instance/service-accounts/130114571864-compute@developer.gserviceaccount.com/?recursive=true HTTP/1.1" 200 155
2022-03-14 10:26:42,396 DEBUG    google.auth.transport.requests Making request: GET http://metadata.google.internal/computeMetadata/v1/instance/service-accounts/130114571864-compute@developer.gserviceaccount.com/token
2022-03-14 10:26:42,399 DEBUG    urllib3.connectionpool http://metadata.google.internal:80 "GET /computeMetadata/v1/instance/service-accounts/130114571864-compute@developer.gserviceaccount.com/token HTTP/1.1" 200 266
2022-03-14 10:26:42,413 DEBUG    google.auth.transport.requests Making request: GET http://metadata.google.internal/computeMetadata/v1/instance/service-accounts/130114571864-compute@developer.gserviceaccount.com/?recursive=true
2022-03-14 10:26:42,415 DEBUG    urllib3.connectionpool Starting new HTTP connection (1): metadata.google.internal:80
2022-03-14 10:26:42,417 DEBUG    urllib3.connectionpool http://metadata.google.internal:80 "GET /computeMetadata/v1/instance/service-accounts/130114571864-compute@developer.gserviceaccount.com/?recursive=true HTTP/1.1" 200 155
2022-03-14 10:26:42,418 DEBUG    google.auth.transport.requests Making request: GET http://metadata.google.internal/computeMetadata/v1/instance/service-accounts/130114571864-compute@developer.gserviceaccount.com/token
2022-03-14 10:26:42,421 DEBUG    urllib3.connectionpool http://metadata.google.internal:80 "GET /computeMetadata/v1/instance/service-accounts/130114571864-compute@developer.gserviceaccount.com/token HTTP/1.1" 200 266
2022-03-14 10:26:42,427 DEBUG    urllib3.connectionpool Starting new HTTPS connection (1): cloudresourcemanager.googleapis.com:443
2022-03-14 10:26:42,541 DEBUG    urllib3.connectionpool https://cloudresourcemanager.googleapis.com:443 "POST /v1/projects/transaction-detective22-1559:getIamPolicy?alt=json HTTP/1.1" 200 None
2022-03-14 10:26:42,552 DEBUG    google.auth.transport.requests Making request: GET http://metadata.google.internal/computeMetadata/v1/instance/service-accounts/130114571864-compute@developer.gserviceaccount.com/?recursive=true
2022-03-14 10:26:42,554 DEBUG    urllib3.connectionpool Starting new HTTP connection (1): metadata.google.internal:80
2022-03-14 10:26:42,555 DEBUG    urllib3.connectionpool http://metadata.google.internal:80 "GET /computeMetadata/v1/instance/service-accounts/130114571864-compute@developer.gserviceaccount.com/?recursive=true HTTP/1.1" 200 155
2022-03-14 10:26:42,556 DEBUG    google.auth.transport.requests Making request: GET http://metadata.google.internal/computeMetadata/v1/instance/service-accounts/130114571864-compute@developer.gserviceaccount.com/token
2022-03-14 10:26:42,559 DEBUG    urllib3.connectionpool http://metadata.google.internal:80 "GET /computeMetadata/v1/instance/service-accounts/130114571864-compute@developer.gserviceaccount.com/token HTTP/1.1" 200 266
2022-03-14 10:26:42,566 DEBUG    google.auth.transport.requests Making request: GET http://metadata.google.internal/computeMetadata/v1/instance/service-accounts/130114571864-compute@developer.gserviceaccount.com/?recursive=true
2022-03-14 10:26:42,567 DEBUG    urllib3.connectionpool Starting new HTTP connection (1): metadata.google.internal:80
2022-03-14 10:26:42,569 DEBUG    urllib3.connectionpool http://metadata.google.internal:80 "GET /computeMetadata/v1/instance/service-accounts/130114571864-compute@developer.gserviceaccount.com/?recursive=true HTTP/1.1" 200 155
2022-03-14 10:26:42,569 DEBUG    google.auth.transport.requests Making request: GET http://metadata.google.internal/computeMetadata/v1/instance/service-accounts/130114571864-compute@developer.gserviceaccount.com/token
2022-03-14 10:26:42,572 DEBUG    urllib3.connectionpool http://metadata.google.internal:80 "GET /computeMetadata/v1/instance/service-accounts/130114571864-compute@developer.gserviceaccount.com/token HTTP/1.1" 200 266
2022-03-14 10:26:42,580 DEBUG    urllib3.connectionpool Starting new HTTPS connection (1): cloudresourcemanager.googleapis.com:443
2022-03-14 10:26:42,945 DEBUG    urllib3.connectionpool https://cloudresourcemanager.googleapis.com:443 "POST /v1/projects/transaction-detective22-1559:setIamPolicy?alt=json HTTP/1.1" 200 None
2022-03-14 10:26:42,949 INFO     ___FILE_ONLY___ Updated IAM policy for project [transaction-detective22-1559].

2022-03-14 10:26:42,950 INFO     root            Display format: "default"
2022-03-14 10:26:42,955 INFO     ___FILE_ONLY___ bindings
2022-03-14 10:26:42,956 INFO     ___FILE_ONLY___ :
2022-03-14 10:26:42,956 INFO     ___FILE_ONLY___ 

2022-03-14 10:26:42,956 INFO     ___FILE_ONLY___ -
2022-03-14 10:26:42,956 INFO     ___FILE_ONLY___  
2022-03-14 10:26:42,956 INFO     ___FILE_ONLY___ members
2022-03-14 10:26:42,956 INFO     ___FILE_ONLY___ :
2022-03-14 10:26:42,956 INFO     ___FILE_ONLY___ 

2022-03-14 10:26:42,957 INFO     ___FILE_ONLY___   
2022-03-14 10:26:42,957 INFO     ___FILE_ONLY___ -
2022-03-14 10:26:42,957 INFO     ___FILE_ONLY___  
2022-03-14 10:26:42,957 INFO     ___FILE_ONLY___ user:devstar1559@gcplab.me
2022-03-14 10:26:42,957 INFO     ___FILE_ONLY___ 

2022-03-14 10:26:42,958 INFO     ___FILE_ONLY___   
2022-03-14 10:26:42,958 INFO     ___FILE_ONLY___ role
2022-03-14 10:26:42,958 INFO     ___FILE_ONLY___ :
2022-03-14 10:26:42,958 INFO     ___FILE_ONLY___  
2022-03-14 10:26:42,958 INFO     ___FILE_ONLY___ roles/appengine.appAdmin
2022-03-14 10:26:42,958 INFO     ___FILE_ONLY___ 

2022-03-14 10:26:42,959 INFO     ___FILE_ONLY___ -
2022-03-14 10:26:42,959 INFO     ___FILE_ONLY___  
2022-03-14 10:26:42,959 INFO     ___FILE_ONLY___ members
2022-03-14 10:26:42,959 INFO     ___FILE_ONLY___ :
2022-03-14 10:26:42,959 INFO     ___FILE_ONLY___ 

2022-03-14 10:26:42,959 INFO     ___FILE_ONLY___   
2022-03-14 10:26:42,960 INFO     ___FILE_ONLY___ -
2022-03-14 10:26:42,960 INFO     ___FILE_ONLY___  
2022-03-14 10:26:42,960 INFO     ___FILE_ONLY___ user:devstar1559@gcplab.me
2022-03-14 10:26:42,960 INFO     ___FILE_ONLY___ 

2022-03-14 10:26:42,960 INFO     ___FILE_ONLY___   
2022-03-14 10:26:42,960 INFO     ___FILE_ONLY___ role
2022-03-14 10:26:42,960 INFO     ___FILE_ONLY___ :
2022-03-14 10:26:42,961 INFO     ___FILE_ONLY___  
2022-03-14 10:26:42,961 INFO     ___FILE_ONLY___ roles/bigquery.admin
2022-03-14 10:26:42,961 INFO     ___FILE_ONLY___ 

2022-03-14 10:26:42,961 INFO     ___FILE_ONLY___ -
2022-03-14 10:26:42,961 INFO     ___FILE_ONLY___  
2022-03-14 10:26:42,961 INFO     ___FILE_ONLY___ members
2022-03-14 10:26:42,961 INFO     ___FILE_ONLY___ :
2022-03-14 10:26:42,961 INFO     ___FILE_ONLY___ 

2022-03-14 10:26:42,962 INFO     ___FILE_ONLY___   
2022-03-14 10:26:42,962 INFO     ___FILE_ONLY___ -
2022-03-14 10:26:42,962 INFO     ___FILE_ONLY___  
2022-03-14 10:26:42,962 INFO     ___FILE_ONLY___ user:devstar1559@gcplab.me
2022-03-14 10:26:42,962 INFO     ___FILE_ONLY___ 

2022-03-14 10:26:42,962 INFO     ___FILE_ONLY___   
2022-03-14 10:26:42,962 INFO     ___FILE_ONLY___ role
2022-03-14 10:26:42,962 INFO     ___FILE_ONLY___ :
2022-03-14 10:26:42,963 INFO     ___FILE_ONLY___  
2022-03-14 10:26:42,963 INFO     ___FILE_ONLY___ roles/clouddebugger.user
2022-03-14 10:26:42,963 INFO     ___FILE_ONLY___ 

2022-03-14 10:26:42,963 INFO     ___FILE_ONLY___ -
2022-03-14 10:26:42,963 INFO     ___FILE_ONLY___  
2022-03-14 10:26:42,963 INFO     ___FILE_ONLY___ members
2022-03-14 10:26:42,963 INFO     ___FILE_ONLY___ :
2022-03-14 10:26:42,964 INFO     ___FILE_ONLY___ 

2022-03-14 10:26:42,964 INFO     ___FILE_ONLY___   
2022-03-14 10:26:42,964 INFO     ___FILE_ONLY___ -
2022-03-14 10:26:42,964 INFO     ___FILE_ONLY___  
2022-03-14 10:26:42,964 INFO     ___FILE_ONLY___ serviceAccount:service-130114571864@gcf-admin-robot.iam.gserviceaccount.com
2022-03-14 10:26:42,964 INFO     ___FILE_ONLY___ 

2022-03-14 10:26:42,964 INFO     ___FILE_ONLY___   
2022-03-14 10:26:42,965 INFO     ___FILE_ONLY___ role
2022-03-14 10:26:42,965 INFO     ___FILE_ONLY___ :
2022-03-14 10:26:42,965 INFO     ___FILE_ONLY___  
2022-03-14 10:26:42,965 INFO     ___FILE_ONLY___ roles/cloudfunctions.serviceAgent
2022-03-14 10:26:42,965 INFO     ___FILE_ONLY___ 

2022-03-14 10:26:42,965 INFO     ___FILE_ONLY___ -
2022-03-14 10:26:42,965 INFO     ___FILE_ONLY___  
2022-03-14 10:26:42,965 INFO     ___FILE_ONLY___ members
2022-03-14 10:26:42,966 INFO     ___FILE_ONLY___ :
2022-03-14 10:26:42,966 INFO     ___FILE_ONLY___ 

2022-03-14 10:26:42,966 INFO     ___FILE_ONLY___   
2022-03-14 10:26:42,966 INFO     ___FILE_ONLY___ -
2022-03-14 10:26:42,966 INFO     ___FILE_ONLY___  
2022-03-14 10:26:42,966 INFO     ___FILE_ONLY___ user:devstar1559@gcplab.me
2022-03-14 10:26:42,966 INFO     ___FILE_ONLY___ 

2022-03-14 10:26:42,966 INFO     ___FILE_ONLY___   
2022-03-14 10:26:42,966 INFO     ___FILE_ONLY___ role
2022-03-14 10:26:42,967 INFO     ___FILE_ONLY___ :
2022-03-14 10:26:42,967 INFO     ___FILE_ONLY___  
2022-03-14 10:26:42,967 INFO     ___FILE_ONLY___ roles/compute.instanceAdmin
2022-03-14 10:26:42,967 INFO     ___FILE_ONLY___ 

2022-03-14 10:26:42,967 INFO     ___FILE_ONLY___ -
2022-03-14 10:26:42,967 INFO     ___FILE_ONLY___  
2022-03-14 10:26:42,967 INFO     ___FILE_ONLY___ members
2022-03-14 10:26:42,967 INFO     ___FILE_ONLY___ :
2022-03-14 10:26:42,967 INFO     ___FILE_ONLY___ 

2022-03-14 10:26:42,968 INFO     ___FILE_ONLY___   
2022-03-14 10:26:42,968 INFO     ___FILE_ONLY___ -
2022-03-14 10:26:42,968 INFO     ___FILE_ONLY___  
2022-03-14 10:26:42,968 INFO     ___FILE_ONLY___ user:devstar1559@gcplab.me
2022-03-14 10:26:42,968 INFO     ___FILE_ONLY___ 

2022-03-14 10:26:42,968 INFO     ___FILE_ONLY___   
2022-03-14 10:26:42,968 INFO     ___FILE_ONLY___ role
2022-03-14 10:26:42,968 INFO     ___FILE_ONLY___ :
2022-03-14 10:26:42,968 INFO     ___FILE_ONLY___  
2022-03-14 10:26:42,969 INFO     ___FILE_ONLY___ roles/compute.networkAdmin
2022-03-14 10:26:42,969 INFO     ___FILE_ONLY___ 

2022-03-14 10:26:42,969 INFO     ___FILE_ONLY___ -
2022-03-14 10:26:42,969 INFO     ___FILE_ONLY___  
2022-03-14 10:26:42,969 INFO     ___FILE_ONLY___ members
2022-03-14 10:26:42,969 INFO     ___FILE_ONLY___ :
2022-03-14 10:26:42,969 INFO     ___FILE_ONLY___ 

2022-03-14 10:26:42,969 INFO     ___FILE_ONLY___   
2022-03-14 10:26:42,969 INFO     ___FILE_ONLY___ -
2022-03-14 10:26:42,970 INFO     ___FILE_ONLY___  
2022-03-14 10:26:42,970 INFO     ___FILE_ONLY___ user:devstar1559@gcplab.me
2022-03-14 10:26:42,970 INFO     ___FILE_ONLY___ 

2022-03-14 10:26:42,970 INFO     ___FILE_ONLY___   
2022-03-14 10:26:42,970 INFO     ___FILE_ONLY___ role
2022-03-14 10:26:42,970 INFO     ___FILE_ONLY___ :
2022-03-14 10:26:42,970 INFO     ___FILE_ONLY___  
2022-03-14 10:26:42,970 INFO     ___FILE_ONLY___ roles/compute.securityAdmin
2022-03-14 10:26:42,971 INFO     ___FILE_ONLY___ 

2022-03-14 10:26:42,971 INFO     ___FILE_ONLY___ -
2022-03-14 10:26:42,971 INFO     ___FILE_ONLY___  
2022-03-14 10:26:42,971 INFO     ___FILE_ONLY___ members
2022-03-14 10:26:42,971 INFO     ___FILE_ONLY___ :
2022-03-14 10:26:42,971 INFO     ___FILE_ONLY___ 

2022-03-14 10:26:42,972 INFO     ___FILE_ONLY___   
2022-03-14 10:26:42,972 INFO     ___FILE_ONLY___ -
2022-03-14 10:26:42,972 INFO     ___FILE_ONLY___  
2022-03-14 10:26:42,972 INFO     ___FILE_ONLY___ serviceAccount:service-130114571864@compute-system.iam.gserviceaccount.com
2022-03-14 10:26:42,972 INFO     ___FILE_ONLY___ 

2022-03-14 10:26:42,972 INFO     ___FILE_ONLY___   
2022-03-14 10:26:42,973 INFO     ___FILE_ONLY___ role
2022-03-14 10:26:42,973 INFO     ___FILE_ONLY___ :
2022-03-14 10:26:42,973 INFO     ___FILE_ONLY___  
2022-03-14 10:26:42,973 INFO     ___FILE_ONLY___ roles/compute.serviceAgent
2022-03-14 10:26:42,973 INFO     ___FILE_ONLY___ 

2022-03-14 10:26:42,973 INFO     ___FILE_ONLY___ -
2022-03-14 10:26:42,974 INFO     ___FILE_ONLY___  
2022-03-14 10:26:42,974 INFO     ___FILE_ONLY___ members
2022-03-14 10:26:42,974 INFO     ___FILE_ONLY___ :
2022-03-14 10:26:42,974 INFO     ___FILE_ONLY___ 

2022-03-14 10:26:42,974 INFO     ___FILE_ONLY___   
2022-03-14 10:26:42,974 INFO     ___FILE_ONLY___ -
2022-03-14 10:26:42,974 INFO     ___FILE_ONLY___  
2022-03-14 10:26:42,975 INFO     ___FILE_ONLY___ user:devstar1559@gcplab.me
2022-03-14 10:26:42,975 INFO     ___FILE_ONLY___ 

2022-03-14 10:26:42,975 INFO     ___FILE_ONLY___   
2022-03-14 10:26:42,975 INFO     ___FILE_ONLY___ role
2022-03-14 10:26:42,975 INFO     ___FILE_ONLY___ :
2022-03-14 10:26:42,975 INFO     ___FILE_ONLY___  
2022-03-14 10:26:42,975 INFO     ___FILE_ONLY___ roles/compute.storageAdmin
2022-03-14 10:26:42,976 INFO     ___FILE_ONLY___ 

2022-03-14 10:26:42,976 INFO     ___FILE_ONLY___ -
2022-03-14 10:26:42,976 INFO     ___FILE_ONLY___  
2022-03-14 10:26:42,976 INFO     ___FILE_ONLY___ members
2022-03-14 10:26:42,976 INFO     ___FILE_ONLY___ :
2022-03-14 10:26:42,976 INFO     ___FILE_ONLY___ 

2022-03-14 10:26:42,977 INFO     ___FILE_ONLY___   
2022-03-14 10:26:42,977 INFO     ___FILE_ONLY___ -
2022-03-14 10:26:42,977 INFO     ___FILE_ONLY___  
2022-03-14 10:26:42,977 INFO     ___FILE_ONLY___ user:devstar1559@gcplab.me
2022-03-14 10:26:42,977 INFO     ___FILE_ONLY___ 

2022-03-14 10:26:42,977 INFO     ___FILE_ONLY___   
2022-03-14 10:26:42,977 INFO     ___FILE_ONLY___ role
2022-03-14 10:26:42,978 INFO     ___FILE_ONLY___ :
2022-03-14 10:26:42,978 INFO     ___FILE_ONLY___  
2022-03-14 10:26:42,978 INFO     ___FILE_ONLY___ roles/container.admin
2022-03-14 10:26:42,978 INFO     ___FILE_ONLY___ 

2022-03-14 10:26:42,978 INFO     ___FILE_ONLY___ -
2022-03-14 10:26:42,978 INFO     ___FILE_ONLY___  
2022-03-14 10:26:42,979 INFO     ___FILE_ONLY___ members
2022-03-14 10:26:42,979 INFO     ___FILE_ONLY___ :
2022-03-14 10:26:42,979 INFO     ___FILE_ONLY___ 

2022-03-14 10:26:42,979 INFO     ___FILE_ONLY___   
2022-03-14 10:26:42,979 INFO     ___FILE_ONLY___ -
2022-03-14 10:26:42,979 INFO     ___FILE_ONLY___  
2022-03-14 10:26:42,980 INFO     ___FILE_ONLY___ serviceAccount:service-130114571864@containerregistry.iam.gserviceaccount.com
2022-03-14 10:26:42,980 INFO     ___FILE_ONLY___ 

2022-03-14 10:26:42,980 INFO     ___FILE_ONLY___   
2022-03-14 10:26:42,980 INFO     ___FILE_ONLY___ role
2022-03-14 10:26:42,980 INFO     ___FILE_ONLY___ :
2022-03-14 10:26:42,981 INFO     ___FILE_ONLY___  
2022-03-14 10:26:42,981 INFO     ___FILE_ONLY___ roles/containerregistry.ServiceAgent
2022-03-14 10:26:42,981 INFO     ___FILE_ONLY___ 

2022-03-14 10:26:42,981 INFO     ___FILE_ONLY___ -
2022-03-14 10:26:42,981 INFO     ___FILE_ONLY___  
2022-03-14 10:26:42,981 INFO     ___FILE_ONLY___ members
2022-03-14 10:26:42,981 INFO     ___FILE_ONLY___ :
2022-03-14 10:26:42,981 INFO     ___FILE_ONLY___ 

2022-03-14 10:26:42,982 INFO     ___FILE_ONLY___   
2022-03-14 10:26:42,982 INFO     ___FILE_ONLY___ -
2022-03-14 10:26:42,982 INFO     ___FILE_ONLY___  
2022-03-14 10:26:42,982 INFO     ___FILE_ONLY___ user:devstar1559@gcplab.me
2022-03-14 10:26:42,982 INFO     ___FILE_ONLY___ 

2022-03-14 10:26:42,982 INFO     ___FILE_ONLY___   
2022-03-14 10:26:42,982 INFO     ___FILE_ONLY___ role
2022-03-14 10:26:42,982 INFO     ___FILE_ONLY___ :
2022-03-14 10:26:42,982 INFO     ___FILE_ONLY___  
2022-03-14 10:26:42,983 INFO     ___FILE_ONLY___ roles/dataflow.developer
2022-03-14 10:26:42,983 INFO     ___FILE_ONLY___ 

2022-03-14 10:26:42,983 INFO     ___FILE_ONLY___ -
2022-03-14 10:26:42,983 INFO     ___FILE_ONLY___  
2022-03-14 10:26:42,983 INFO     ___FILE_ONLY___ members
2022-03-14 10:26:42,983 INFO     ___FILE_ONLY___ :
2022-03-14 10:26:42,983 INFO     ___FILE_ONLY___ 

2022-03-14 10:26:42,983 INFO     ___FILE_ONLY___   
2022-03-14 10:26:42,984 INFO     ___FILE_ONLY___ -
2022-03-14 10:26:42,984 INFO     ___FILE_ONLY___  
2022-03-14 10:26:42,984 INFO     ___FILE_ONLY___ serviceAccount:service-130114571864@dataflow-service-producer-prod.iam.gserviceaccount.com
2022-03-14 10:26:42,984 INFO     ___FILE_ONLY___ 

2022-03-14 10:26:42,984 INFO     ___FILE_ONLY___   
2022-03-14 10:26:42,984 INFO     ___FILE_ONLY___ role
2022-03-14 10:26:42,984 INFO     ___FILE_ONLY___ :
2022-03-14 10:26:42,984 INFO     ___FILE_ONLY___  
2022-03-14 10:26:42,984 INFO     ___FILE_ONLY___ roles/dataflow.serviceAgent
2022-03-14 10:26:42,985 INFO     ___FILE_ONLY___ 

2022-03-14 10:26:42,985 INFO     ___FILE_ONLY___ -
2022-03-14 10:26:42,985 INFO     ___FILE_ONLY___  
2022-03-14 10:26:42,985 INFO     ___FILE_ONLY___ members
2022-03-14 10:26:42,985 INFO     ___FILE_ONLY___ :
2022-03-14 10:26:42,985 INFO     ___FILE_ONLY___ 

2022-03-14 10:26:42,985 INFO     ___FILE_ONLY___   
2022-03-14 10:26:42,985 INFO     ___FILE_ONLY___ -
2022-03-14 10:26:42,985 INFO     ___FILE_ONLY___  
2022-03-14 10:26:42,986 INFO     ___FILE_ONLY___ user:devstar1559@gcplab.me
2022-03-14 10:26:42,986 INFO     ___FILE_ONLY___ 

2022-03-14 10:26:42,986 INFO     ___FILE_ONLY___   
2022-03-14 10:26:42,986 INFO     ___FILE_ONLY___ role
2022-03-14 10:26:42,986 INFO     ___FILE_ONLY___ :
2022-03-14 10:26:42,986 INFO     ___FILE_ONLY___  
2022-03-14 10:26:42,986 INFO     ___FILE_ONLY___ roles/dataflow.worker
2022-03-14 10:26:42,986 INFO     ___FILE_ONLY___ 

2022-03-14 10:26:42,987 INFO     ___FILE_ONLY___ -
2022-03-14 10:26:42,987 INFO     ___FILE_ONLY___  
2022-03-14 10:26:42,987 INFO     ___FILE_ONLY___ members
2022-03-14 10:26:42,987 INFO     ___FILE_ONLY___ :
2022-03-14 10:26:42,987 INFO     ___FILE_ONLY___ 

2022-03-14 10:26:42,987 INFO     ___FILE_ONLY___   
2022-03-14 10:26:42,988 INFO     ___FILE_ONLY___ -
2022-03-14 10:26:42,988 INFO     ___FILE_ONLY___  
2022-03-14 10:26:42,988 INFO     ___FILE_ONLY___ user:devstar1559@gcplab.me
2022-03-14 10:26:42,988 INFO     ___FILE_ONLY___ 

2022-03-14 10:26:42,988 INFO     ___FILE_ONLY___   
2022-03-14 10:26:42,988 INFO     ___FILE_ONLY___ role
2022-03-14 10:26:42,989 INFO     ___FILE_ONLY___ :
2022-03-14 10:26:42,989 INFO     ___FILE_ONLY___  
2022-03-14 10:26:42,989 INFO     ___FILE_ONLY___ roles/dataproc.editor
2022-03-14 10:26:42,989 INFO     ___FILE_ONLY___ 

2022-03-14 10:26:42,989 INFO     ___FILE_ONLY___ -
2022-03-14 10:26:42,989 INFO     ___FILE_ONLY___  
2022-03-14 10:26:42,989 INFO     ___FILE_ONLY___ members
2022-03-14 10:26:42,989 INFO     ___FILE_ONLY___ :
2022-03-14 10:26:42,989 INFO     ___FILE_ONLY___ 

2022-03-14 10:26:42,990 INFO     ___FILE_ONLY___   
2022-03-14 10:26:42,990 INFO     ___FILE_ONLY___ -
2022-03-14 10:26:42,990 INFO     ___FILE_ONLY___  
2022-03-14 10:26:42,990 INFO     ___FILE_ONLY___ user:devstar1559@gcplab.me
2022-03-14 10:26:42,990 INFO     ___FILE_ONLY___ 

2022-03-14 10:26:42,990 INFO     ___FILE_ONLY___   
2022-03-14 10:26:42,990 INFO     ___FILE_ONLY___ role
2022-03-14 10:26:42,990 INFO     ___FILE_ONLY___ :
2022-03-14 10:26:42,990 INFO     ___FILE_ONLY___  
2022-03-14 10:26:42,991 INFO     ___FILE_ONLY___ roles/datastore.owner
2022-03-14 10:26:42,991 INFO     ___FILE_ONLY___ 

2022-03-14 10:26:42,991 INFO     ___FILE_ONLY___ -
2022-03-14 10:26:42,991 INFO     ___FILE_ONLY___  
2022-03-14 10:26:42,991 INFO     ___FILE_ONLY___ members
2022-03-14 10:26:42,991 INFO     ___FILE_ONLY___ :
2022-03-14 10:26:42,991 INFO     ___FILE_ONLY___ 

2022-03-14 10:26:42,991 INFO     ___FILE_ONLY___   
2022-03-14 10:26:42,991 INFO     ___FILE_ONLY___ -
2022-03-14 10:26:42,992 INFO     ___FILE_ONLY___  
2022-03-14 10:26:42,992 INFO     ___FILE_ONLY___ user:devstar1559@gcplab.me
2022-03-14 10:26:42,992 INFO     ___FILE_ONLY___ 

2022-03-14 10:26:42,992 INFO     ___FILE_ONLY___   
2022-03-14 10:26:42,992 INFO     ___FILE_ONLY___ role
2022-03-14 10:26:42,992 INFO     ___FILE_ONLY___ :
2022-03-14 10:26:42,992 INFO     ___FILE_ONLY___  
2022-03-14 10:26:42,992 INFO     ___FILE_ONLY___ roles/deploymentmanager.editor
2022-03-14 10:26:42,993 INFO     ___FILE_ONLY___ 

2022-03-14 10:26:42,993 INFO     ___FILE_ONLY___ -
2022-03-14 10:26:42,993 INFO     ___FILE_ONLY___  
2022-03-14 10:26:42,993 INFO     ___FILE_ONLY___ members
2022-03-14 10:26:42,993 INFO     ___FILE_ONLY___ :
2022-03-14 10:26:42,993 INFO     ___FILE_ONLY___ 

2022-03-14 10:26:42,993 INFO     ___FILE_ONLY___   
2022-03-14 10:26:42,994 INFO     ___FILE_ONLY___ -
2022-03-14 10:26:42,994 INFO     ___FILE_ONLY___  
2022-03-14 10:26:42,994 INFO     ___FILE_ONLY___ serviceAccount:130114571864@cloudservices.gserviceaccount.com
2022-03-14 10:26:42,994 INFO     ___FILE_ONLY___ 

2022-03-14 10:26:42,994 INFO     ___FILE_ONLY___   
2022-03-14 10:26:42,994 INFO     ___FILE_ONLY___ -
2022-03-14 10:26:42,995 INFO     ___FILE_ONLY___  
2022-03-14 10:26:42,995 INFO     ___FILE_ONLY___ serviceAccount:transaction-detective22-1559@appspot.gserviceaccount.com
2022-03-14 10:26:42,995 INFO     ___FILE_ONLY___ 

2022-03-14 10:26:42,995 INFO     ___FILE_ONLY___   
2022-03-14 10:26:42,995 INFO     ___FILE_ONLY___ -
2022-03-14 10:26:42,995 INFO     ___FILE_ONLY___  
2022-03-14 10:26:42,995 INFO     ___FILE_ONLY___ user:devstar1559@gcplab.me
2022-03-14 10:26:42,996 INFO     ___FILE_ONLY___ 

2022-03-14 10:26:42,996 INFO     ___FILE_ONLY___   
2022-03-14 10:26:42,996 INFO     ___FILE_ONLY___ -
2022-03-14 10:26:42,996 INFO     ___FILE_ONLY___  
2022-03-14 10:26:42,996 INFO     ___FILE_ONLY___ user:marccohen@google.com
2022-03-14 10:26:42,996 INFO     ___FILE_ONLY___ 

2022-03-14 10:26:42,996 INFO     ___FILE_ONLY___   
2022-03-14 10:26:42,996 INFO     ___FILE_ONLY___ role
2022-03-14 10:26:42,996 INFO     ___FILE_ONLY___ :
2022-03-14 10:26:42,997 INFO     ___FILE_ONLY___  
2022-03-14 10:26:42,997 INFO     ___FILE_ONLY___ roles/editor
2022-03-14 10:26:42,997 INFO     ___FILE_ONLY___ 

2022-03-14 10:26:42,997 INFO     ___FILE_ONLY___ -
2022-03-14 10:26:42,997 INFO     ___FILE_ONLY___  
2022-03-14 10:26:42,997 INFO     ___FILE_ONLY___ members
2022-03-14 10:26:42,997 INFO     ___FILE_ONLY___ :
2022-03-14 10:26:42,997 INFO     ___FILE_ONLY___ 

2022-03-14 10:26:42,997 INFO     ___FILE_ONLY___   
2022-03-14 10:26:42,998 INFO     ___FILE_ONLY___ -
2022-03-14 10:26:42,998 INFO     ___FILE_ONLY___  
2022-03-14 10:26:42,998 INFO     ___FILE_ONLY___ user:devstar1559@gcplab.me
2022-03-14 10:26:42,998 INFO     ___FILE_ONLY___ 

2022-03-14 10:26:42,998 INFO     ___FILE_ONLY___   
2022-03-14 10:26:42,998 INFO     ___FILE_ONLY___ role
2022-03-14 10:26:42,998 INFO     ___FILE_ONLY___ :
2022-03-14 10:26:42,998 INFO     ___FILE_ONLY___  
2022-03-14 10:26:42,998 INFO     ___FILE_ONLY___ roles/iam.serviceAccountActor
2022-03-14 10:26:42,999 INFO     ___FILE_ONLY___ 

2022-03-14 10:26:42,999 INFO     ___FILE_ONLY___ -
2022-03-14 10:26:42,999 INFO     ___FILE_ONLY___  
2022-03-14 10:26:42,999 INFO     ___FILE_ONLY___ members
2022-03-14 10:26:42,999 INFO     ___FILE_ONLY___ :
2022-03-14 10:26:42,999 INFO     ___FILE_ONLY___ 

2022-03-14 10:26:42,999 INFO     ___FILE_ONLY___   
2022-03-14 10:26:42,999 INFO     ___FILE_ONLY___ -
2022-03-14 10:26:43,000 INFO     ___FILE_ONLY___  
2022-03-14 10:26:43,000 INFO     ___FILE_ONLY___ user:devstar1559@gcplab.me
2022-03-14 10:26:43,000 INFO     ___FILE_ONLY___ 

2022-03-14 10:26:43,000 INFO     ___FILE_ONLY___   
2022-03-14 10:26:43,000 INFO     ___FILE_ONLY___ role
2022-03-14 10:26:43,000 INFO     ___FILE_ONLY___ :
2022-03-14 10:26:43,000 INFO     ___FILE_ONLY___  
2022-03-14 10:26:43,000 INFO     ___FILE_ONLY___ roles/logging.configWriter
2022-03-14 10:26:43,000 INFO     ___FILE_ONLY___ 

2022-03-14 10:26:43,001 INFO     ___FILE_ONLY___ -
2022-03-14 10:26:43,001 INFO     ___FILE_ONLY___  
2022-03-14 10:26:43,001 INFO     ___FILE_ONLY___ members
2022-03-14 10:26:43,001 INFO     ___FILE_ONLY___ :
2022-03-14 10:26:43,001 INFO     ___FILE_ONLY___ 

2022-03-14 10:26:43,001 INFO     ___FILE_ONLY___   
2022-03-14 10:26:43,002 INFO     ___FILE_ONLY___ -
2022-03-14 10:26:43,002 INFO     ___FILE_ONLY___  
2022-03-14 10:26:43,002 INFO     ___FILE_ONLY___ user:devstar1559@gcplab.me
2022-03-14 10:26:43,002 INFO     ___FILE_ONLY___ 

2022-03-14 10:26:43,002 INFO     ___FILE_ONLY___   
2022-03-14 10:26:43,002 INFO     ___FILE_ONLY___ role
2022-03-14 10:26:43,003 INFO     ___FILE_ONLY___ :
2022-03-14 10:26:43,003 INFO     ___FILE_ONLY___  
2022-03-14 10:26:43,003 INFO     ___FILE_ONLY___ roles/logging.viewer
2022-03-14 10:26:43,003 INFO     ___FILE_ONLY___ 

2022-03-14 10:26:43,003 INFO     ___FILE_ONLY___ -
2022-03-14 10:26:43,003 INFO     ___FILE_ONLY___  
2022-03-14 10:26:43,004 INFO     ___FILE_ONLY___ members
2022-03-14 10:26:43,004 INFO     ___FILE_ONLY___ :
2022-03-14 10:26:43,004 INFO     ___FILE_ONLY___ 

2022-03-14 10:26:43,004 INFO     ___FILE_ONLY___   
2022-03-14 10:26:43,004 INFO     ___FILE_ONLY___ -
2022-03-14 10:26:43,004 INFO     ___FILE_ONLY___  
2022-03-14 10:26:43,004 INFO     ___FILE_ONLY___ serviceAccount:service-130114571864@gcp-sa-notebooks.iam.gserviceaccount.com
2022-03-14 10:26:43,005 INFO     ___FILE_ONLY___ 

2022-03-14 10:26:43,005 INFO     ___FILE_ONLY___   
2022-03-14 10:26:43,005 INFO     ___FILE_ONLY___ role
2022-03-14 10:26:43,005 INFO     ___FILE_ONLY___ :
2022-03-14 10:26:43,005 INFO     ___FILE_ONLY___  
2022-03-14 10:26:43,005 INFO     ___FILE_ONLY___ roles/notebooks.serviceAgent
2022-03-14 10:26:43,005 INFO     ___FILE_ONLY___ 

2022-03-14 10:26:43,006 INFO     ___FILE_ONLY___ -
2022-03-14 10:26:43,006 INFO     ___FILE_ONLY___  
2022-03-14 10:26:43,006 INFO     ___FILE_ONLY___ members
2022-03-14 10:26:43,006 INFO     ___FILE_ONLY___ :
2022-03-14 10:26:43,006 INFO     ___FILE_ONLY___ 

2022-03-14 10:26:43,006 INFO     ___FILE_ONLY___   
2022-03-14 10:26:43,006 INFO     ___FILE_ONLY___ -
2022-03-14 10:26:43,007 INFO     ___FILE_ONLY___  
2022-03-14 10:26:43,007 INFO     ___FILE_ONLY___ serviceAccount:130114571864-compute@developer.gserviceaccount.com
2022-03-14 10:26:43,007 INFO     ___FILE_ONLY___ 

2022-03-14 10:26:43,007 INFO     ___FILE_ONLY___   
2022-03-14 10:26:43,007 INFO     ___FILE_ONLY___ -
2022-03-14 10:26:43,007 INFO     ___FILE_ONLY___  
2022-03-14 10:26:43,007 INFO     ___FILE_ONLY___ user:devstar1559@gcplab.me
2022-03-14 10:26:43,008 INFO     ___FILE_ONLY___ 

2022-03-14 10:26:43,008 INFO     ___FILE_ONLY___   
2022-03-14 10:26:43,008 INFO     ___FILE_ONLY___ -
2022-03-14 10:26:43,008 INFO     ___FILE_ONLY___  
2022-03-14 10:26:43,008 INFO     ___FILE_ONLY___ user:projectsowner@gcplab.me
2022-03-14 10:26:43,008 INFO     ___FILE_ONLY___ 

2022-03-14 10:26:43,008 INFO     ___FILE_ONLY___   
2022-03-14 10:26:43,009 INFO     ___FILE_ONLY___ role
2022-03-14 10:26:43,009 INFO     ___FILE_ONLY___ :
2022-03-14 10:26:43,009 INFO     ___FILE_ONLY___  
2022-03-14 10:26:43,009 INFO     ___FILE_ONLY___ roles/owner
2022-03-14 10:26:43,009 INFO     ___FILE_ONLY___ 

2022-03-14 10:26:43,010 INFO     ___FILE_ONLY___ -
2022-03-14 10:26:43,010 INFO     ___FILE_ONLY___  
2022-03-14 10:26:43,010 INFO     ___FILE_ONLY___ members
2022-03-14 10:26:43,010 INFO     ___FILE_ONLY___ :
2022-03-14 10:26:43,010 INFO     ___FILE_ONLY___ 

2022-03-14 10:26:43,010 INFO     ___FILE_ONLY___   
2022-03-14 10:26:43,010 INFO     ___FILE_ONLY___ -
2022-03-14 10:26:43,010 INFO     ___FILE_ONLY___  
2022-03-14 10:26:43,010 INFO     ___FILE_ONLY___ user:devstar1559@gcplab.me
2022-03-14 10:26:43,011 INFO     ___FILE_ONLY___ 

2022-03-14 10:26:43,011 INFO     ___FILE_ONLY___   
2022-03-14 10:26:43,011 INFO     ___FILE_ONLY___ role
2022-03-14 10:26:43,011 INFO     ___FILE_ONLY___ :
2022-03-14 10:26:43,011 INFO     ___FILE_ONLY___  
2022-03-14 10:26:43,011 INFO     ___FILE_ONLY___ roles/pubsub.admin
2022-03-14 10:26:43,012 INFO     ___FILE_ONLY___ 

2022-03-14 10:26:43,012 INFO     ___FILE_ONLY___ -
2022-03-14 10:26:43,012 INFO     ___FILE_ONLY___  
2022-03-14 10:26:43,012 INFO     ___FILE_ONLY___ members
2022-03-14 10:26:43,012 INFO     ___FILE_ONLY___ :
2022-03-14 10:26:43,012 INFO     ___FILE_ONLY___ 

2022-03-14 10:26:43,012 INFO     ___FILE_ONLY___   
2022-03-14 10:26:43,013 INFO     ___FILE_ONLY___ -
2022-03-14 10:26:43,013 INFO     ___FILE_ONLY___  
2022-03-14 10:26:43,013 INFO     ___FILE_ONLY___ serviceAccount:service-130114571864@gcp-sa-pubsub.iam.gserviceaccount.com
2022-03-14 10:26:43,013 INFO     ___FILE_ONLY___ 

2022-03-14 10:26:43,013 INFO     ___FILE_ONLY___   
2022-03-14 10:26:43,013 INFO     ___FILE_ONLY___ role
2022-03-14 10:26:43,014 INFO     ___FILE_ONLY___ :
2022-03-14 10:26:43,014 INFO     ___FILE_ONLY___  
2022-03-14 10:26:43,014 INFO     ___FILE_ONLY___ roles/pubsub.serviceAgent
2022-03-14 10:26:43,014 INFO     ___FILE_ONLY___ 

2022-03-14 10:26:43,014 INFO     ___FILE_ONLY___ -
2022-03-14 10:26:43,014 INFO     ___FILE_ONLY___  
2022-03-14 10:26:43,015 INFO     ___FILE_ONLY___ members
2022-03-14 10:26:43,015 INFO     ___FILE_ONLY___ :
2022-03-14 10:26:43,015 INFO     ___FILE_ONLY___ 

2022-03-14 10:26:43,015 INFO     ___FILE_ONLY___   
2022-03-14 10:26:43,015 INFO     ___FILE_ONLY___ -
2022-03-14 10:26:43,015 INFO     ___FILE_ONLY___  
2022-03-14 10:26:43,016 INFO     ___FILE_ONLY___ serviceAccount:130114571864-compute@developer.gserviceaccount.com
2022-03-14 10:26:43,016 INFO     ___FILE_ONLY___ 

2022-03-14 10:26:43,016 INFO     ___FILE_ONLY___   
2022-03-14 10:26:43,016 INFO     ___FILE_ONLY___ role
2022-03-14 10:26:43,016 INFO     ___FILE_ONLY___ :
2022-03-14 10:26:43,017 INFO     ___FILE_ONLY___  
2022-03-14 10:26:43,017 INFO     ___FILE_ONLY___ roles/run.admin
2022-03-14 10:26:43,017 INFO     ___FILE_ONLY___ 

2022-03-14 10:26:43,017 INFO     ___FILE_ONLY___ -
2022-03-14 10:26:43,017 INFO     ___FILE_ONLY___  
2022-03-14 10:26:43,017 INFO     ___FILE_ONLY___ members
2022-03-14 10:26:43,018 INFO     ___FILE_ONLY___ :
2022-03-14 10:26:43,018 INFO     ___FILE_ONLY___ 

2022-03-14 10:26:43,018 INFO     ___FILE_ONLY___   
2022-03-14 10:26:43,018 INFO     ___FILE_ONLY___ -
2022-03-14 10:26:43,018 INFO     ___FILE_ONLY___  
2022-03-14 10:26:43,018 INFO     ___FILE_ONLY___ serviceAccount:service-130114571864@serverless-robot-prod.iam.gserviceaccount.com
2022-03-14 10:26:43,019 INFO     ___FILE_ONLY___ 

2022-03-14 10:26:43,019 INFO     ___FILE_ONLY___   
2022-03-14 10:26:43,019 INFO     ___FILE_ONLY___ role
2022-03-14 10:26:43,019 INFO     ___FILE_ONLY___ :
2022-03-14 10:26:43,019 INFO     ___FILE_ONLY___  
2022-03-14 10:26:43,020 INFO     ___FILE_ONLY___ roles/run.serviceAgent
2022-03-14 10:26:43,020 INFO     ___FILE_ONLY___ 

2022-03-14 10:26:43,020 INFO     ___FILE_ONLY___ -
2022-03-14 10:26:43,020 INFO     ___FILE_ONLY___  
2022-03-14 10:26:43,020 INFO     ___FILE_ONLY___ members
2022-03-14 10:26:43,020 INFO     ___FILE_ONLY___ :
2022-03-14 10:26:43,021 INFO     ___FILE_ONLY___ 

2022-03-14 10:26:43,021 INFO     ___FILE_ONLY___   
2022-03-14 10:26:43,021 INFO     ___FILE_ONLY___ -
2022-03-14 10:26:43,021 INFO     ___FILE_ONLY___  
2022-03-14 10:26:43,021 INFO     ___FILE_ONLY___ user:devstar1559@gcplab.me
2022-03-14 10:26:43,021 INFO     ___FILE_ONLY___ 

2022-03-14 10:26:43,021 INFO     ___FILE_ONLY___   
2022-03-14 10:26:43,022 INFO     ___FILE_ONLY___ role
2022-03-14 10:26:43,022 INFO     ___FILE_ONLY___ :
2022-03-14 10:26:43,022 INFO     ___FILE_ONLY___  
2022-03-14 10:26:43,022 INFO     ___FILE_ONLY___ roles/source.admin
2022-03-14 10:26:43,022 INFO     ___FILE_ONLY___ 

2022-03-14 10:26:43,022 INFO     ___FILE_ONLY___ -
2022-03-14 10:26:43,023 INFO     ___FILE_ONLY___  
2022-03-14 10:26:43,023 INFO     ___FILE_ONLY___ members
2022-03-14 10:26:43,023 INFO     ___FILE_ONLY___ :
2022-03-14 10:26:43,023 INFO     ___FILE_ONLY___ 

2022-03-14 10:26:43,023 INFO     ___FILE_ONLY___   
2022-03-14 10:26:43,023 INFO     ___FILE_ONLY___ -
2022-03-14 10:26:43,024 INFO     ___FILE_ONLY___  
2022-03-14 10:26:43,024 INFO     ___FILE_ONLY___ serviceAccount:130114571864-compute@developer.gserviceaccount.com
2022-03-14 10:26:43,024 INFO     ___FILE_ONLY___ 

2022-03-14 10:26:43,024 INFO     ___FILE_ONLY___   
2022-03-14 10:26:43,024 INFO     ___FILE_ONLY___ -
2022-03-14 10:26:43,024 INFO     ___FILE_ONLY___  
2022-03-14 10:26:43,025 INFO     ___FILE_ONLY___ user:devstar1559@gcplab.me
2022-03-14 10:26:43,025 INFO     ___FILE_ONLY___ 

2022-03-14 10:26:43,025 INFO     ___FILE_ONLY___   
2022-03-14 10:26:43,025 INFO     ___FILE_ONLY___ role
2022-03-14 10:26:43,025 INFO     ___FILE_ONLY___ :
2022-03-14 10:26:43,025 INFO     ___FILE_ONLY___  
2022-03-14 10:26:43,025 INFO     ___FILE_ONLY___ roles/storage.admin
2022-03-14 10:26:43,026 INFO     ___FILE_ONLY___ 

2022-03-14 10:26:43,026 INFO     ___FILE_ONLY___ etag
2022-03-14 10:26:43,026 INFO     ___FILE_ONLY___ :
2022-03-14 10:26:43,026 INFO     ___FILE_ONLY___  
2022-03-14 10:26:43,026 INFO     ___FILE_ONLY___ BwXaKx3bjlM=
2022-03-14 10:26:43,027 INFO     ___FILE_ONLY___ 

2022-03-14 10:26:43,027 INFO     ___FILE_ONLY___ version
2022-03-14 10:26:43,027 INFO     ___FILE_ONLY___ :
2022-03-14 10:26:43,027 INFO     ___FILE_ONLY___  
2022-03-14 10:26:43,027 INFO     ___FILE_ONLY___ 1
2022-03-14 10:26:43,027 INFO     ___FILE_ONLY___ 

2022-03-14 10:26:43,028 DEBUG    root            SDK update checks are disabled.
