2022-03-14 10:26:43,808 DEBUG    root            Loaded Command Group: ['gcloud', 'projects']
2022-03-14 10:26:43,835 DEBUG    root            Loaded Command Group: ['gcloud', 'projects', 'add_iam_policy_binding']
2022-03-14 10:26:43,839 DEBUG    root            Running [gcloud.projects.add-iam-policy-binding] with arguments: [--member: "serviceAccount:130114571864-compute@developer.gserviceaccount.com", --role: "roles/artifactregistry.admin", PROJECT_ID: "transaction-detective22-1559"]
2022-03-14 10:26:43,853 DEBUG    google.auth.transport.requests Making request: GET http://metadata.google.internal/computeMetadata/v1/instance/service-accounts/130114571864-compute@developer.gserviceaccount.com/?recursive=true
2022-03-14 10:26:43,856 DEBUG    urllib3.connectionpool Starting new HTTP connection (1): metadata.google.internal:80
2022-03-14 10:26:43,857 DEBUG    urllib3.connectionpool http://metadata.google.internal:80 "GET /computeMetadata/v1/instance/service-accounts/130114571864-compute@developer.gserviceaccount.com/?recursive=true HTTP/1.1" 200 155
2022-03-14 10:26:43,858 DEBUG    google.auth.transport.requests Making request: GET http://metadata.google.internal/computeMetadata/v1/instance/service-accounts/130114571864-compute@developer.gserviceaccount.com/token
2022-03-14 10:26:43,861 DEBUG    urllib3.connectionpool http://metadata.google.internal:80 "GET /computeMetadata/v1/instance/service-accounts/130114571864-compute@developer.gserviceaccount.com/token HTTP/1.1" 200 266
2022-03-14 10:26:43,873 DEBUG    google.auth.transport.requests Making request: GET http://metadata.google.internal/computeMetadata/v1/instance/service-accounts/130114571864-compute@developer.gserviceaccount.com/?recursive=true
2022-03-14 10:26:43,875 DEBUG    urllib3.connectionpool Starting new HTTP connection (1): metadata.google.internal:80
2022-03-14 10:26:43,877 DEBUG    urllib3.connectionpool http://metadata.google.internal:80 "GET /computeMetadata/v1/instance/service-accounts/130114571864-compute@developer.gserviceaccount.com/?recursive=true HTTP/1.1" 200 155
2022-03-14 10:26:43,877 DEBUG    google.auth.transport.requests Making request: GET http://metadata.google.internal/computeMetadata/v1/instance/service-accounts/130114571864-compute@developer.gserviceaccount.com/token
2022-03-14 10:26:43,880 DEBUG    urllib3.connectionpool http://metadata.google.internal:80 "GET /computeMetadata/v1/instance/service-accounts/130114571864-compute@developer.gserviceaccount.com/token HTTP/1.1" 200 266
2022-03-14 10:26:43,887 DEBUG    urllib3.connectionpool Starting new HTTPS connection (1): cloudresourcemanager.googleapis.com:443
2022-03-14 10:26:44,046 DEBUG    urllib3.connectionpool https://cloudresourcemanager.googleapis.com:443 "POST /v1/projects/transaction-detective22-1559:getIamPolicy?alt=json HTTP/1.1" 200 None
2022-03-14 10:26:44,057 DEBUG    google.auth.transport.requests Making request: GET http://metadata.google.internal/computeMetadata/v1/instance/service-accounts/130114571864-compute@developer.gserviceaccount.com/?recursive=true
2022-03-14 10:26:44,059 DEBUG    urllib3.connectionpool Starting new HTTP connection (1): metadata.google.internal:80
2022-03-14 10:26:44,061 DEBUG    urllib3.connectionpool http://metadata.google.internal:80 "GET /computeMetadata/v1/instance/service-accounts/130114571864-compute@developer.gserviceaccount.com/?recursive=true HTTP/1.1" 200 155
2022-03-14 10:26:44,062 DEBUG    google.auth.transport.requests Making request: GET http://metadata.google.internal/computeMetadata/v1/instance/service-accounts/130114571864-compute@developer.gserviceaccount.com/token
2022-03-14 10:26:44,065 DEBUG    urllib3.connectionpool http://metadata.google.internal:80 "GET /computeMetadata/v1/instance/service-accounts/130114571864-compute@developer.gserviceaccount.com/token HTTP/1.1" 200 267
2022-03-14 10:26:44,072 DEBUG    google.auth.transport.requests Making request: GET http://metadata.google.internal/computeMetadata/v1/instance/service-accounts/130114571864-compute@developer.gserviceaccount.com/?recursive=true
2022-03-14 10:26:44,074 DEBUG    urllib3.connectionpool Starting new HTTP connection (1): metadata.google.internal:80
2022-03-14 10:26:44,076 DEBUG    urllib3.connectionpool http://metadata.google.internal:80 "GET /computeMetadata/v1/instance/service-accounts/130114571864-compute@developer.gserviceaccount.com/?recursive=true HTTP/1.1" 200 155
2022-03-14 10:26:44,076 DEBUG    google.auth.transport.requests Making request: GET http://metadata.google.internal/computeMetadata/v1/instance/service-accounts/130114571864-compute@developer.gserviceaccount.com/token
2022-03-14 10:26:44,079 DEBUG    urllib3.connectionpool http://metadata.google.internal:80 "GET /computeMetadata/v1/instance/service-accounts/130114571864-compute@developer.gserviceaccount.com/token HTTP/1.1" 200 267
2022-03-14 10:26:44,087 DEBUG    urllib3.connectionpool Starting new HTTPS connection (1): cloudresourcemanager.googleapis.com:443
2022-03-14 10:26:44,464 DEBUG    urllib3.connectionpool https://cloudresourcemanager.googleapis.com:443 "POST /v1/projects/transaction-detective22-1559:setIamPolicy?alt=json HTTP/1.1" 200 None
2022-03-14 10:26:44,468 INFO     ___FILE_ONLY___ Updated IAM policy for project [transaction-detective22-1559].

2022-03-14 10:26:44,469 INFO     root            Display format: "default"
2022-03-14 10:26:44,474 INFO     ___FILE_ONLY___ bindings
2022-03-14 10:26:44,475 INFO     ___FILE_ONLY___ :
2022-03-14 10:26:44,475 INFO     ___FILE_ONLY___ 

2022-03-14 10:26:44,475 INFO     ___FILE_ONLY___ -
2022-03-14 10:26:44,475 INFO     ___FILE_ONLY___  
2022-03-14 10:26:44,475 INFO     ___FILE_ONLY___ members
2022-03-14 10:26:44,475 INFO     ___FILE_ONLY___ :
2022-03-14 10:26:44,476 INFO     ___FILE_ONLY___ 

2022-03-14 10:26:44,476 INFO     ___FILE_ONLY___   
2022-03-14 10:26:44,476 INFO     ___FILE_ONLY___ -
2022-03-14 10:26:44,476 INFO     ___FILE_ONLY___  
2022-03-14 10:26:44,476 INFO     ___FILE_ONLY___ user:devstar1559@gcplab.me
2022-03-14 10:26:44,476 INFO     ___FILE_ONLY___ 

2022-03-14 10:26:44,477 INFO     ___FILE_ONLY___   
2022-03-14 10:26:44,477 INFO     ___FILE_ONLY___ role
2022-03-14 10:26:44,477 INFO     ___FILE_ONLY___ :
2022-03-14 10:26:44,477 INFO     ___FILE_ONLY___  
2022-03-14 10:26:44,477 INFO     ___FILE_ONLY___ roles/appengine.appAdmin
2022-03-14 10:26:44,478 INFO     ___FILE_ONLY___ 

2022-03-14 10:26:44,478 INFO     ___FILE_ONLY___ -
2022-03-14 10:26:44,478 INFO     ___FILE_ONLY___  
2022-03-14 10:26:44,478 INFO     ___FILE_ONLY___ members
2022-03-14 10:26:44,478 INFO     ___FILE_ONLY___ :
2022-03-14 10:26:44,479 INFO     ___FILE_ONLY___ 

2022-03-14 10:26:44,479 INFO     ___FILE_ONLY___   
2022-03-14 10:26:44,479 INFO     ___FILE_ONLY___ -
2022-03-14 10:26:44,479 INFO     ___FILE_ONLY___  
2022-03-14 10:26:44,479 INFO     ___FILE_ONLY___ serviceAccount:130114571864-compute@developer.gserviceaccount.com
2022-03-14 10:26:44,479 INFO     ___FILE_ONLY___ 

2022-03-14 10:26:44,479 INFO     ___FILE_ONLY___   
2022-03-14 10:26:44,480 INFO     ___FILE_ONLY___ role
2022-03-14 10:26:44,480 INFO     ___FILE_ONLY___ :
2022-03-14 10:26:44,480 INFO     ___FILE_ONLY___  
2022-03-14 10:26:44,480 INFO     ___FILE_ONLY___ roles/artifactregistry.admin
2022-03-14 10:26:44,480 INFO     ___FILE_ONLY___ 

2022-03-14 10:26:44,480 INFO     ___FILE_ONLY___ -
2022-03-14 10:26:44,481 INFO     ___FILE_ONLY___  
2022-03-14 10:26:44,481 INFO     ___FILE_ONLY___ members
2022-03-14 10:26:44,481 INFO     ___FILE_ONLY___ :
2022-03-14 10:26:44,481 INFO     ___FILE_ONLY___ 

2022-03-14 10:26:44,481 INFO     ___FILE_ONLY___   
2022-03-14 10:26:44,481 INFO     ___FILE_ONLY___ -
2022-03-14 10:26:44,481 INFO     ___FILE_ONLY___  
2022-03-14 10:26:44,482 INFO     ___FILE_ONLY___ user:devstar1559@gcplab.me
2022-03-14 10:26:44,482 INFO     ___FILE_ONLY___ 

2022-03-14 10:26:44,482 INFO     ___FILE_ONLY___   
2022-03-14 10:26:44,482 INFO     ___FILE_ONLY___ role
2022-03-14 10:26:44,482 INFO     ___FILE_ONLY___ :
2022-03-14 10:26:44,482 INFO     ___FILE_ONLY___  
2022-03-14 10:26:44,482 INFO     ___FILE_ONLY___ roles/bigquery.admin
2022-03-14 10:26:44,483 INFO     ___FILE_ONLY___ 

2022-03-14 10:26:44,483 INFO     ___FILE_ONLY___ -
2022-03-14 10:26:44,483 INFO     ___FILE_ONLY___  
2022-03-14 10:26:44,483 INFO     ___FILE_ONLY___ members
2022-03-14 10:26:44,483 INFO     ___FILE_ONLY___ :
2022-03-14 10:26:44,483 INFO     ___FILE_ONLY___ 

2022-03-14 10:26:44,483 INFO     ___FILE_ONLY___   
2022-03-14 10:26:44,484 INFO     ___FILE_ONLY___ -
2022-03-14 10:26:44,484 INFO     ___FILE_ONLY___  
2022-03-14 10:26:44,484 INFO     ___FILE_ONLY___ user:devstar1559@gcplab.me
2022-03-14 10:26:44,484 INFO     ___FILE_ONLY___ 

2022-03-14 10:26:44,484 INFO     ___FILE_ONLY___   
2022-03-14 10:26:44,485 INFO     ___FILE_ONLY___ role
2022-03-14 10:26:44,485 INFO     ___FILE_ONLY___ :
2022-03-14 10:26:44,485 INFO     ___FILE_ONLY___  
2022-03-14 10:26:44,485 INFO     ___FILE_ONLY___ roles/clouddebugger.user
2022-03-14 10:26:44,485 INFO     ___FILE_ONLY___ 

2022-03-14 10:26:44,485 INFO     ___FILE_ONLY___ -
2022-03-14 10:26:44,485 INFO     ___FILE_ONLY___  
2022-03-14 10:26:44,486 INFO     ___FILE_ONLY___ members
2022-03-14 10:26:44,486 INFO     ___FILE_ONLY___ :
2022-03-14 10:26:44,486 INFO     ___FILE_ONLY___ 

2022-03-14 10:26:44,486 INFO     ___FILE_ONLY___   
2022-03-14 10:26:44,486 INFO     ___FILE_ONLY___ -
2022-03-14 10:26:44,486 INFO     ___FILE_ONLY___  
2022-03-14 10:26:44,486 INFO     ___FILE_ONLY___ serviceAccount:service-130114571864@gcf-admin-robot.iam.gserviceaccount.com
2022-03-14 10:26:44,487 INFO     ___FILE_ONLY___ 

2022-03-14 10:26:44,487 INFO     ___FILE_ONLY___   
2022-03-14 10:26:44,487 INFO     ___FILE_ONLY___ role
2022-03-14 10:26:44,487 INFO     ___FILE_ONLY___ :
2022-03-14 10:26:44,487 INFO     ___FILE_ONLY___  
2022-03-14 10:26:44,487 INFO     ___FILE_ONLY___ roles/cloudfunctions.serviceAgent
2022-03-14 10:26:44,487 INFO     ___FILE_ONLY___ 

2022-03-14 10:26:44,488 INFO     ___FILE_ONLY___ -
2022-03-14 10:26:44,488 INFO     ___FILE_ONLY___  
2022-03-14 10:26:44,488 INFO     ___FILE_ONLY___ members
2022-03-14 10:26:44,488 INFO     ___FILE_ONLY___ :
2022-03-14 10:26:44,488 INFO     ___FILE_ONLY___ 

2022-03-14 10:26:44,488 INFO     ___FILE_ONLY___   
2022-03-14 10:26:44,488 INFO     ___FILE_ONLY___ -
2022-03-14 10:26:44,488 INFO     ___FILE_ONLY___  
2022-03-14 10:26:44,489 INFO     ___FILE_ONLY___ user:devstar1559@gcplab.me
2022-03-14 10:26:44,489 INFO     ___FILE_ONLY___ 

2022-03-14 10:26:44,489 INFO     ___FILE_ONLY___   
2022-03-14 10:26:44,489 INFO     ___FILE_ONLY___ role
2022-03-14 10:26:44,489 INFO     ___FILE_ONLY___ :
2022-03-14 10:26:44,489 INFO     ___FILE_ONLY___  
2022-03-14 10:26:44,489 INFO     ___FILE_ONLY___ roles/compute.instanceAdmin
2022-03-14 10:26:44,490 INFO     ___FILE_ONLY___ 

2022-03-14 10:26:44,490 INFO     ___FILE_ONLY___ -
2022-03-14 10:26:44,490 INFO     ___FILE_ONLY___  
2022-03-14 10:26:44,490 INFO     ___FILE_ONLY___ members
2022-03-14 10:26:44,490 INFO     ___FILE_ONLY___ :
2022-03-14 10:26:44,490 INFO     ___FILE_ONLY___ 

2022-03-14 10:26:44,490 INFO     ___FILE_ONLY___   
2022-03-14 10:26:44,490 INFO     ___FILE_ONLY___ -
2022-03-14 10:26:44,491 INFO     ___FILE_ONLY___  
2022-03-14 10:26:44,491 INFO     ___FILE_ONLY___ user:devstar1559@gcplab.me
2022-03-14 10:26:44,491 INFO     ___FILE_ONLY___ 

2022-03-14 10:26:44,491 INFO     ___FILE_ONLY___   
2022-03-14 10:26:44,491 INFO     ___FILE_ONLY___ role
2022-03-14 10:26:44,492 INFO     ___FILE_ONLY___ :
2022-03-14 10:26:44,492 INFO     ___FILE_ONLY___  
2022-03-14 10:26:44,492 INFO     ___FILE_ONLY___ roles/compute.networkAdmin
2022-03-14 10:26:44,492 INFO     ___FILE_ONLY___ 

2022-03-14 10:26:44,492 INFO     ___FILE_ONLY___ -
2022-03-14 10:26:44,492 INFO     ___FILE_ONLY___  
2022-03-14 10:26:44,493 INFO     ___FILE_ONLY___ members
2022-03-14 10:26:44,493 INFO     ___FILE_ONLY___ :
2022-03-14 10:26:44,493 INFO     ___FILE_ONLY___ 

2022-03-14 10:26:44,493 INFO     ___FILE_ONLY___   
2022-03-14 10:26:44,493 INFO     ___FILE_ONLY___ -
2022-03-14 10:26:44,493 INFO     ___FILE_ONLY___  
2022-03-14 10:26:44,494 INFO     ___FILE_ONLY___ user:devstar1559@gcplab.me
2022-03-14 10:26:44,494 INFO     ___FILE_ONLY___ 

2022-03-14 10:26:44,494 INFO     ___FILE_ONLY___   
2022-03-14 10:26:44,494 INFO     ___FILE_ONLY___ role
2022-03-14 10:26:44,494 INFO     ___FILE_ONLY___ :
2022-03-14 10:26:44,494 INFO     ___FILE_ONLY___  
2022-03-14 10:26:44,494 INFO     ___FILE_ONLY___ roles/compute.securityAdmin
2022-03-14 10:26:44,494 INFO     ___FILE_ONLY___ 

2022-03-14 10:26:44,495 INFO     ___FILE_ONLY___ -
2022-03-14 10:26:44,495 INFO     ___FILE_ONLY___  
2022-03-14 10:26:44,495 INFO     ___FILE_ONLY___ members
2022-03-14 10:26:44,495 INFO     ___FILE_ONLY___ :
2022-03-14 10:26:44,495 INFO     ___FILE_ONLY___ 

2022-03-14 10:26:44,495 INFO     ___FILE_ONLY___   
2022-03-14 10:26:44,495 INFO     ___FILE_ONLY___ -
2022-03-14 10:26:44,495 INFO     ___FILE_ONLY___  
2022-03-14 10:26:44,495 INFO     ___FILE_ONLY___ serviceAccount:service-130114571864@compute-system.iam.gserviceaccount.com
2022-03-14 10:26:44,496 INFO     ___FILE_ONLY___ 

2022-03-14 10:26:44,496 INFO     ___FILE_ONLY___   
2022-03-14 10:26:44,496 INFO     ___FILE_ONLY___ role
2022-03-14 10:26:44,496 INFO     ___FILE_ONLY___ :
2022-03-14 10:26:44,496 INFO     ___FILE_ONLY___  
2022-03-14 10:26:44,496 INFO     ___FILE_ONLY___ roles/compute.serviceAgent
2022-03-14 10:26:44,496 INFO     ___FILE_ONLY___ 

2022-03-14 10:26:44,496 INFO     ___FILE_ONLY___ -
2022-03-14 10:26:44,497 INFO     ___FILE_ONLY___  
2022-03-14 10:26:44,497 INFO     ___FILE_ONLY___ members
2022-03-14 10:26:44,497 INFO     ___FILE_ONLY___ :
2022-03-14 10:26:44,497 INFO     ___FILE_ONLY___ 

2022-03-14 10:26:44,497 INFO     ___FILE_ONLY___   
2022-03-14 10:26:44,497 INFO     ___FILE_ONLY___ -
2022-03-14 10:26:44,497 INFO     ___FILE_ONLY___  
2022-03-14 10:26:44,497 INFO     ___FILE_ONLY___ user:devstar1559@gcplab.me
2022-03-14 10:26:44,497 INFO     ___FILE_ONLY___ 

2022-03-14 10:26:44,498 INFO     ___FILE_ONLY___   
2022-03-14 10:26:44,498 INFO     ___FILE_ONLY___ role
2022-03-14 10:26:44,498 INFO     ___FILE_ONLY___ :
2022-03-14 10:26:44,498 INFO     ___FILE_ONLY___  
2022-03-14 10:26:44,498 INFO     ___FILE_ONLY___ roles/compute.storageAdmin
2022-03-14 10:26:44,498 INFO     ___FILE_ONLY___ 

2022-03-14 10:26:44,498 INFO     ___FILE_ONLY___ -
2022-03-14 10:26:44,498 INFO     ___FILE_ONLY___  
2022-03-14 10:26:44,498 INFO     ___FILE_ONLY___ members
2022-03-14 10:26:44,499 INFO     ___FILE_ONLY___ :
2022-03-14 10:26:44,499 INFO     ___FILE_ONLY___ 

2022-03-14 10:26:44,499 INFO     ___FILE_ONLY___   
2022-03-14 10:26:44,499 INFO     ___FILE_ONLY___ -
2022-03-14 10:26:44,499 INFO     ___FILE_ONLY___  
2022-03-14 10:26:44,499 INFO     ___FILE_ONLY___ user:devstar1559@gcplab.me
2022-03-14 10:26:44,499 INFO     ___FILE_ONLY___ 

2022-03-14 10:26:44,499 INFO     ___FILE_ONLY___   
2022-03-14 10:26:44,499 INFO     ___FILE_ONLY___ role
2022-03-14 10:26:44,500 INFO     ___FILE_ONLY___ :
2022-03-14 10:26:44,500 INFO     ___FILE_ONLY___  
2022-03-14 10:26:44,500 INFO     ___FILE_ONLY___ roles/container.admin
2022-03-14 10:26:44,500 INFO     ___FILE_ONLY___ 

2022-03-14 10:26:44,500 INFO     ___FILE_ONLY___ -
2022-03-14 10:26:44,500 INFO     ___FILE_ONLY___  
2022-03-14 10:26:44,501 INFO     ___FILE_ONLY___ members
2022-03-14 10:26:44,501 INFO     ___FILE_ONLY___ :
2022-03-14 10:26:44,501 INFO     ___FILE_ONLY___ 

2022-03-14 10:26:44,501 INFO     ___FILE_ONLY___   
2022-03-14 10:26:44,501 INFO     ___FILE_ONLY___ -
2022-03-14 10:26:44,501 INFO     ___FILE_ONLY___  
2022-03-14 10:26:44,501 INFO     ___FILE_ONLY___ serviceAccount:service-130114571864@containerregistry.iam.gserviceaccount.com
2022-03-14 10:26:44,502 INFO     ___FILE_ONLY___ 

2022-03-14 10:26:44,502 INFO     ___FILE_ONLY___   
2022-03-14 10:26:44,502 INFO     ___FILE_ONLY___ role
2022-03-14 10:26:44,502 INFO     ___FILE_ONLY___ :
2022-03-14 10:26:44,502 INFO     ___FILE_ONLY___  
2022-03-14 10:26:44,502 INFO     ___FILE_ONLY___ roles/containerregistry.ServiceAgent
2022-03-14 10:26:44,502 INFO     ___FILE_ONLY___ 

2022-03-14 10:26:44,502 INFO     ___FILE_ONLY___ -
2022-03-14 10:26:44,503 INFO     ___FILE_ONLY___  
2022-03-14 10:26:44,503 INFO     ___FILE_ONLY___ members
2022-03-14 10:26:44,503 INFO     ___FILE_ONLY___ :
2022-03-14 10:26:44,503 INFO     ___FILE_ONLY___ 

2022-03-14 10:26:44,503 INFO     ___FILE_ONLY___   
2022-03-14 10:26:44,503 INFO     ___FILE_ONLY___ -
2022-03-14 10:26:44,503 INFO     ___FILE_ONLY___  
2022-03-14 10:26:44,503 INFO     ___FILE_ONLY___ user:devstar1559@gcplab.me
2022-03-14 10:26:44,503 INFO     ___FILE_ONLY___ 

2022-03-14 10:26:44,503 INFO     ___FILE_ONLY___   
2022-03-14 10:26:44,504 INFO     ___FILE_ONLY___ role
2022-03-14 10:26:44,504 INFO     ___FILE_ONLY___ :
2022-03-14 10:26:44,504 INFO     ___FILE_ONLY___  
2022-03-14 10:26:44,504 INFO     ___FILE_ONLY___ roles/dataflow.developer
2022-03-14 10:26:44,504 INFO     ___FILE_ONLY___ 

2022-03-14 10:26:44,504 INFO     ___FILE_ONLY___ -
2022-03-14 10:26:44,504 INFO     ___FILE_ONLY___  
2022-03-14 10:26:44,504 INFO     ___FILE_ONLY___ members
2022-03-14 10:26:44,505 INFO     ___FILE_ONLY___ :
2022-03-14 10:26:44,505 INFO     ___FILE_ONLY___ 

2022-03-14 10:26:44,505 INFO     ___FILE_ONLY___   
2022-03-14 10:26:44,505 INFO     ___FILE_ONLY___ -
2022-03-14 10:26:44,505 INFO     ___FILE_ONLY___  
2022-03-14 10:26:44,505 INFO     ___FILE_ONLY___ serviceAccount:service-130114571864@dataflow-service-producer-prod.iam.gserviceaccount.com
2022-03-14 10:26:44,505 INFO     ___FILE_ONLY___ 

2022-03-14 10:26:44,505 INFO     ___FILE_ONLY___   
2022-03-14 10:26:44,506 INFO     ___FILE_ONLY___ role
2022-03-14 10:26:44,506 INFO     ___FILE_ONLY___ :
2022-03-14 10:26:44,506 INFO     ___FILE_ONLY___  
2022-03-14 10:26:44,506 INFO     ___FILE_ONLY___ roles/dataflow.serviceAgent
2022-03-14 10:26:44,506 INFO     ___FILE_ONLY___ 

2022-03-14 10:26:44,506 INFO     ___FILE_ONLY___ -
2022-03-14 10:26:44,506 INFO     ___FILE_ONLY___  
2022-03-14 10:26:44,507 INFO     ___FILE_ONLY___ members
2022-03-14 10:26:44,507 INFO     ___FILE_ONLY___ :
2022-03-14 10:26:44,507 INFO     ___FILE_ONLY___ 

2022-03-14 10:26:44,507 INFO     ___FILE_ONLY___   
2022-03-14 10:26:44,507 INFO     ___FILE_ONLY___ -
2022-03-14 10:26:44,507 INFO     ___FILE_ONLY___  
2022-03-14 10:26:44,507 INFO     ___FILE_ONLY___ user:devstar1559@gcplab.me
2022-03-14 10:26:44,507 INFO     ___FILE_ONLY___ 

2022-03-14 10:26:44,507 INFO     ___FILE_ONLY___   
2022-03-14 10:26:44,508 INFO     ___FILE_ONLY___ role
2022-03-14 10:26:44,508 INFO     ___FILE_ONLY___ :
2022-03-14 10:26:44,508 INFO     ___FILE_ONLY___  
2022-03-14 10:26:44,508 INFO     ___FILE_ONLY___ roles/dataflow.worker
2022-03-14 10:26:44,508 INFO     ___FILE_ONLY___ 

2022-03-14 10:26:44,509 INFO     ___FILE_ONLY___ -
2022-03-14 10:26:44,509 INFO     ___FILE_ONLY___  
2022-03-14 10:26:44,509 INFO     ___FILE_ONLY___ members
2022-03-14 10:26:44,509 INFO     ___FILE_ONLY___ :
2022-03-14 10:26:44,509 INFO     ___FILE_ONLY___ 

2022-03-14 10:26:44,509 INFO     ___FILE_ONLY___   
2022-03-14 10:26:44,509 INFO     ___FILE_ONLY___ -
2022-03-14 10:26:44,510 INFO     ___FILE_ONLY___  
2022-03-14 10:26:44,510 INFO     ___FILE_ONLY___ user:devstar1559@gcplab.me
2022-03-14 10:26:44,510 INFO     ___FILE_ONLY___ 

2022-03-14 10:26:44,510 INFO     ___FILE_ONLY___   
2022-03-14 10:26:44,510 INFO     ___FILE_ONLY___ role
2022-03-14 10:26:44,511 INFO     ___FILE_ONLY___ :
2022-03-14 10:26:44,511 INFO     ___FILE_ONLY___  
2022-03-14 10:26:44,511 INFO     ___FILE_ONLY___ roles/dataproc.editor
2022-03-14 10:26:44,511 INFO     ___FILE_ONLY___ 

2022-03-14 10:26:44,511 INFO     ___FILE_ONLY___ -
2022-03-14 10:26:44,511 INFO     ___FILE_ONLY___  
2022-03-14 10:26:44,512 INFO     ___FILE_ONLY___ members
2022-03-14 10:26:44,512 INFO     ___FILE_ONLY___ :
2022-03-14 10:26:44,512 INFO     ___FILE_ONLY___ 

2022-03-14 10:26:44,512 INFO     ___FILE_ONLY___   
2022-03-14 10:26:44,512 INFO     ___FILE_ONLY___ -
2022-03-14 10:26:44,512 INFO     ___FILE_ONLY___  
2022-03-14 10:26:44,512 INFO     ___FILE_ONLY___ user:devstar1559@gcplab.me
2022-03-14 10:26:44,513 INFO     ___FILE_ONLY___ 

2022-03-14 10:26:44,513 INFO     ___FILE_ONLY___   
2022-03-14 10:26:44,513 INFO     ___FILE_ONLY___ role
2022-03-14 10:26:44,513 INFO     ___FILE_ONLY___ :
2022-03-14 10:26:44,513 INFO     ___FILE_ONLY___  
2022-03-14 10:26:44,513 INFO     ___FILE_ONLY___ roles/datastore.owner
2022-03-14 10:26:44,514 INFO     ___FILE_ONLY___ 

2022-03-14 10:26:44,514 INFO     ___FILE_ONLY___ -
2022-03-14 10:26:44,514 INFO     ___FILE_ONLY___  
2022-03-14 10:26:44,514 INFO     ___FILE_ONLY___ members
2022-03-14 10:26:44,514 INFO     ___FILE_ONLY___ :
2022-03-14 10:26:44,515 INFO     ___FILE_ONLY___ 

2022-03-14 10:26:44,515 INFO     ___FILE_ONLY___   
2022-03-14 10:26:44,515 INFO     ___FILE_ONLY___ -
2022-03-14 10:26:44,515 INFO     ___FILE_ONLY___  
2022-03-14 10:26:44,515 INFO     ___FILE_ONLY___ user:devstar1559@gcplab.me
2022-03-14 10:26:44,515 INFO     ___FILE_ONLY___ 

2022-03-14 10:26:44,516 INFO     ___FILE_ONLY___   
2022-03-14 10:26:44,516 INFO     ___FILE_ONLY___ role
2022-03-14 10:26:44,516 INFO     ___FILE_ONLY___ :
2022-03-14 10:26:44,516 INFO     ___FILE_ONLY___  
2022-03-14 10:26:44,516 INFO     ___FILE_ONLY___ roles/deploymentmanager.editor
2022-03-14 10:26:44,517 INFO     ___FILE_ONLY___ 

2022-03-14 10:26:44,517 INFO     ___FILE_ONLY___ -
2022-03-14 10:26:44,517 INFO     ___FILE_ONLY___  
2022-03-14 10:26:44,517 INFO     ___FILE_ONLY___ members
2022-03-14 10:26:44,517 INFO     ___FILE_ONLY___ :
2022-03-14 10:26:44,518 INFO     ___FILE_ONLY___ 

2022-03-14 10:26:44,518 INFO     ___FILE_ONLY___   
2022-03-14 10:26:44,518 INFO     ___FILE_ONLY___ -
2022-03-14 10:26:44,518 INFO     ___FILE_ONLY___  
2022-03-14 10:26:44,518 INFO     ___FILE_ONLY___ serviceAccount:130114571864@cloudservices.gserviceaccount.com
2022-03-14 10:26:44,518 INFO     ___FILE_ONLY___ 

2022-03-14 10:26:44,518 INFO     ___FILE_ONLY___   
2022-03-14 10:26:44,519 INFO     ___FILE_ONLY___ -
2022-03-14 10:26:44,519 INFO     ___FILE_ONLY___  
2022-03-14 10:26:44,519 INFO     ___FILE_ONLY___ serviceAccount:transaction-detective22-1559@appspot.gserviceaccount.com
2022-03-14 10:26:44,519 INFO     ___FILE_ONLY___ 

2022-03-14 10:26:44,519 INFO     ___FILE_ONLY___   
2022-03-14 10:26:44,519 INFO     ___FILE_ONLY___ -
2022-03-14 10:26:44,520 INFO     ___FILE_ONLY___  
2022-03-14 10:26:44,520 INFO     ___FILE_ONLY___ user:devstar1559@gcplab.me
2022-03-14 10:26:44,520 INFO     ___FILE_ONLY___ 

2022-03-14 10:26:44,520 INFO     ___FILE_ONLY___   
2022-03-14 10:26:44,520 INFO     ___FILE_ONLY___ -
2022-03-14 10:26:44,520 INFO     ___FILE_ONLY___  
2022-03-14 10:26:44,520 INFO     ___FILE_ONLY___ user:marccohen@google.com
2022-03-14 10:26:44,521 INFO     ___FILE_ONLY___ 

2022-03-14 10:26:44,521 INFO     ___FILE_ONLY___   
2022-03-14 10:26:44,521 INFO     ___FILE_ONLY___ role
2022-03-14 10:26:44,521 INFO     ___FILE_ONLY___ :
2022-03-14 10:26:44,521 INFO     ___FILE_ONLY___  
2022-03-14 10:26:44,521 INFO     ___FILE_ONLY___ roles/editor
2022-03-14 10:26:44,522 INFO     ___FILE_ONLY___ 

2022-03-14 10:26:44,522 INFO     ___FILE_ONLY___ -
2022-03-14 10:26:44,522 INFO     ___FILE_ONLY___  
2022-03-14 10:26:44,522 INFO     ___FILE_ONLY___ members
2022-03-14 10:26:44,522 INFO     ___FILE_ONLY___ :
2022-03-14 10:26:44,522 INFO     ___FILE_ONLY___ 

2022-03-14 10:26:44,523 INFO     ___FILE_ONLY___   
2022-03-14 10:26:44,523 INFO     ___FILE_ONLY___ -
2022-03-14 10:26:44,523 INFO     ___FILE_ONLY___  
2022-03-14 10:26:44,523 INFO     ___FILE_ONLY___ user:devstar1559@gcplab.me
2022-03-14 10:26:44,523 INFO     ___FILE_ONLY___ 

2022-03-14 10:26:44,523 INFO     ___FILE_ONLY___   
2022-03-14 10:26:44,524 INFO     ___FILE_ONLY___ role
2022-03-14 10:26:44,524 INFO     ___FILE_ONLY___ :
2022-03-14 10:26:44,524 INFO     ___FILE_ONLY___  
2022-03-14 10:26:44,524 INFO     ___FILE_ONLY___ roles/iam.serviceAccountActor
2022-03-14 10:26:44,524 INFO     ___FILE_ONLY___ 

2022-03-14 10:26:44,525 INFO     ___FILE_ONLY___ -
2022-03-14 10:26:44,525 INFO     ___FILE_ONLY___  
2022-03-14 10:26:44,525 INFO     ___FILE_ONLY___ members
2022-03-14 10:26:44,525 INFO     ___FILE_ONLY___ :
2022-03-14 10:26:44,525 INFO     ___FILE_ONLY___ 

2022-03-14 10:26:44,525 INFO     ___FILE_ONLY___   
2022-03-14 10:26:44,525 INFO     ___FILE_ONLY___ -
2022-03-14 10:26:44,526 INFO     ___FILE_ONLY___  
2022-03-14 10:26:44,526 INFO     ___FILE_ONLY___ user:devstar1559@gcplab.me
2022-03-14 10:26:44,526 INFO     ___FILE_ONLY___ 

2022-03-14 10:26:44,526 INFO     ___FILE_ONLY___   
2022-03-14 10:26:44,526 INFO     ___FILE_ONLY___ role
2022-03-14 10:26:44,526 INFO     ___FILE_ONLY___ :
2022-03-14 10:26:44,527 INFO     ___FILE_ONLY___  
2022-03-14 10:26:44,527 INFO     ___FILE_ONLY___ roles/logging.configWriter
2022-03-14 10:26:44,527 INFO     ___FILE_ONLY___ 

2022-03-14 10:26:44,527 INFO     ___FILE_ONLY___ -
2022-03-14 10:26:44,527 INFO     ___FILE_ONLY___  
2022-03-14 10:26:44,527 INFO     ___FILE_ONLY___ members
2022-03-14 10:26:44,527 INFO     ___FILE_ONLY___ :
2022-03-14 10:26:44,528 INFO     ___FILE_ONLY___ 

2022-03-14 10:26:44,528 INFO     ___FILE_ONLY___   
2022-03-14 10:26:44,528 INFO     ___FILE_ONLY___ -
2022-03-14 10:26:44,528 INFO     ___FILE_ONLY___  
2022-03-14 10:26:44,528 INFO     ___FILE_ONLY___ user:devstar1559@gcplab.me
2022-03-14 10:26:44,528 INFO     ___FILE_ONLY___ 

2022-03-14 10:26:44,528 INFO     ___FILE_ONLY___   
2022-03-14 10:26:44,529 INFO     ___FILE_ONLY___ role
2022-03-14 10:26:44,529 INFO     ___FILE_ONLY___ :
2022-03-14 10:26:44,529 INFO     ___FILE_ONLY___  
2022-03-14 10:26:44,529 INFO     ___FILE_ONLY___ roles/logging.viewer
2022-03-14 10:26:44,529 INFO     ___FILE_ONLY___ 

2022-03-14 10:26:44,530 INFO     ___FILE_ONLY___ -
2022-03-14 10:26:44,530 INFO     ___FILE_ONLY___  
2022-03-14 10:26:44,530 INFO     ___FILE_ONLY___ members
2022-03-14 10:26:44,530 INFO     ___FILE_ONLY___ :
2022-03-14 10:26:44,530 INFO     ___FILE_ONLY___ 

2022-03-14 10:26:44,530 INFO     ___FILE_ONLY___   
2022-03-14 10:26:44,531 INFO     ___FILE_ONLY___ -
2022-03-14 10:26:44,531 INFO     ___FILE_ONLY___  
2022-03-14 10:26:44,531 INFO     ___FILE_ONLY___ serviceAccount:service-130114571864@gcp-sa-notebooks.iam.gserviceaccount.com
2022-03-14 10:26:44,531 INFO     ___FILE_ONLY___ 

2022-03-14 10:26:44,531 INFO     ___FILE_ONLY___   
2022-03-14 10:26:44,531 INFO     ___FILE_ONLY___ role
2022-03-14 10:26:44,532 INFO     ___FILE_ONLY___ :
2022-03-14 10:26:44,532 INFO     ___FILE_ONLY___  
2022-03-14 10:26:44,532 INFO     ___FILE_ONLY___ roles/notebooks.serviceAgent
2022-03-14 10:26:44,532 INFO     ___FILE_ONLY___ 

2022-03-14 10:26:44,532 INFO     ___FILE_ONLY___ -
2022-03-14 10:26:44,532 INFO     ___FILE_ONLY___  
2022-03-14 10:26:44,532 INFO     ___FILE_ONLY___ members
2022-03-14 10:26:44,533 INFO     ___FILE_ONLY___ :
2022-03-14 10:26:44,533 INFO     ___FILE_ONLY___ 

2022-03-14 10:26:44,533 INFO     ___FILE_ONLY___   
2022-03-14 10:26:44,533 INFO     ___FILE_ONLY___ -
2022-03-14 10:26:44,533 INFO     ___FILE_ONLY___  
2022-03-14 10:26:44,533 INFO     ___FILE_ONLY___ serviceAccount:130114571864-compute@developer.gserviceaccount.com
2022-03-14 10:26:44,533 INFO     ___FILE_ONLY___ 

2022-03-14 10:26:44,534 INFO     ___FILE_ONLY___   
2022-03-14 10:26:44,534 INFO     ___FILE_ONLY___ -
2022-03-14 10:26:44,534 INFO     ___FILE_ONLY___  
2022-03-14 10:26:44,534 INFO     ___FILE_ONLY___ user:devstar1559@gcplab.me
2022-03-14 10:26:44,534 INFO     ___FILE_ONLY___ 

2022-03-14 10:26:44,534 INFO     ___FILE_ONLY___   
2022-03-14 10:26:44,534 INFO     ___FILE_ONLY___ -
2022-03-14 10:26:44,535 INFO     ___FILE_ONLY___  
2022-03-14 10:26:44,535 INFO     ___FILE_ONLY___ user:projectsowner@gcplab.me
2022-03-14 10:26:44,535 INFO     ___FILE_ONLY___ 

2022-03-14 10:26:44,535 INFO     ___FILE_ONLY___   
2022-03-14 10:26:44,535 INFO     ___FILE_ONLY___ role
2022-03-14 10:26:44,535 INFO     ___FILE_ONLY___ :
2022-03-14 10:26:44,536 INFO     ___FILE_ONLY___  
2022-03-14 10:26:44,536 INFO     ___FILE_ONLY___ roles/owner
2022-03-14 10:26:44,536 INFO     ___FILE_ONLY___ 

2022-03-14 10:26:44,536 INFO     ___FILE_ONLY___ -
2022-03-14 10:26:44,536 INFO     ___FILE_ONLY___  
2022-03-14 10:26:44,536 INFO     ___FILE_ONLY___ members
2022-03-14 10:26:44,537 INFO     ___FILE_ONLY___ :
2022-03-14 10:26:44,537 INFO     ___FILE_ONLY___ 

2022-03-14 10:26:44,537 INFO     ___FILE_ONLY___   
2022-03-14 10:26:44,537 INFO     ___FILE_ONLY___ -
2022-03-14 10:26:44,537 INFO     ___FILE_ONLY___  
2022-03-14 10:26:44,537 INFO     ___FILE_ONLY___ user:devstar1559@gcplab.me
2022-03-14 10:26:44,538 INFO     ___FILE_ONLY___ 

2022-03-14 10:26:44,538 INFO     ___FILE_ONLY___   
2022-03-14 10:26:44,538 INFO     ___FILE_ONLY___ role
2022-03-14 10:26:44,538 INFO     ___FILE_ONLY___ :
2022-03-14 10:26:44,538 INFO     ___FILE_ONLY___  
2022-03-14 10:26:44,538 INFO     ___FILE_ONLY___ roles/pubsub.admin
2022-03-14 10:26:44,538 INFO     ___FILE_ONLY___ 

2022-03-14 10:26:44,539 INFO     ___FILE_ONLY___ -
2022-03-14 10:26:44,539 INFO     ___FILE_ONLY___  
2022-03-14 10:26:44,539 INFO     ___FILE_ONLY___ members
2022-03-14 10:26:44,539 INFO     ___FILE_ONLY___ :
2022-03-14 10:26:44,539 INFO     ___FILE_ONLY___ 

2022-03-14 10:26:44,539 INFO     ___FILE_ONLY___   
2022-03-14 10:26:44,539 INFO     ___FILE_ONLY___ -
2022-03-14 10:26:44,540 INFO     ___FILE_ONLY___  
2022-03-14 10:26:44,540 INFO     ___FILE_ONLY___ serviceAccount:service-130114571864@gcp-sa-pubsub.iam.gserviceaccount.com
2022-03-14 10:26:44,540 INFO     ___FILE_ONLY___ 

2022-03-14 10:26:44,540 INFO     ___FILE_ONLY___   
2022-03-14 10:26:44,540 INFO     ___FILE_ONLY___ role
2022-03-14 10:26:44,540 INFO     ___FILE_ONLY___ :
2022-03-14 10:26:44,541 INFO     ___FILE_ONLY___  
2022-03-14 10:26:44,541 INFO     ___FILE_ONLY___ roles/pubsub.serviceAgent
2022-03-14 10:26:44,541 INFO     ___FILE_ONLY___ 

2022-03-14 10:26:44,541 INFO     ___FILE_ONLY___ -
2022-03-14 10:26:44,541 INFO     ___FILE_ONLY___  
2022-03-14 10:26:44,541 INFO     ___FILE_ONLY___ members
2022-03-14 10:26:44,541 INFO     ___FILE_ONLY___ :
2022-03-14 10:26:44,542 INFO     ___FILE_ONLY___ 

2022-03-14 10:26:44,542 INFO     ___FILE_ONLY___   
2022-03-14 10:26:44,542 INFO     ___FILE_ONLY___ -
2022-03-14 10:26:44,542 INFO     ___FILE_ONLY___  
2022-03-14 10:26:44,542 INFO     ___FILE_ONLY___ serviceAccount:130114571864-compute@developer.gserviceaccount.com
2022-03-14 10:26:44,542 INFO     ___FILE_ONLY___ 

2022-03-14 10:26:44,542 INFO     ___FILE_ONLY___   
2022-03-14 10:26:44,543 INFO     ___FILE_ONLY___ role
2022-03-14 10:26:44,543 INFO     ___FILE_ONLY___ :
2022-03-14 10:26:44,543 INFO     ___FILE_ONLY___  
2022-03-14 10:26:44,543 INFO     ___FILE_ONLY___ roles/run.admin
2022-03-14 10:26:44,543 INFO     ___FILE_ONLY___ 

2022-03-14 10:26:44,544 INFO     ___FILE_ONLY___ -
2022-03-14 10:26:44,544 INFO     ___FILE_ONLY___  
2022-03-14 10:26:44,544 INFO     ___FILE_ONLY___ members
2022-03-14 10:26:44,544 INFO     ___FILE_ONLY___ :
2022-03-14 10:26:44,544 INFO     ___FILE_ONLY___ 

2022-03-14 10:26:44,544 INFO     ___FILE_ONLY___   
2022-03-14 10:26:44,544 INFO     ___FILE_ONLY___ -
2022-03-14 10:26:44,545 INFO     ___FILE_ONLY___  
2022-03-14 10:26:44,545 INFO     ___FILE_ONLY___ serviceAccount:service-130114571864@serverless-robot-prod.iam.gserviceaccount.com
2022-03-14 10:26:44,545 INFO     ___FILE_ONLY___ 

2022-03-14 10:26:44,545 INFO     ___FILE_ONLY___   
2022-03-14 10:26:44,545 INFO     ___FILE_ONLY___ role
2022-03-14 10:26:44,546 INFO     ___FILE_ONLY___ :
2022-03-14 10:26:44,546 INFO     ___FILE_ONLY___  
2022-03-14 10:26:44,546 INFO     ___FILE_ONLY___ roles/run.serviceAgent
2022-03-14 10:26:44,546 INFO     ___FILE_ONLY___ 

2022-03-14 10:26:44,546 INFO     ___FILE_ONLY___ -
2022-03-14 10:26:44,546 INFO     ___FILE_ONLY___  
2022-03-14 10:26:44,546 INFO     ___FILE_ONLY___ members
2022-03-14 10:26:44,547 INFO     ___FILE_ONLY___ :
2022-03-14 10:26:44,547 INFO     ___FILE_ONLY___ 

2022-03-14 10:26:44,547 INFO     ___FILE_ONLY___   
2022-03-14 10:26:44,547 INFO     ___FILE_ONLY___ -
2022-03-14 10:26:44,547 INFO     ___FILE_ONLY___  
2022-03-14 10:26:44,547 INFO     ___FILE_ONLY___ user:devstar1559@gcplab.me
2022-03-14 10:26:44,547 INFO     ___FILE_ONLY___ 

2022-03-14 10:26:44,547 INFO     ___FILE_ONLY___   
2022-03-14 10:26:44,548 INFO     ___FILE_ONLY___ role
2022-03-14 10:26:44,548 INFO     ___FILE_ONLY___ :
2022-03-14 10:26:44,548 INFO     ___FILE_ONLY___  
2022-03-14 10:26:44,548 INFO     ___FILE_ONLY___ roles/source.admin
2022-03-14 10:26:44,548 INFO     ___FILE_ONLY___ 

2022-03-14 10:26:44,548 INFO     ___FILE_ONLY___ -
2022-03-14 10:26:44,549 INFO     ___FILE_ONLY___  
2022-03-14 10:26:44,549 INFO     ___FILE_ONLY___ members
2022-03-14 10:26:44,549 INFO     ___FILE_ONLY___ :
2022-03-14 10:26:44,549 INFO     ___FILE_ONLY___ 

2022-03-14 10:26:44,549 INFO     ___FILE_ONLY___   
2022-03-14 10:26:44,549 INFO     ___FILE_ONLY___ -
2022-03-14 10:26:44,549 INFO     ___FILE_ONLY___  
2022-03-14 10:26:44,550 INFO     ___FILE_ONLY___ serviceAccount:130114571864-compute@developer.gserviceaccount.com
2022-03-14 10:26:44,550 INFO     ___FILE_ONLY___ 

2022-03-14 10:26:44,550 INFO     ___FILE_ONLY___   
2022-03-14 10:26:44,550 INFO     ___FILE_ONLY___ -
2022-03-14 10:26:44,550 INFO     ___FILE_ONLY___  
2022-03-14 10:26:44,550 INFO     ___FILE_ONLY___ user:devstar1559@gcplab.me
2022-03-14 10:26:44,550 INFO     ___FILE_ONLY___ 

2022-03-14 10:26:44,551 INFO     ___FILE_ONLY___   
2022-03-14 10:26:44,551 INFO     ___FILE_ONLY___ role
2022-03-14 10:26:44,551 INFO     ___FILE_ONLY___ :
2022-03-14 10:26:44,551 INFO     ___FILE_ONLY___  
2022-03-14 10:26:44,551 INFO     ___FILE_ONLY___ roles/storage.admin
2022-03-14 10:26:44,552 INFO     ___FILE_ONLY___ 

2022-03-14 10:26:44,552 INFO     ___FILE_ONLY___ etag
2022-03-14 10:26:44,552 INFO     ___FILE_ONLY___ :
2022-03-14 10:26:44,552 INFO     ___FILE_ONLY___  
2022-03-14 10:26:44,552 INFO     ___FILE_ONLY___ BwXaKx3ynuM=
2022-03-14 10:26:44,552 INFO     ___FILE_ONLY___ 

2022-03-14 10:26:44,553 INFO     ___FILE_ONLY___ version
2022-03-14 10:26:44,553 INFO     ___FILE_ONLY___ :
2022-03-14 10:26:44,553 INFO     ___FILE_ONLY___  
2022-03-14 10:26:44,553 INFO     ___FILE_ONLY___ 1
2022-03-14 10:26:44,553 INFO     ___FILE_ONLY___ 

2022-03-14 10:26:44,554 DEBUG    root            SDK update checks are disabled.
