2022-03-14 10:26:39,098 DEBUG    root            Loaded Command Group: ['gcloud', 'iam']
2022-03-14 10:26:39,100 DEBUG    root            Loaded Command Group: ['gcloud', 'iam', 'service_accounts']
2022-03-14 10:26:39,103 DEBUG    root            Loaded Command Group: ['gcloud', 'iam', 'service-accounts', 'list']
2022-03-14 10:26:39,112 DEBUG    root            Running [gcloud.iam.service-accounts.list] with arguments: []
2022-03-14 10:26:39,113 INFO     root            Display format: "table(displayName:label="DISPLAY NAME", email, disabled)"
2022-03-14 10:26:39,123 DEBUG    google.auth.transport.requests Making request: GET http://metadata.google.internal/computeMetadata/v1/instance/service-accounts/130114571864-compute@developer.gserviceaccount.com/?recursive=true
2022-03-14 10:26:39,126 DEBUG    urllib3.connectionpool Starting new HTTP connection (1): metadata.google.internal:80
2022-03-14 10:26:39,128 DEBUG    urllib3.connectionpool http://metadata.google.internal:80 "GET /computeMetadata/v1/instance/service-accounts/130114571864-compute@developer.gserviceaccount.com/?recursive=true HTTP/1.1" 200 155
2022-03-14 10:26:39,128 DEBUG    google.auth.transport.requests Making request: GET http://metadata.google.internal/computeMetadata/v1/instance/service-accounts/130114571864-compute@developer.gserviceaccount.com/token
2022-03-14 10:26:39,131 DEBUG    urllib3.connectionpool http://metadata.google.internal:80 "GET /computeMetadata/v1/instance/service-accounts/130114571864-compute@developer.gserviceaccount.com/token HTTP/1.1" 200 267
2022-03-14 10:26:39,144 DEBUG    google.auth.transport.requests Making request: GET http://metadata.google.internal/computeMetadata/v1/instance/service-accounts/130114571864-compute@developer.gserviceaccount.com/?recursive=true
2022-03-14 10:26:39,145 DEBUG    urllib3.connectionpool Starting new HTTP connection (1): metadata.google.internal:80
2022-03-14 10:26:39,147 DEBUG    urllib3.connectionpool http://metadata.google.internal:80 "GET /computeMetadata/v1/instance/service-accounts/130114571864-compute@developer.gserviceaccount.com/?recursive=true HTTP/1.1" 200 155
2022-03-14 10:26:39,148 DEBUG    google.auth.transport.requests Making request: GET http://metadata.google.internal/computeMetadata/v1/instance/service-accounts/130114571864-compute@developer.gserviceaccount.com/token
2022-03-14 10:26:39,150 DEBUG    urllib3.connectionpool http://metadata.google.internal:80 "GET /computeMetadata/v1/instance/service-accounts/130114571864-compute@developer.gserviceaccount.com/token HTTP/1.1" 200 267
2022-03-14 10:26:39,161 DEBUG    urllib3.connectionpool Starting new HTTPS connection (1): iam.googleapis.com:443
2022-03-14 10:26:39,220 DEBUG    urllib3.connectionpool https://iam.googleapis.com:443 "GET /v1/projects/transaction-detective22-1559/serviceAccounts?alt=json&pageSize=100 HTTP/1.1" 200 None
2022-03-14 10:26:39,223 INFO     ___FILE_ONLY___ DISPLAY NAME
2022-03-14 10:26:39,223 INFO     ___FILE_ONLY___                             
2022-03-14 10:26:39,223 INFO     ___FILE_ONLY___ EMAIL
2022-03-14 10:26:39,224 INFO     ___FILE_ONLY___                                                      
2022-03-14 10:26:39,224 INFO     ___FILE_ONLY___ DISABLED
2022-03-14 10:26:39,224 INFO     ___FILE_ONLY___ 

2022-03-14 10:26:39,224 INFO     ___FILE_ONLY___ App Engine default service account
2022-03-14 10:26:39,224 INFO     ___FILE_ONLY___       
2022-03-14 10:26:39,224 INFO     ___FILE_ONLY___ transaction-detective22-1559@appspot.gserviceaccount.com
2022-03-14 10:26:39,225 INFO     ___FILE_ONLY___   
2022-03-14 10:26:39,225 INFO     ___FILE_ONLY___ False
2022-03-14 10:26:39,225 INFO     ___FILE_ONLY___ 

2022-03-14 10:26:39,225 INFO     ___FILE_ONLY___ Compute Engine default service account
2022-03-14 10:26:39,225 INFO     ___FILE_ONLY___   
2022-03-14 10:26:39,225 INFO     ___FILE_ONLY___ 130114571864-compute@developer.gserviceaccount.com
2022-03-14 10:26:39,226 INFO     ___FILE_ONLY___         
2022-03-14 10:26:39,226 INFO     ___FILE_ONLY___ False
2022-03-14 10:26:39,226 INFO     ___FILE_ONLY___ 

2022-03-14 10:26:39,227 DEBUG    root            SDK update checks are disabled.
