2022-03-14 10:28:33,673 DEBUG    root            Loaded Command Group: ['gcloud', 'run']
2022-03-14 10:28:33,715 DEBUG    root            Loaded Command Group: ['gcloud', 'run', 'deploy']
2022-03-14 10:28:33,738 DEBUG    root            Running [gcloud.run.deploy] with arguments: [--allow-unauthenticated: "True", --image: "gcr.io/fraudfinderdemo/ff-web", --memory: "4G", --platform: "managed", --region: "us-central1", SERVICE: "ff-web"]
2022-03-14 10:28:33,753 DEBUG    google.auth.transport.requests Making request: GET http://metadata.google.internal/computeMetadata/v1/instance/service-accounts/130114571864-compute@developer.gserviceaccount.com/?recursive=true
2022-03-14 10:28:33,755 DEBUG    urllib3.connectionpool Starting new HTTP connection (1): metadata.google.internal:80
2022-03-14 10:28:33,757 DEBUG    urllib3.connectionpool http://metadata.google.internal:80 "GET /computeMetadata/v1/instance/service-accounts/130114571864-compute@developer.gserviceaccount.com/?recursive=true HTTP/1.1" 200 155
2022-03-14 10:28:33,758 DEBUG    google.auth.transport.requests Making request: GET http://metadata.google.internal/computeMetadata/v1/instance/service-accounts/130114571864-compute@developer.gserviceaccount.com/token
2022-03-14 10:28:33,761 DEBUG    urllib3.connectionpool http://metadata.google.internal:80 "GET /computeMetadata/v1/instance/service-accounts/130114571864-compute@developer.gserviceaccount.com/token HTTP/1.1" 200 266
2022-03-14 10:28:33,773 DEBUG    google.auth.transport.requests Making request: GET http://metadata.google.internal/computeMetadata/v1/instance/service-accounts/130114571864-compute@developer.gserviceaccount.com/?recursive=true
2022-03-14 10:28:33,774 DEBUG    urllib3.connectionpool Starting new HTTP connection (1): metadata.google.internal:80
2022-03-14 10:28:33,776 DEBUG    urllib3.connectionpool http://metadata.google.internal:80 "GET /computeMetadata/v1/instance/service-accounts/130114571864-compute@developer.gserviceaccount.com/?recursive=true HTTP/1.1" 200 155
2022-03-14 10:28:33,777 DEBUG    google.auth.transport.requests Making request: GET http://metadata.google.internal/computeMetadata/v1/instance/service-accounts/130114571864-compute@developer.gserviceaccount.com/token
2022-03-14 10:28:33,779 DEBUG    urllib3.connectionpool http://metadata.google.internal:80 "GET /computeMetadata/v1/instance/service-accounts/130114571864-compute@developer.gserviceaccount.com/token HTTP/1.1" 200 266
2022-03-14 10:28:33,804 DEBUG    google.auth.transport.requests Making request: GET http://metadata.google.internal/computeMetadata/v1/instance/service-accounts/130114571864-compute@developer.gserviceaccount.com/?recursive=true
2022-03-14 10:28:33,806 DEBUG    urllib3.connectionpool Starting new HTTP connection (1): metadata.google.internal:80
2022-03-14 10:28:33,808 DEBUG    urllib3.connectionpool http://metadata.google.internal:80 "GET /computeMetadata/v1/instance/service-accounts/130114571864-compute@developer.gserviceaccount.com/?recursive=true HTTP/1.1" 200 155
2022-03-14 10:28:33,809 DEBUG    google.auth.transport.requests Making request: GET http://metadata.google.internal/computeMetadata/v1/instance/service-accounts/130114571864-compute@developer.gserviceaccount.com/token
2022-03-14 10:28:33,812 DEBUG    urllib3.connectionpool http://metadata.google.internal:80 "GET /computeMetadata/v1/instance/service-accounts/130114571864-compute@developer.gserviceaccount.com/token HTTP/1.1" 200 266
2022-03-14 10:28:33,820 DEBUG    google.auth.transport.requests Making request: GET http://metadata.google.internal/computeMetadata/v1/instance/service-accounts/130114571864-compute@developer.gserviceaccount.com/?recursive=true
2022-03-14 10:28:33,822 DEBUG    urllib3.connectionpool Starting new HTTP connection (1): metadata.google.internal:80
2022-03-14 10:28:33,823 DEBUG    urllib3.connectionpool http://metadata.google.internal:80 "GET /computeMetadata/v1/instance/service-accounts/130114571864-compute@developer.gserviceaccount.com/?recursive=true HTTP/1.1" 200 155
2022-03-14 10:28:33,824 DEBUG    google.auth.transport.requests Making request: GET http://metadata.google.internal/computeMetadata/v1/instance/service-accounts/130114571864-compute@developer.gserviceaccount.com/token
2022-03-14 10:28:33,827 DEBUG    urllib3.connectionpool http://metadata.google.internal:80 "GET /computeMetadata/v1/instance/service-accounts/130114571864-compute@developer.gserviceaccount.com/token HTTP/1.1" 200 266
2022-03-14 10:28:33,836 DEBUG    urllib3.connectionpool Starting new HTTPS connection (1): us-central1-run.googleapis.com:443
2022-03-14 10:28:33,892 DEBUG    urllib3.connectionpool https://us-central1-run.googleapis.com:443 "GET /apis/serving.knative.dev/v1/namespaces/transaction-detective22-1559/services/ff-web?alt=json HTTP/1.1" 404 None
2022-03-14 10:28:33,895 INFO     ___FILE_ONLY___ Deploying container to Cloud Run service [[1mff-web[m] in project [[1mtransaction-detective22-1559[m] region [[1mus-central1[m]

2022-03-14 10:28:33,896 INFO     ___FILE_ONLY___ Deploying new service...
2022-03-14 10:28:34,056 DEBUG    urllib3.connectionpool https://us-central1-run.googleapis.com:443 "POST /apis/serving.knative.dev/v1/namespaces/transaction-detective22-1559/services?alt=json HTTP/1.1" 200 None
2022-03-14 10:28:34,067 DEBUG    urllib3.connectionpool Starting new HTTPS connection (1): run.googleapis.com:443
2022-03-14 10:28:34,208 DEBUG    urllib3.connectionpool https://run.googleapis.com:443 "GET /v1/projects/transaction-detective22-1559/locations/us-central1/services/ff-web:getIamPolicy?alt=json HTTP/1.1" 200 None
2022-03-14 10:28:34,355 DEBUG    urllib3.connectionpool https://run.googleapis.com:443 "POST /v1/projects/transaction-detective22-1559/locations/us-central1/services/ff-web:setIamPolicy?alt=json HTTP/1.1" 200 None
2022-03-14 10:28:34,408 DEBUG    urllib3.connectionpool https://us-central1-run.googleapis.com:443 "GET /apis/serving.knative.dev/v1/namespaces/transaction-detective22-1559/services/ff-web?alt=json HTTP/1.1" 200 None
2022-03-14 10:28:35,455 DEBUG    urllib3.connectionpool https://us-central1-run.googleapis.com:443 "GET /apis/serving.knative.dev/v1/namespaces/transaction-detective22-1559/services/ff-web?alt=json HTTP/1.1" 200 None
2022-03-14 10:28:36,519 DEBUG    urllib3.connectionpool https://us-central1-run.googleapis.com:443 "GET /apis/serving.knative.dev/v1/namespaces/transaction-detective22-1559/services/ff-web?alt=json HTTP/1.1" 200 None
2022-03-14 10:28:37,574 DEBUG    urllib3.connectionpool https://us-central1-run.googleapis.com:443 "GET /apis/serving.knative.dev/v1/namespaces/transaction-detective22-1559/services/ff-web?alt=json HTTP/1.1" 200 None
2022-03-14 10:28:38,613 DEBUG    urllib3.connectionpool https://us-central1-run.googleapis.com:443 "GET /apis/serving.knative.dev/v1/namespaces/transaction-detective22-1559/services/ff-web?alt=json HTTP/1.1" 200 None
2022-03-14 10:28:39,667 DEBUG    urllib3.connectionpool https://us-central1-run.googleapis.com:443 "GET /apis/serving.knative.dev/v1/namespaces/transaction-detective22-1559/services/ff-web?alt=json HTTP/1.1" 200 None
2022-03-14 10:28:39,712 DEBUG    urllib3.connectionpool https://us-central1-run.googleapis.com:443 "GET /apis/serving.knative.dev/v1/namespaces/transaction-detective22-1559/services/ff-web?alt=json HTTP/1.1" 200 None
2022-03-14 10:28:39,772 DEBUG    urllib3.connectionpool https://us-central1-run.googleapis.com:443 "GET /apis/serving.knative.dev/v1/namespaces/transaction-detective22-1559/services/ff-web?alt=json HTTP/1.1" 200 None
2022-03-14 10:28:39,776 INFO     ___FILE_ONLY___ Service [[1mff-web[m] revision [[1mff-web-00001-cix[m] has been deployed and is serving [1m100[m percent of traffic.
Service URL: [1mhttps://ff-web-jmo4lejj5a-uc.a.run.app[m

2022-03-14 10:28:39,777 INFO     root            Display format: "none"
2022-03-14 10:28:39,781 DEBUG    root            SDK update checks are disabled.
