2022-03-14 13:28:14,946 DEBUG    root            Loaded Command Group: ['gcloud', 'auth']
2022-03-14 13:28:14,949 DEBUG    root            Loaded Command Group: ['gcloud', 'auth', 'docker_helper']
2022-03-14 13:28:14,951 DEBUG    root            Running [gcloud.auth.docker-helper] with arguments: [METHOD: "get"]
2022-03-14 13:28:14,959 DEBUG    google.auth.transport.requests Making request: GET http://metadata.google.internal/computeMetadata/v1/instance/service-accounts/130114571864-compute@developer.gserviceaccount.com/?recursive=true
2022-03-14 13:28:14,962 DEBUG    urllib3.connectionpool Starting new HTTP connection (1): metadata.google.internal:80
2022-03-14 13:28:14,964 DEBUG    urllib3.connectionpool http://metadata.google.internal:80 "GET /computeMetadata/v1/instance/service-accounts/130114571864-compute@developer.gserviceaccount.com/?recursive=true HTTP/1.1" 200 155
2022-03-14 13:28:14,964 DEBUG    google.auth.transport.requests Making request: GET http://metadata.google.internal/computeMetadata/v1/instance/service-accounts/130114571864-compute@developer.gserviceaccount.com/token
2022-03-14 13:28:14,967 DEBUG    urllib3.connectionpool http://metadata.google.internal:80 "GET /computeMetadata/v1/instance/service-accounts/130114571864-compute@developer.gserviceaccount.com/token HTTP/1.1" 200 271
2022-03-14 13:28:14,970 DEBUG    google.auth.transport.requests Making request: GET http://metadata.google.internal/computeMetadata/v1/instance/service-accounts/130114571864-compute@developer.gserviceaccount.com/?recursive=true
2022-03-14 13:28:14,971 DEBUG    urllib3.connectionpool Starting new HTTP connection (1): metadata.google.internal:80
2022-03-14 13:28:14,973 DEBUG    urllib3.connectionpool http://metadata.google.internal:80 "GET /computeMetadata/v1/instance/service-accounts/130114571864-compute@developer.gserviceaccount.com/?recursive=true HTTP/1.1" 200 155
2022-03-14 13:28:14,973 DEBUG    google.auth.transport.requests Making request: GET http://metadata.google.internal/computeMetadata/v1/instance/service-accounts/130114571864-compute@developer.gserviceaccount.com/token?scopes=https%3A%2F%2Fwww.googleapis.com%2Fauth%2Fcloud-platform%2Chttps%3A%2F%2Fwww.googleapis.com%2Fauth%2Fuserinfo.email
2022-03-14 13:28:14,976 DEBUG    urllib3.connectionpool http://metadata.google.internal:80 "GET /computeMetadata/v1/instance/service-accounts/130114571864-compute@developer.gserviceaccount.com/token?scopes=https%3A%2F%2Fwww.googleapis.com%2Fauth%2Fcloud-platform%2Chttps%3A%2F%2Fwww.googleapis.com%2Fauth%2Fuserinfo.email HTTP/1.1" 200 271
2022-03-14 13:28:14,979 INFO     root            Display format: "json"
2022-03-14 13:28:14,979 INFO     ___FILE_ONLY___ {
  "Secret": "ya29.c.b0AXv0zTML5_hbldXFmBr9KF6avUiX0HS2zfmCFi8oKhVEvaLG95v_xSpzHCAHOYDj8QkDofrcLo5IfJDfGUr7ldTyDa7lSRWoYZ3VVhC1_U8fQfyFn7rynqi-o2Rqu9yMOoi1XaXov8W4e-BPTBSFXurvgG-EbW6tj3o-rdamBrISvmVkF0ULbTSNWCwNm05uSvjAIiXMeJg............................................................................................................................................................................................................................................................................................................................................................................................................................................................................................................................................................................................................................................................................................................................................................................................................................................",
  "Username": "_dcgcloud_token"
}
2022-03-14 13:28:14,980 INFO     ___FILE_ONLY___ 

2022-03-14 13:28:14,980 DEBUG    root            SDK update checks are disabled.
