2022-03-14 13:26:58,793 DEBUG    root            Loaded Command Group: ['gcloud', 'artifacts']
2022-03-14 13:26:58,795 DEBUG    root            Loaded Command Group: ['gcloud', 'artifacts', 'repositories']
2022-03-14 13:26:58,857 DEBUG    root            Loaded Command Group: ['gcloud', 'artifacts', 'repositories', 'create']
2022-03-14 13:26:58,862 DEBUG    root            Running [gcloud.artifacts.repositories.create] with arguments: [--description: "Fraud Finder Docker Image repository", --location: "us-central1", --repository-format: "docker", REPOSITORY: "fraudfinder-7551"]
2022-03-14 13:26:58,873 DEBUG    google.auth.transport.requests Making request: GET http://metadata.google.internal/computeMetadata/v1/instance/service-accounts/130114571864-compute@developer.gserviceaccount.com/?recursive=true
2022-03-14 13:26:58,876 DEBUG    urllib3.connectionpool Starting new HTTP connection (1): metadata.google.internal:80
2022-03-14 13:26:58,877 DEBUG    urllib3.connectionpool http://metadata.google.internal:80 "GET /computeMetadata/v1/instance/service-accounts/130114571864-compute@developer.gserviceaccount.com/?recursive=true HTTP/1.1" 200 155
2022-03-14 13:26:58,878 DEBUG    google.auth.transport.requests Making request: GET http://metadata.google.internal/computeMetadata/v1/instance/service-accounts/130114571864-compute@developer.gserviceaccount.com/token
2022-03-14 13:26:58,880 DEBUG    urllib3.connectionpool http://metadata.google.internal:80 "GET /computeMetadata/v1/instance/service-accounts/130114571864-compute@developer.gserviceaccount.com/token HTTP/1.1" 200 271
2022-03-14 13:26:58,893 DEBUG    google.auth.transport.requests Making request: GET http://metadata.google.internal/computeMetadata/v1/instance/service-accounts/130114571864-compute@developer.gserviceaccount.com/?recursive=true
2022-03-14 13:26:58,895 DEBUG    urllib3.connectionpool Starting new HTTP connection (1): metadata.google.internal:80
2022-03-14 13:26:58,896 DEBUG    urllib3.connectionpool http://metadata.google.internal:80 "GET /computeMetadata/v1/instance/service-accounts/130114571864-compute@developer.gserviceaccount.com/?recursive=true HTTP/1.1" 200 155
2022-03-14 13:26:58,897 DEBUG    google.auth.transport.requests Making request: GET http://metadata.google.internal/computeMetadata/v1/instance/service-accounts/130114571864-compute@developer.gserviceaccount.com/token
2022-03-14 13:26:58,900 DEBUG    urllib3.connectionpool http://metadata.google.internal:80 "GET /computeMetadata/v1/instance/service-accounts/130114571864-compute@developer.gserviceaccount.com/token HTTP/1.1" 200 271
2022-03-14 13:26:58,906 DEBUG    urllib3.connectionpool Starting new HTTPS connection (1): artifactregistry.googleapis.com:443
2022-03-14 13:26:58,988 DEBUG    urllib3.connectionpool https://artifactregistry.googleapis.com:443 "POST /v1beta2/projects/transaction-detective22-1559/locations/us-central1/repositories?alt=json&repositoryId=fraudfinder-7551 HTTP/1.1" 200 None
2022-03-14 13:26:58,991 INFO     ___FILE_ONLY___ Create request issued for: [fraudfinder-7551]

2022-03-14 13:26:58,993 INFO     ___FILE_ONLY___ Waiting for operation [projects/transaction-detective22-1559/locations/us-central1/operations/711a4f11-ac47-42ed-98b8-254e80c1706a] to complete...
2022-03-14 13:27:00,003 DEBUG    google.auth.transport.requests Making request: GET http://metadata.google.internal/computeMetadata/v1/instance/service-accounts/130114571864-compute@developer.gserviceaccount.com/?recursive=true
2022-03-14 13:27:00,005 DEBUG    urllib3.connectionpool Starting new HTTP connection (1): metadata.google.internal:80
2022-03-14 13:27:00,007 DEBUG    urllib3.connectionpool http://metadata.google.internal:80 "GET /computeMetadata/v1/instance/service-accounts/130114571864-compute@developer.gserviceaccount.com/?recursive=true HTTP/1.1" 200 155
2022-03-14 13:27:00,007 DEBUG    google.auth.transport.requests Making request: GET http://metadata.google.internal/computeMetadata/v1/instance/service-accounts/130114571864-compute@developer.gserviceaccount.com/token
2022-03-14 13:27:00,010 DEBUG    urllib3.connectionpool http://metadata.google.internal:80 "GET /computeMetadata/v1/instance/service-accounts/130114571864-compute@developer.gserviceaccount.com/token HTTP/1.1" 200 271
2022-03-14 13:27:00,023 DEBUG    google.auth.transport.requests Making request: GET http://metadata.google.internal/computeMetadata/v1/instance/service-accounts/130114571864-compute@developer.gserviceaccount.com/?recursive=true
2022-03-14 13:27:00,025 DEBUG    urllib3.connectionpool Starting new HTTP connection (1): metadata.google.internal:80
2022-03-14 13:27:00,027 DEBUG    urllib3.connectionpool http://metadata.google.internal:80 "GET /computeMetadata/v1/instance/service-accounts/130114571864-compute@developer.gserviceaccount.com/?recursive=true HTTP/1.1" 200 155
2022-03-14 13:27:00,027 DEBUG    google.auth.transport.requests Making request: GET http://metadata.google.internal/computeMetadata/v1/instance/service-accounts/130114571864-compute@developer.gserviceaccount.com/token
2022-03-14 13:27:00,030 DEBUG    urllib3.connectionpool http://metadata.google.internal:80 "GET /computeMetadata/v1/instance/service-accounts/130114571864-compute@developer.gserviceaccount.com/token HTTP/1.1" 200 271
2022-03-14 13:27:00,036 DEBUG    urllib3.connectionpool Starting new HTTPS connection (1): artifactregistry.googleapis.com:443
2022-03-14 13:27:00,083 DEBUG    urllib3.connectionpool https://artifactregistry.googleapis.com:443 "GET /v1beta2/projects/transaction-detective22-1559/locations/us-central1/operations/711a4f11-ac47-42ed-98b8-254e80c1706a?alt=json HTTP/1.1" 200 None
2022-03-14 13:27:02,417 DEBUG    google.auth.transport.requests Making request: GET http://metadata.google.internal/computeMetadata/v1/instance/service-accounts/130114571864-compute@developer.gserviceaccount.com/?recursive=true
2022-03-14 13:27:02,419 DEBUG    urllib3.connectionpool Starting new HTTP connection (1): metadata.google.internal:80
2022-03-14 13:27:02,421 DEBUG    urllib3.connectionpool http://metadata.google.internal:80 "GET /computeMetadata/v1/instance/service-accounts/130114571864-compute@developer.gserviceaccount.com/?recursive=true HTTP/1.1" 200 155
2022-03-14 13:27:02,422 DEBUG    google.auth.transport.requests Making request: GET http://metadata.google.internal/computeMetadata/v1/instance/service-accounts/130114571864-compute@developer.gserviceaccount.com/token
2022-03-14 13:27:02,424 DEBUG    urllib3.connectionpool http://metadata.google.internal:80 "GET /computeMetadata/v1/instance/service-accounts/130114571864-compute@developer.gserviceaccount.com/token HTTP/1.1" 200 271
2022-03-14 13:27:02,438 DEBUG    google.auth.transport.requests Making request: GET http://metadata.google.internal/computeMetadata/v1/instance/service-accounts/130114571864-compute@developer.gserviceaccount.com/?recursive=true
2022-03-14 13:27:02,440 DEBUG    urllib3.connectionpool Starting new HTTP connection (1): metadata.google.internal:80
2022-03-14 13:27:02,441 DEBUG    urllib3.connectionpool http://metadata.google.internal:80 "GET /computeMetadata/v1/instance/service-accounts/130114571864-compute@developer.gserviceaccount.com/?recursive=true HTTP/1.1" 200 155
2022-03-14 13:27:02,442 DEBUG    google.auth.transport.requests Making request: GET http://metadata.google.internal/computeMetadata/v1/instance/service-accounts/130114571864-compute@developer.gserviceaccount.com/token
2022-03-14 13:27:02,445 DEBUG    urllib3.connectionpool http://metadata.google.internal:80 "GET /computeMetadata/v1/instance/service-accounts/130114571864-compute@developer.gserviceaccount.com/token HTTP/1.1" 200 271
2022-03-14 13:27:02,450 DEBUG    urllib3.connectionpool Starting new HTTPS connection (1): artifactregistry.googleapis.com:443
2022-03-14 13:27:02,491 DEBUG    urllib3.connectionpool https://artifactregistry.googleapis.com:443 "GET /v1beta2/projects/transaction-detective22-1559/locations/us-central1/operations/711a4f11-ac47-42ed-98b8-254e80c1706a?alt=json HTTP/1.1" 200 None
2022-03-14 13:27:05,834 DEBUG    google.auth.transport.requests Making request: GET http://metadata.google.internal/computeMetadata/v1/instance/service-accounts/130114571864-compute@developer.gserviceaccount.com/?recursive=true
2022-03-14 13:27:05,836 DEBUG    urllib3.connectionpool Starting new HTTP connection (1): metadata.google.internal:80
2022-03-14 13:27:05,838 DEBUG    urllib3.connectionpool http://metadata.google.internal:80 "GET /computeMetadata/v1/instance/service-accounts/130114571864-compute@developer.gserviceaccount.com/?recursive=true HTTP/1.1" 200 155
2022-03-14 13:27:05,839 DEBUG    google.auth.transport.requests Making request: GET http://metadata.google.internal/computeMetadata/v1/instance/service-accounts/130114571864-compute@developer.gserviceaccount.com/token
2022-03-14 13:27:05,841 DEBUG    urllib3.connectionpool http://metadata.google.internal:80 "GET /computeMetadata/v1/instance/service-accounts/130114571864-compute@developer.gserviceaccount.com/token HTTP/1.1" 200 271
2022-03-14 13:27:05,854 DEBUG    google.auth.transport.requests Making request: GET http://metadata.google.internal/computeMetadata/v1/instance/service-accounts/130114571864-compute@developer.gserviceaccount.com/?recursive=true
2022-03-14 13:27:05,856 DEBUG    urllib3.connectionpool Starting new HTTP connection (1): metadata.google.internal:80
2022-03-14 13:27:05,857 DEBUG    urllib3.connectionpool http://metadata.google.internal:80 "GET /computeMetadata/v1/instance/service-accounts/130114571864-compute@developer.gserviceaccount.com/?recursive=true HTTP/1.1" 200 155
2022-03-14 13:27:05,858 DEBUG    google.auth.transport.requests Making request: GET http://metadata.google.internal/computeMetadata/v1/instance/service-accounts/130114571864-compute@developer.gserviceaccount.com/token
2022-03-14 13:27:05,861 DEBUG    urllib3.connectionpool http://metadata.google.internal:80 "GET /computeMetadata/v1/instance/service-accounts/130114571864-compute@developer.gserviceaccount.com/token HTTP/1.1" 200 271
2022-03-14 13:27:05,866 DEBUG    urllib3.connectionpool Starting new HTTPS connection (1): artifactregistry.googleapis.com:443
2022-03-14 13:27:05,890 DEBUG    urllib3.connectionpool https://artifactregistry.googleapis.com:443 "GET /v1beta2/projects/transaction-detective22-1559/locations/us-central1/operations/711a4f11-ac47-42ed-98b8-254e80c1706a?alt=json HTTP/1.1" 200 None
2022-03-14 13:27:10,144 DEBUG    google.auth.transport.requests Making request: GET http://metadata.google.internal/computeMetadata/v1/instance/service-accounts/130114571864-compute@developer.gserviceaccount.com/?recursive=true
2022-03-14 13:27:10,146 DEBUG    urllib3.connectionpool Starting new HTTP connection (1): metadata.google.internal:80
2022-03-14 13:27:10,149 DEBUG    urllib3.connectionpool http://metadata.google.internal:80 "GET /computeMetadata/v1/instance/service-accounts/130114571864-compute@developer.gserviceaccount.com/?recursive=true HTTP/1.1" 200 155
2022-03-14 13:27:10,149 DEBUG    google.auth.transport.requests Making request: GET http://metadata.google.internal/computeMetadata/v1/instance/service-accounts/130114571864-compute@developer.gserviceaccount.com/token
2022-03-14 13:27:10,153 DEBUG    urllib3.connectionpool http://metadata.google.internal:80 "GET /computeMetadata/v1/instance/service-accounts/130114571864-compute@developer.gserviceaccount.com/token HTTP/1.1" 200 271
2022-03-14 13:27:10,167 DEBUG    google.auth.transport.requests Making request: GET http://metadata.google.internal/computeMetadata/v1/instance/service-accounts/130114571864-compute@developer.gserviceaccount.com/?recursive=true
2022-03-14 13:27:10,169 DEBUG    urllib3.connectionpool Starting new HTTP connection (1): metadata.google.internal:80
2022-03-14 13:27:10,170 DEBUG    urllib3.connectionpool http://metadata.google.internal:80 "GET /computeMetadata/v1/instance/service-accounts/130114571864-compute@developer.gserviceaccount.com/?recursive=true HTTP/1.1" 200 155
2022-03-14 13:27:10,171 DEBUG    google.auth.transport.requests Making request: GET http://metadata.google.internal/computeMetadata/v1/instance/service-accounts/130114571864-compute@developer.gserviceaccount.com/token
2022-03-14 13:27:10,174 DEBUG    urllib3.connectionpool http://metadata.google.internal:80 "GET /computeMetadata/v1/instance/service-accounts/130114571864-compute@developer.gserviceaccount.com/token HTTP/1.1" 200 271
2022-03-14 13:27:10,180 DEBUG    urllib3.connectionpool Starting new HTTPS connection (1): artifactregistry.googleapis.com:443
2022-03-14 13:27:10,225 DEBUG    urllib3.connectionpool https://artifactregistry.googleapis.com:443 "GET /v1beta2/projects/transaction-detective22-1559/locations/us-central1/operations/711a4f11-ac47-42ed-98b8-254e80c1706a?alt=json HTTP/1.1" 200 None
2022-03-14 13:27:10,431 DEBUG    google.auth.transport.requests Making request: GET http://metadata.google.internal/computeMetadata/v1/instance/service-accounts/130114571864-compute@developer.gserviceaccount.com/?recursive=true
2022-03-14 13:27:10,433 DEBUG    urllib3.connectionpool Starting new HTTP connection (1): metadata.google.internal:80
2022-03-14 13:27:10,435 DEBUG    urllib3.connectionpool http://metadata.google.internal:80 "GET /computeMetadata/v1/instance/service-accounts/130114571864-compute@developer.gserviceaccount.com/?recursive=true HTTP/1.1" 200 155
2022-03-14 13:27:10,435 DEBUG    google.auth.transport.requests Making request: GET http://metadata.google.internal/computeMetadata/v1/instance/service-accounts/130114571864-compute@developer.gserviceaccount.com/token
2022-03-14 13:27:10,438 DEBUG    urllib3.connectionpool http://metadata.google.internal:80 "GET /computeMetadata/v1/instance/service-accounts/130114571864-compute@developer.gserviceaccount.com/token HTTP/1.1" 200 271
2022-03-14 13:27:10,445 DEBUG    google.auth.transport.requests Making request: GET http://metadata.google.internal/computeMetadata/v1/instance/service-accounts/130114571864-compute@developer.gserviceaccount.com/?recursive=true
2022-03-14 13:27:10,447 DEBUG    urllib3.connectionpool Starting new HTTP connection (1): metadata.google.internal:80
2022-03-14 13:27:10,448 DEBUG    urllib3.connectionpool http://metadata.google.internal:80 "GET /computeMetadata/v1/instance/service-accounts/130114571864-compute@developer.gserviceaccount.com/?recursive=true HTTP/1.1" 200 155
2022-03-14 13:27:10,449 DEBUG    google.auth.transport.requests Making request: GET http://metadata.google.internal/computeMetadata/v1/instance/service-accounts/130114571864-compute@developer.gserviceaccount.com/token
2022-03-14 13:27:10,452 DEBUG    urllib3.connectionpool http://metadata.google.internal:80 "GET /computeMetadata/v1/instance/service-accounts/130114571864-compute@developer.gserviceaccount.com/token HTTP/1.1" 200 271
2022-03-14 13:27:10,458 DEBUG    urllib3.connectionpool Starting new HTTPS connection (1): artifactregistry.googleapis.com:443
2022-03-14 13:27:10,521 DEBUG    urllib3.connectionpool https://artifactregistry.googleapis.com:443 "GET /v1beta2/projects/transaction-detective22-1559/locations/us-central1/repositories/fraudfinder-7551?alt=json HTTP/1.1" 200 None
2022-03-14 13:27:10,522 INFO     ___FILE_ONLY___ Created repository [fraudfinder-7551].

2022-03-14 13:27:10,523 INFO     root            Display format: "none"
2022-03-14 13:27:10,524 DEBUG    root            SDK update checks are disabled.
