2022-03-14 13:28:11,469 DEBUG    root            Loaded Command Group: ['gcloud', 'auth']
2022-03-14 13:28:11,472 DEBUG    root            Loaded Command Group: ['gcloud', 'auth', 'docker_helper']
2022-03-14 13:28:11,474 DEBUG    root            Running [gcloud.auth.docker-helper] with arguments: [METHOD: "get"]
2022-03-14 13:28:11,482 DEBUG    google.auth.transport.requests Making request: GET http://metadata.google.internal/computeMetadata/v1/instance/service-accounts/130114571864-compute@developer.gserviceaccount.com/?recursive=true
2022-03-14 13:28:11,485 DEBUG    urllib3.connectionpool Starting new HTTP connection (1): metadata.google.internal:80
2022-03-14 13:28:11,486 DEBUG    urllib3.connectionpool http://metadata.google.internal:80 "GET /computeMetadata/v1/instance/service-accounts/130114571864-compute@developer.gserviceaccount.com/?recursive=true HTTP/1.1" 200 155
2022-03-14 13:28:11,487 DEBUG    google.auth.transport.requests Making request: GET http://metadata.google.internal/computeMetadata/v1/instance/service-accounts/130114571864-compute@developer.gserviceaccount.com/token
2022-03-14 13:28:11,489 DEBUG    urllib3.connectionpool http://metadata.google.internal:80 "GET /computeMetadata/v1/instance/service-accounts/130114571864-compute@developer.gserviceaccount.com/token HTTP/1.1" 200 271
2022-03-14 13:28:11,498 DEBUG    google.auth.transport.requests Making request: GET http://metadata.google.internal/computeMetadata/v1/instance/service-accounts/130114571864-compute@developer.gserviceaccount.com/?recursive=true
2022-03-14 13:28:11,500 DEBUG    urllib3.connectionpool Starting new HTTP connection (1): metadata.google.internal:80
2022-03-14 13:28:11,501 DEBUG    urllib3.connectionpool http://metadata.google.internal:80 "GET /computeMetadata/v1/instance/service-accounts/130114571864-compute@developer.gserviceaccount.com/?recursive=true HTTP/1.1" 200 155
2022-03-14 13:28:11,502 DEBUG    google.auth.transport.requests Making request: GET http://metadata.google.internal/computeMetadata/v1/instance/service-accounts/130114571864-compute@developer.gserviceaccount.com/token?scopes=https%3A%2F%2Fwww.googleapis.com%2Fauth%2Fcloud-platform%2Chttps%3A%2F%2Fwww.googleapis.com%2Fauth%2Fuserinfo.email
2022-03-14 13:28:11,505 DEBUG    urllib3.connectionpool http://metadata.google.internal:80 "GET /computeMetadata/v1/instance/service-accounts/130114571864-compute@developer.gserviceaccount.com/token?scopes=https%3A%2F%2Fwww.googleapis.com%2Fauth%2Fcloud-platform%2Chttps%3A%2F%2Fwww.googleapis.com%2Fauth%2Fuserinfo.email HTTP/1.1" 200 271
2022-03-14 13:28:11,507 INFO     root            Display format: "json"
2022-03-14 13:28:11,508 INFO     ___FILE_ONLY___ {
  "Secret": "ya29.c.b0AXv0zTML5_hbldXFmBr9KF6avUiX0HS2zfmCFi8oKhVEvaLG95v_xSpzHCAHOYDj8QkDofrcLo5IfJDfGUr7ldTyDa7lSRWoYZ3VVhC1_U8fQfyFn7rynqi-o2Rqu9yMOoi1XaXov8W4e-BPTBSFXurvgG-EbW6tj3o-rdamBrISvmVkF0ULbTSNWCwNm05uSvjAIiXMeJg............................................................................................................................................................................................................................................................................................................................................................................................................................................................................................................................................................................................................................................................................................................................................................................................................................................",
  "Username": "_dcgcloud_token"
}
2022-03-14 13:28:11,508 INFO     ___FILE_ONLY___ 

2022-03-14 13:28:11,509 DEBUG    root            SDK update checks are disabled.
