2022-03-14 13:28:13,553 DEBUG    root            Loaded Command Group: ['gcloud', 'auth']
2022-03-14 13:28:13,555 DEBUG    root            Loaded Command Group: ['gcloud', 'auth', 'docker_helper']
2022-03-14 13:28:13,558 DEBUG    root            Running [gcloud.auth.docker-helper] with arguments: [METHOD: "get"]
2022-03-14 13:28:13,566 DEBUG    google.auth.transport.requests Making request: GET http://metadata.google.internal/computeMetadata/v1/instance/service-accounts/130114571864-compute@developer.gserviceaccount.com/?recursive=true
2022-03-14 13:28:13,568 DEBUG    urllib3.connectionpool Starting new HTTP connection (1): metadata.google.internal:80
2022-03-14 13:28:13,570 DEBUG    urllib3.connectionpool http://metadata.google.internal:80 "GET /computeMetadata/v1/instance/service-accounts/130114571864-compute@developer.gserviceaccount.com/?recursive=true HTTP/1.1" 200 155
2022-03-14 13:28:13,570 DEBUG    google.auth.transport.requests Making request: GET http://metadata.google.internal/computeMetadata/v1/instance/service-accounts/130114571864-compute@developer.gserviceaccount.com/token
2022-03-14 13:28:13,573 DEBUG    urllib3.connectionpool http://metadata.google.internal:80 "GET /computeMetadata/v1/instance/service-accounts/130114571864-compute@developer.gserviceaccount.com/token HTTP/1.1" 200 271
2022-03-14 13:28:13,576 DEBUG    google.auth.transport.requests Making request: GET http://metadata.google.internal/computeMetadata/v1/instance/service-accounts/130114571864-compute@developer.gserviceaccount.com/?recursive=true
2022-03-14 13:28:13,577 DEBUG    urllib3.connectionpool Starting new HTTP connection (1): metadata.google.internal:80
2022-03-14 13:28:13,579 DEBUG    urllib3.connectionpool http://metadata.google.internal:80 "GET /computeMetadata/v1/instance/service-accounts/130114571864-compute@developer.gserviceaccount.com/?recursive=true HTTP/1.1" 200 155
2022-03-14 13:28:13,579 DEBUG    google.auth.transport.requests Making request: GET http://metadata.google.internal/computeMetadata/v1/instance/service-accounts/130114571864-compute@developer.gserviceaccount.com/token?scopes=https%3A%2F%2Fwww.googleapis.com%2Fauth%2Fcloud-platform%2Chttps%3A%2F%2Fwww.googleapis.com%2Fauth%2Fuserinfo.email
2022-03-14 13:28:13,582 DEBUG    urllib3.connectionpool http://metadata.google.internal:80 "GET /computeMetadata/v1/instance/service-accounts/130114571864-compute@developer.gserviceaccount.com/token?scopes=https%3A%2F%2Fwww.googleapis.com%2Fauth%2Fcloud-platform%2Chttps%3A%2F%2Fwww.googleapis.com%2Fauth%2Fuserinfo.email HTTP/1.1" 200 271
2022-03-14 13:28:13,585 INFO     root            Display format: "json"
2022-03-14 13:28:13,585 INFO     ___FILE_ONLY___ {
  "Secret": "ya29.c.b0AXv0zTML5_hbldXFmBr9KF6avUiX0HS2zfmCFi8oKhVEvaLG95v_xSpzHCAHOYDj8QkDofrcLo5IfJDfGUr7ldTyDa7lSRWoYZ3VVhC1_U8fQfyFn7rynqi-o2Rqu9yMOoi1XaXov8W4e-BPTBSFXurvgG-EbW6tj3o-rdamBrISvmVkF0ULbTSNWCwNm05uSvjAIiXMeJg............................................................................................................................................................................................................................................................................................................................................................................................................................................................................................................................................................................................................................................................................................................................................................................................................................................",
  "Username": "_dcgcloud_token"
}
2022-03-14 13:28:13,585 INFO     ___FILE_ONLY___ 

2022-03-14 13:28:13,586 DEBUG    root            SDK update checks are disabled.
