2022-03-16 13:23:32,607 DEBUG    root            Loaded Command Group: ['gcloud', 'auth']
2022-03-16 13:23:32,610 DEBUG    root            Loaded Command Group: ['gcloud', 'auth', 'configure_docker']
2022-03-16 13:23:32,612 DEBUG    root            Running [gcloud.auth.configure-docker] with arguments: [--quiet: "True"]
2022-03-16 13:23:32,726 WARNING  root            Your config file at [/home/jupyter/.docker/config.json] contains these credential helper entries:

{
  "credHelpers": {
    "gcr.io": "gcloud",
    "us.gcr.io": "gcloud",
    "eu.gcr.io": "gcloud",
    "asia.gcr.io": "gcloud",
    "staging-k8s.gcr.io": "gcloud",
    "marketplace.gcr.io": "gcloud",
    "us-central1-docker.pkg.dev": "gcloud"
  }
}
2022-03-16 13:23:32,726 INFO     ___FILE_ONLY___ Adding credentials for all GCR repositories.

2022-03-16 13:23:32,726 WARNING  root            A long list of credential helpers may cause delays running 'docker build'. We recommend passing the registry name to configure only the registry you are using.
2022-03-16 13:23:32,727 INFO     ___FILE_ONLY___ gcloud credential helpers already registered correctly.

2022-03-16 13:23:32,728 INFO     root            Display format: "default"
2022-03-16 13:23:32,729 DEBUG    root            SDK update checks are disabled.
